#
# A fatal error has been detected by the Java Runtime Environment:
#
#  SIGSEGV (0xb) at pc=0x00007f4006604502, pid=5535, tid=0x00007f4056a98700
#
# JRE version: OpenJDK Runtime Environment (8.0_111-b14) (build 1.8.0_111-8u111-b14-2ubuntu0.16.04.2-b14)
# Java VM: OpenJDK 64-Bit Server VM (25.111-b14 mixed mode linux-amd64 compressed oops)
# Problematic frame:
# C  [i965_dri.so+0x3bb502]
#
# Failed to write core dump. Core dumps have been disabled. To enable core dumping, try "ulimit -c unlimited" before starting Java again
#
# If you would like to submit a bug report, please visit:
#   http://bugreport.java.com/bugreport/crash.jsp
# The crash happened outside the Java Virtual Machine in native code.
# See problematic frame for where to report the bug.
#

---------------  T H R E A D  ---------------

Current thread (0x00007f4024003000):  JavaThread "AWT-EventQueue-1" [_thread_in_native, id=5562, stack(0x00007f4056998000,0x00007f4056a99000)]

siginfo: si_signo: 11 (SIGSEGV), si_code: 1 (SEGV_MAPERR), si_addr: 0x000000000000c510

Registers:
RAX=0x00007f40066044f0, RBX=0x000000000000c000, RCX=0x0000000000000000, RDX=0x0000000000000001
RSP=0x00007f4056a967a0, RBP=0x0000000000000000, RSI=0x00007f401104fc30, RDI=0x0000000100000000
R8 =0x0000000000000000, R9 =0x00007f4055562d50, R10=0x00007f406bf86748, R11=0x00007f40812368c0
R12=0x00007f401104fb40, R13=0x00007f40141830a0, R14=0x00007f4014191b00, R15=0x0000000000000000
RIP=0x00007f4006604502, EFLAGS=0x0000000000010206, CSGSFS=0x0000000000000033, ERR=0x0000000000000004
  TRAPNO=0x000000000000000e

Top of Stack: (sp=0x00007f4056a967a0)
0x00007f4056a967a0:   0000000000000000 0000000000000000
0x00007f4056a967b0:   0000000000000000 00007f401104fb40
0x00007f4056a967c0:   00007f40141830a0 00007f4055562df8
0x00007f4056a967d0:   00007f4056a96800 00007f4014192cf0
0x00007f4056a967e0:   00007f4000000000 0000000000000000
0x00007f4056a967f0:   000000000460004f 00007f4055537b31
0x00007f4056a96800:   00007f401104fb40 7544cc63bacc2c00
0x00007f4056a96810:   000000000460004f 00007f40557db350
0x00007f4056a96820:   00007f4056a96890 0000000000000000
0x00007f4056a96830:   00007f40557db350 00007f4056a96958
0x00007f4056a96840:   00007f4024003000 00007f4007bd7849
0x00007f4056a96850:   00007f4056a96868 00007f4055537b60
0x00007f4056a96860:   000000000460004f 00007f40141814b0
0x00007f4056a96870:   00007f4056a96920 00007f40240031e0
0x00007f4056a96880:   00007f4056a96880 00007f4055537b60
0x00007f4056a96890:   00007f4056a96910 00007f406bf86774
0x00007f4056a968a0:   0000000000000000 00007f40558d0cc0
0x00007f4056a968b0:   0000000000000000 00007f4056a968d0
0x00007f4056a968c0:   00007f4056a96920 00007f406bf76b10
0x00007f4056a968d0:   00007f4056a968d0 0000000000000000
0x00007f4056a968e0:   00007f4056a96958 00007f40557dc9f0
0x00007f4056a968f0:   0000000000000000 00007f40557db350
0x00007f4056a96900:   0000000000000000 00007f4056a96930
0x00007f4056a96910:   00007f4056a969a0 00007f406bf76ffd
0x00007f4056a96920:   00000000e49ebe50 00007f406bf80278
0x00007f4056a96930:   00007f4055537b60 00007f40568e3e88
0x00007f4056a96940:   000000000460004f 00007f40557e0ce8
0x00007f4056a96950:   00007f40141814b0 00000000e49ec188
0x00007f4056a96960:   00007f4056a96960 00007f40557db2a1
0x00007f4056a96970:   00007f4056a969d8 00007f40557dc9f0
0x00007f4056a96980:   0000000000000000 00007f40557db2b0
0x00007f4056a96990:   00007f4056a96930 00007f4056a969c0 

Instructions: (pc=0x00007f4006604502)
0x00007f40066044e2:   41 5c c3 90 66 2e 0f 1f 84 00 00 00 00 00 41 55
0x00007f40066044f2:   41 54 55 53 48 83 ec 08 48 8b 1f 48 85 db 74 5e
0x00007f4006604502:   f6 83 10 05 00 00 01 89 cd 41 89 d5 49 89 f4 75
0x00007f4006604512:   7d 41 83 e5 01 75 67 85 ed 74 53 83 fd 02 75 07 

Register to memory mapping:

RAX=0x00007f40066044f0: <offset 0x3bb4f0> in /usr/lib/x86_64-linux-gnu/dri/i965_dri.so at 0x00007f4006249000
RBX=0x000000000000c000 is an unknown value
RCX=0x0000000000000000 is an unknown value
RDX=0x0000000000000001 is an unknown value
RSP=0x00007f4056a967a0 is pointing into the stack for thread: 0x00007f4024003000
RBP=0x0000000000000000 is an unknown value
RSI=0x00007f401104fc30 is an unknown value
RDI=0x0000000100000000 is pointing into metadata
R8 =0x0000000000000000 is an unknown value
R9 =0x00007f4055562d50: <offset 0x45d50> in /usr/lib/x86_64-linux-gnu/mesa/libGL.so.1 at 0x00007f405551d000
R10=0x00007f406bf86748 is at code_begin+808 in an Interpreter codelet
method entry point (kind = native)  [0x00007f406bf86420, 0x00007f406bf86d20]  2304 bytes
R11=0x00007f40812368c0: <offset 0x9598c0> in /usr/lib/jvm/java-8-openjdk-amd64/jre/lib/amd64/server/libjvm.so at 0x00007f40808dd000
R12=0x00007f401104fb40 is an unknown value
R13=0x00007f40141830a0 is an unknown value
R14=0x00007f4014191b00 is an unknown value
R15=0x0000000000000000 is an unknown value


Stack: [0x00007f4056998000,0x00007f4056a99000],  sp=0x00007f4056a967a0,  free space=1017k
Native frames: (J=compiled Java code, j=interpreted, Vv=VM code, C=native code)
C  [i965_dri.so+0x3bb502]

Java frames: (J=compiled Java code, j=interpreted, Vv=VM code)
j  jogamp.opengl.x11.glx.GLX.dispatch_glXSwapBuffers0(JJJ)V+0
j  jogamp.opengl.x11.glx.GLX.glXSwapBuffers(JJ)V+41
j  jogamp.opengl.x11.glx.X11GLXDrawable.swapBuffersImpl(Z)V+17
j  jogamp.opengl.GLDrawableImpl.swapBuffers()V+67
j  javax.media.opengl.awt.GLCanvas$12.run()V+45
j  java.awt.event.InvocationEvent.dispatch()V+11
j  java.awt.EventQueue.dispatchEventImpl(Ljava/awt/AWTEvent;Ljava/lang/Object;)V+21
J 1999 C1 java.awt.EventQueue$3.run()Ljava/lang/Void; (60 bytes) @ 0x00007f406c6e0484 [0x00007f406c6e0280+0x204]
j  java.awt.EventQueue$3.run()Ljava/lang/Object;+1
v  ~StubRoutines::call_stub
J 629  java.security.AccessController.doPrivileged(Ljava/security/PrivilegedAction;Ljava/security/AccessControlContext;)Ljava/lang/Object; (0 bytes) @ 0x00007f406c22ce63 [0x00007f406c22ce00+0x63]
J 1998 C1 java.awt.EventQueue.dispatchEvent(Ljava/awt/AWTEvent;)V (80 bytes) @ 0x00007f406c6d9304 [0x00007f406c6d8980+0x984]
j  java.awt.EventDispatchThread.pumpOneEventForFilters(I)V+245
j  java.awt.EventDispatchThread.pumpEventsForFilter(ILjava/awt/Conditional;Ljava/awt/EventFilter;)V+35
j  java.awt.EventDispatchThread.pumpEventsForHierarchy(ILjava/awt/Conditional;Ljava/awt/Component;)V+11
j  java.awt.EventDispatchThread.pumpEvents(ILjava/awt/Conditional;)V+4
j  java.awt.EventDispatchThread.pumpEvents(Ljava/awt/Conditional;)V+3
j  java.awt.EventDispatchThread.run()V+9
v  ~StubRoutines::call_stub

---------------  P R O C E S S  ---------------

Java Threads: ( => current thread )
  0x00007f4011c3c000 JavaThread "Thread-19" [_thread_blocked, id=5588, stack(0x00007f4004acf000,0x00007f4004bd0000)]
  0x00007f4040001000 JavaThread "Keep-Alive-Timer" daemon [_thread_blocked, id=5587, stack(0x00007f4004bd0000,0x00007f4004cd1000)]
  0x00007f40141c7800 JavaThread "Animation Thread-SharedResourceRunner" daemon [_thread_blocked, id=5570, stack(0x00007f405665e000,0x00007f405675f000)]
  0x00007f4014079800 JavaThread "process reaper" daemon [_thread_blocked, id=5566, stack(0x00007f405675f000,0x00007f4056798000)]
=>0x00007f4024003000 JavaThread "AWT-EventQueue-1" [_thread_in_native, id=5562, stack(0x00007f4056998000,0x00007f4056a99000)]
  0x00007f407c00b000 JavaThread "DestroyJavaVM" [_thread_blocked, id=5538, stack(0x00007f408252f000,0x00007f4082630000)]
  0x00007f407c371000 JavaThread "AWT-EventQueue-0" [_thread_blocked, id=5559, stack(0x00007f40574c6000,0x00007f40575c7000)]
  0x00007f407c36c800 JavaThread "AWT-Shutdown" [_thread_blocked, id=5558, stack(0x00007f40575c7000,0x00007f40576c8000)]
  0x00007f407c35a000 JavaThread "thread applet-airport.AirportMap.class" [_thread_blocked, id=5557, stack(0x00007f40576c8000,0x00007f40577c9000)]
  0x00007f407c34d000 JavaThread "AWT-XAWT" daemon [_thread_blocked, id=5555, stack(0x00007f40577c9000,0x00007f40578ca000)]
  0x00007f407c329000 JavaThread "Java2D Disposer" daemon [_thread_blocked, id=5554, stack(0x00007f4057cda000,0x00007f4057ddb000)]
  0x00007f407c0db800 JavaThread "Service Thread" daemon [_thread_blocked, id=5552, stack(0x00007f4065d66000,0x00007f4065e67000)]
  0x00007f407c0b4000 JavaThread "C1 CompilerThread2" daemon [_thread_blocked, id=5551, stack(0x00007f4065e67000,0x00007f4065f68000)]
  0x00007f407c0b2000 JavaThread "C2 CompilerThread1" daemon [_thread_blocked, id=5550, stack(0x00007f4065f68000,0x00007f4066069000)]
  0x00007f407c0af000 JavaThread "C2 CompilerThread0" daemon [_thread_blocked, id=5549, stack(0x00007f4066069000,0x00007f406616a000)]
  0x00007f407c0ad000 JavaThread "Signal Dispatcher" daemon [_thread_blocked, id=5548, stack(0x00007f406616a000,0x00007f406626b000)]
  0x00007f407c085000 JavaThread "Finalizer" daemon [_thread_blocked, id=5547, stack(0x00007f4066544000,0x00007f4066645000)]
  0x00007f407c080000 JavaThread "Reference Handler" daemon [_thread_blocked, id=5546, stack(0x00007f4066645000,0x00007f4066746000)]

Other Threads:
  0x00007f407c078800 VMThread [stack: 0x00007f4066746000,0x00007f4066847000] [id=5545]
  0x00007f407c0de000 WatcherThread [stack: 0x00007f4065c65000,0x00007f4065d66000] [id=5553]

VM state:not at safepoint (normal execution)

VM Mutex/Monitor currently owned by a thread: None

Heap:
 PSYoungGen      total 51712K, used 37533K [0x00000000e1800000, 0x00000000e9200000, 0x0000000100000000)
  eden space 48128K, 70% used [0x00000000e1800000,0x00000000e3927c10,0x00000000e4700000)
  from space 3584K, 99% used [0x00000000e4700000,0x00000000e4a7f920,0x00000000e4a80000)
  to   space 14336K, 0% used [0x00000000e8400000,0x00000000e8400000,0x00000000e9200000)
 ParOldGen       total 62976K, used 23987K [0x00000000a4800000, 0x00000000a8580000, 0x00000000e1800000)
  object space 62976K, 38% used [0x00000000a4800000,0x00000000a5f6cc50,0x00000000a8580000)
 Metaspace       used 20630K, capacity 20833K, committed 21120K, reserved 1069056K
  class space    used 2031K, capacity 2094K, committed 2176K, reserved 1048576K

Card table byte_map: [0x00007f406b8d2000,0x00007f406bbaf000] byte_map_base: 0x00007f406b3ae000

Marking Bits: (ParMarkBitMap*) 0x00007f40817fa220
 Begin Bits: [0x00007f4068526000, 0x00007f4069c06000)
 End Bits:   [0x00007f4069c06000, 0x00007f406b2e6000)

Polling page: 0x00007f408264c000

CodeCache: size=245760Kb used=7603Kb max_used=7608Kb free=238156Kb
 bounds [0x00007f406bf6f000, 0x00007f406c6ef000, 0x00007f407af6f000]
 total_blobs=2962 nmethods=1999 adapters=878
 compilation: enabled

Compilation events (10 events):
Event: 8.833 Thread 0x00007f407c0b4000 nmethod 1999 0x00007f406c6e00d0 code [0x00007f406c6e0280, 0x00007f406c6e0738]
Event: 8.833 Thread 0x00007f407c0b2000 2003       4       processing.opengl.PShader::loadUniforms (299 bytes)
Event: 8.833 Thread 0x00007f407c0b2000 nmethod 2003 0x00007f406c69fb10 code [0x00007f406c69fc60, 0x00007f406c69fcd8]
Event: 8.888 Thread 0x00007f407c0b4000 2004       1       sun.java2d.SurfaceData::isValid (5 bytes)
Event: 8.888 Thread 0x00007f407c0b4000 nmethod 2004 0x00007f406c6ca090 code [0x00007f406c6ca1e0, 0x00007f406c6ca2f0]
Event: 8.888 Thread 0x00007f407c0b4000 2005       3       sun.awt.AWTAccessor::getAWTEventAccessor (18 bytes)
Event: 8.888 Thread 0x00007f407c0b4000 nmethod 2005 0x00007f406c6e3190 code [0x00007f406c6e3300, 0x00007f406c6e3548]
Event: 8.888 Thread 0x00007f407c0b4000 2006       3       sun.awt.SunToolkit::setSystemGenerated (10 bytes)
Event: 8.888 Thread 0x00007f407c0b4000 nmethod 2006 0x00007f406c6e2a90 code [0x00007f406c6e2c20, 0x00007f406c6e2fe8]
Event: 8.888 Thread 0x00007f407c0b4000 2007       3       java.awt.AWTEvent$1::setSystemGenerated (7 bytes)

GC Heap History (10 events):
Event: 1.038 GC heap before
{Heap before GC invocations=1 (full 0):
 PSYoungGen      total 27648K, used 24041K [0x00000000e1800000, 0x00000000e3680000, 0x0000000100000000)
  eden space 24064K, 99% used [0x00000000e1800000,0x00000000e2f7a540,0x00000000e2f80000)
  from space 3584K, 0% used [0x00000000e3300000,0x00000000e3300000,0x00000000e3680000)
  to   space 3584K, 0% used [0x00000000e2f80000,0x00000000e2f80000,0x00000000e3300000)
 ParOldGen       total 62976K, used 0K [0x00000000a4800000, 0x00000000a8580000, 0x00000000e1800000)
  object space 62976K, 0% used [0x00000000a4800000,0x00000000a4800000,0x00000000a8580000)
 Metaspace       used 13210K, capacity 13460K, committed 13824K, reserved 1060864K
  class space    used 1407K, capacity 1477K, committed 1536K, reserved 1048576K
Event: 1.043 GC heap after
Heap after GC invocations=1 (full 0):
 PSYoungGen      total 27648K, used 3575K [0x00000000e1800000, 0x00000000e3680000, 0x0000000100000000)
  eden space 24064K, 0% used [0x00000000e1800000,0x00000000e1800000,0x00000000e2f80000)
  from space 3584K, 99% used [0x00000000e2f80000,0x00000000e32fdd58,0x00000000e3300000)
  to   space 3584K, 0% used [0x00000000e3300000,0x00000000e3300000,0x00000000e3680000)
 ParOldGen       total 62976K, used 498K [0x00000000a4800000, 0x00000000a8580000, 0x00000000e1800000)
  object space 62976K, 0% used [0x00000000a4800000,0x00000000a487c9c8,0x00000000a8580000)
 Metaspace       used 13210K, capacity 13460K, committed 13824K, reserved 1060864K
  class space    used 1407K, capacity 1477K, committed 1536K, reserved 1048576K
}
Event: 1.907 GC heap before
{Heap before GC invocations=2 (full 0):
 PSYoungGen      total 27648K, used 27639K [0x00000000e1800000, 0x00000000e3680000, 0x0000000100000000)
  eden space 24064K, 100% used [0x00000000e1800000,0x00000000e2f80000,0x00000000e2f80000)
  from space 3584K, 99% used [0x00000000e2f80000,0x00000000e32fdd58,0x00000000e3300000)
  to   space 3584K, 0% used [0x00000000e3300000,0x00000000e3300000,0x00000000e3680000)
 ParOldGen       total 62976K, used 498K [0x00000000a4800000, 0x00000000a8580000, 0x00000000e1800000)
  object space 62976K, 0% used [0x00000000a4800000,0x00000000a487c9c8,0x00000000a8580000)
 Metaspace       used 17806K, capacity 18023K, committed 18176K, reserved 1064960K
  class space    used 1700K, capacity 1759K, committed 1792K, reserved 1048576K
Event: 1.929 GC heap after
Heap after GC invocations=2 (full 0):
 PSYoungGen      total 27648K, used 3555K [0x00000000e1800000, 0x00000000e4e00000, 0x0000000100000000)
  eden space 24064K, 0% used [0x00000000e1800000,0x00000000e1800000,0x00000000e2f80000)
  from space 3584K, 99% used [0x00000000e3300000,0x00000000e3678e70,0x00000000e3680000)
  to   space 3584K, 0% used [0x00000000e2f80000,0x00000000e2f80000,0x00000000e3300000)
 ParOldGen       total 62976K, used 5478K [0x00000000a4800000, 0x00000000a8580000, 0x00000000e1800000)
  object space 62976K, 8% used [0x00000000a4800000,0x00000000a4d59a60,0x00000000a8580000)
 Metaspace       used 17806K, capacity 18023K, committed 18176K, reserved 1064960K
  class space    used 1700K, capacity 1759K, committed 1792K, reserved 1048576K
}
Event: 2.140 GC heap before
{Heap before GC invocations=3 (full 0):
 PSYoungGen      total 27648K, used 27619K [0x00000000e1800000, 0x00000000e4e00000, 0x0000000100000000)
  eden space 24064K, 100% used [0x00000000e1800000,0x00000000e2f80000,0x00000000e2f80000)
  from space 3584K, 99% used [0x00000000e3300000,0x00000000e3678e70,0x00000000e3680000)
  to   space 3584K, 0% used [0x00000000e2f80000,0x00000000e2f80000,0x00000000e3300000)
 ParOldGen       total 62976K, used 5478K [0x00000000a4800000, 0x00000000a8580000, 0x00000000e1800000)
  object space 62976K, 8% used [0x00000000a4800000,0x00000000a4d59a60,0x00000000a8580000)
 Metaspace       used 17806K, capacity 18023K, committed 18176K, reserved 1064960K
  class space    used 1700K, capacity 1759K, committed 1792K, reserved 1048576K
Event: 2.158 GC heap after
Heap after GC invocations=3 (full 0):
 PSYoungGen      total 27648K, used 3569K [0x00000000e1800000, 0x00000000e4e00000, 0x0000000100000000)
  eden space 24064K, 0% used [0x00000000e1800000,0x00000000e1800000,0x00000000e2f80000)
  from space 3584K, 99% used [0x00000000e2f80000,0x00000000e32fc740,0x00000000e3300000)
  to   space 3584K, 0% used [0x00000000e4a80000,0x00000000e4a80000,0x00000000e4e00000)
 ParOldGen       total 62976K, used 10059K [0x00000000a4800000, 0x00000000a8580000, 0x00000000e1800000)
  object space 62976K, 15% used [0x00000000a4800000,0x00000000a51d2cd8,0x00000000a8580000)
 Metaspace       used 17806K, capacity 18023K, committed 18176K, reserved 1064960K
  class space    used 1700K, capacity 1759K, committed 1792K, reserved 1048576K
}
Event: 2.736 GC heap before
{Heap before GC invocations=4 (full 0):
 PSYoungGen      total 27648K, used 27633K [0x00000000e1800000, 0x00000000e4e00000, 0x0000000100000000)
  eden space 24064K, 100% used [0x00000000e1800000,0x00000000e2f80000,0x00000000e2f80000)
  from space 3584K, 99% used [0x00000000e2f80000,0x00000000e32fc740,0x00000000e3300000)
  to   space 3584K, 0% used [0x00000000e4a80000,0x00000000e4a80000,0x00000000e4e00000)
 ParOldGen       total 62976K, used 10059K [0x00000000a4800000, 0x00000000a8580000, 0x00000000e1800000)
  object space 62976K, 15% used [0x00000000a4800000,0x00000000a51d2cd8,0x00000000a8580000)
 Metaspace       used 20178K, capacity 20419K, committed 20864K, reserved 1069056K
  class space    used 2011K, capacity 2089K, committed 2176K, reserved 1048576K
Event: 2.751 GC heap after
Heap after GC invocations=4 (full 0):
 PSYoungGen      total 51712K, used 3566K [0x00000000e1800000, 0x00000000e4e00000, 0x0000000100000000)
  eden space 48128K, 0% used [0x00000000e1800000,0x00000000e1800000,0x00000000e4700000)
  from space 3584K, 99% used [0x00000000e4a80000,0x00000000e4dfb920,0x00000000e4e00000)
  to   space 3584K, 0% used [0x00000000e4700000,0x00000000e4700000,0x00000000e4a80000)
 ParOldGen       total 62976K, used 20322K [0x00000000a4800000, 0x00000000a8580000, 0x00000000e1800000)
  object space 62976K, 32% used [0x00000000a4800000,0x00000000a5bd8880,0x00000000a8580000)
 Metaspace       used 20178K, capacity 20419K, committed 20864K, reserved 1069056K
  class space    used 2011K, capacity 2089K, committed 2176K, reserved 1048576K
}
Event: 5.991 GC heap before
{Heap before GC invocations=5 (full 0):
 PSYoungGen      total 51712K, used 51694K [0x00000000e1800000, 0x00000000e4e00000, 0x0000000100000000)
  eden space 48128K, 100% used [0x00000000e1800000,0x00000000e4700000,0x00000000e4700000)
  from space 3584K, 99% used [0x00000000e4a80000,0x00000000e4dfb920,0x00000000e4e00000)
  to   space 3584K, 0% used [0x00000000e4700000,0x00000000e4700000,0x00000000e4a80000)
 ParOldGen       total 62976K, used 20322K [0x00000000a4800000, 0x00000000a8580000, 0x00000000e1800000)
  object space 62976K, 32% used [0x00000000a4800000,0x00000000a5bd8880,0x00000000a8580000)
 Metaspace       used 20505K, capacity 20763K, committed 21120K, reserved 1069056K
  class space    used 2025K, capacity 2093K, committed 2176K, reserved 1048576K
Event: 5.999 GC heap after
Heap after GC invocations=5 (full 0):
 PSYoungGen      total 51712K, used 3582K [0x00000000e1800000, 0x00000000e9200000, 0x0000000100000000)
  eden space 48128K, 0% used [0x00000000e1800000,0x00000000e1800000,0x00000000e4700000)
  from space 3584K, 99% used [0x00000000e4700000,0x00000000e4a7f920,0x00000000e4a80000)
  to   space 14336K, 0% used [0x00000000e8400000,0x00000000e8400000,0x00000000e9200000)
 ParOldGen       total 62976K, used 23987K [0x00000000a4800000, 0x00000000a8580000, 0x00000000e1800000)
  object space 62976K, 38% used [0x00000000a4800000,0x00000000a5f6cc50,0x00000000a8580000)
 Metaspace       used 20505K, capacity 20763K, committed 21120K, reserved 1069056K
  class space    used 2025K, capacity 2093K, committed 2176K, reserved 1048576K
}

Deoptimization events (10 events):
Event: 2.372 Thread 0x00007f4011e6f800 Uncommon trap: reason=class_check action=maybe_recompile pc=0x00007f406c3d0344 method=java.util.regex.Pattern$Start.<init>(Ljava/util/regex/Pattern$Node;)V @ 22
Event: 2.372 Thread 0x00007f4011e6f800 Uncommon trap: reason=class_check action=maybe_recompile pc=0x00007f406c43137c method=java.util.regex.Pattern$Start.match(Ljava/util/regex/Matcher;ILjava/lang/CharSequence;)Z @ 44
Event: 2.438 Thread 0x00007f4024003000 Uncommon trap: reason=unstable_if action=reinterpret pc=0x00007f406c449e44 method=java.util.regex.Pattern.atom()Ljava/util/regex/Pattern$Node; @ 354
Event: 2.438 Thread 0x00007f4024003000 Uncommon trap: reason=unstable_if action=reinterpret pc=0x00007f406c3d0484 method=java.util.regex.Pattern.compile()V @ 249
Event: 2.438 Thread 0x00007f4024003000 Uncommon trap: reason=class_check action=maybe_recompile pc=0x00007f406c3e9868 method=java.util.regex.Matcher.search(I)Z @ 86
Event: 2.438 Thread 0x00007f4024003000 Uncommon trap: reason=class_check action=maybe_recompile pc=0x00007f406c3e9868 method=java.util.regex.Matcher.search(I)Z @ 86
Event: 2.438 Thread 0x00007f4024003000 Uncommon trap: reason=class_check action=maybe_recompile pc=0x00007f406c3e9868 method=java.util.regex.Matcher.search(I)Z @ 86
Event: 2.438 Thread 0x00007f4024003000 Uncommon trap: reason=class_check action=maybe_recompile pc=0x00007f406c3e9868 method=java.util.regex.Matcher.search(I)Z @ 86
Event: 2.982 Thread 0x00007f4024003000 Uncommon trap: reason=unstable_if action=reinterpret pc=0x00007f406c512e3c method=processing.opengl.PGraphicsOpenGL$InGeometry.addVertex(FFFIFFFFFIFIIIFIZ)I @ 218
Event: 2.982 Thread 0x00007f4024003000 Uncommon trap: reason=unstable_if action=reinterpret pc=0x00007f406c52d0f4 method=processing.opengl.PGraphicsOpenGL.tessellate(I)V @ 274

Internal exceptions (10 events):
Event: 3.786 Thread 0x00007f4011e70800 Exception <a 'java/security/PrivilegedActionException'> (0x00000000e2121df0) thrown at [/build/openjdk-8-8jAw7G/openjdk-8-8u111-b14/src/hotspot/src/share/vm/prims/jvm.cpp, line 1386]
Event: 3.959 Thread 0x00007f4011e72000 Exception <a 'java/security/PrivilegedActionException'> (0x00000000e2001148) thrown at [/build/openjdk-8-8jAw7G/openjdk-8-8u111-b14/src/hotspot/src/share/vm/prims/jvm.cpp, line 1386]
Event: 4.146 Thread 0x00007f4011e74000 Exception <a 'java/security/PrivilegedActionException'> (0x00000000e277b6e0) thrown at [/build/openjdk-8-8jAw7G/openjdk-8-8u111-b14/src/hotspot/src/share/vm/prims/jvm.cpp, line 1386]
Event: 4.287 Thread 0x00007f40114be000 Exception <a 'java/security/PrivilegedActionException'> (0x00000000e28e2738) thrown at [/build/openjdk-8-8jAw7G/openjdk-8-8u111-b14/src/hotspot/src/share/vm/prims/jvm.cpp, line 1386]
Event: 4.468 Thread 0x00007f4011e72000 Exception <a 'java/security/PrivilegedActionException'> (0x00000000e2cde320) thrown at [/build/openjdk-8-8jAw7G/openjdk-8-8u111-b14/src/hotspot/src/share/vm/prims/jvm.cpp, line 1386]
Event: 4.487 Thread 0x00007f4011e70800 Exception <a 'java/security/PrivilegedActionException'> (0x00000000e2a897a0) thrown at [/build/openjdk-8-8jAw7G/openjdk-8-8u111-b14/src/hotspot/src/share/vm/prims/jvm.cpp, line 1386]
Event: 4.831 Thread 0x00007f4011e74000 Exception <a 'java/security/PrivilegedActionException'> (0x00000000e2f72f38) thrown at [/build/openjdk-8-8jAw7G/openjdk-8-8u111-b14/src/hotspot/src/share/vm/prims/jvm.cpp, line 1386]
Event: 5.096 Thread 0x00007f40114be000 Exception <a 'java/security/PrivilegedActionException'> (0x00000000e3207ae0) thrown at [/build/openjdk-8-8jAw7G/openjdk-8-8u111-b14/src/hotspot/src/share/vm/prims/jvm.cpp, line 1386]
Event: 5.142 Thread 0x00007f4011e72000 Exception <a 'java/security/PrivilegedActionException'> (0x00000000e33e5910) thrown at [/build/openjdk-8-8jAw7G/openjdk-8-8u111-b14/src/hotspot/src/share/vm/prims/jvm.cpp, line 1386]
Event: 5.164 Thread 0x00007f4011e70800 Exception <a 'java/security/PrivilegedActionException'> (0x00000000e354c968) thrown at [/build/openjdk-8-8jAw7G/openjdk-8-8u111-b14/src/hotspot/src/share/vm/prims/jvm.cpp, line 1386]

Events (10 events):
Event: 8.771 loading class sun/applet/AppletViewer$3
Event: 8.771 loading class sun/applet/AppletViewer$3 done
Event: 8.772 Thread 0x00007f4011c3c000 Thread added: 0x00007f4011c3c000
Event: 8.772 loading class sun/applet/AppletPanel$4
Event: 8.772 loading class sun/applet/AppletPanel$4 done
Event: 8.830 loading class java/awt/KeyboardFocusManager$2
Event: 8.830 loading class java/awt/KeyboardFocusManager$2 done
Event: 8.830 loading class sun/awt/SunToolkit$1
Event: 8.830 loading class sun/awt/SunToolkit$1 done
Event: 8.887 Thread 0x00007f402400a800 Thread exited: 0x00007f402400a800


Dynamic libraries:
00400000-00401000 r-xp 00000000 08:07 1970218                            /usr/lib/jvm/java-8-openjdk-amd64/jre/bin/java
00600000-00601000 r--p 00000000 08:07 1970218                            /usr/lib/jvm/java-8-openjdk-amd64/jre/bin/java
00601000-00602000 rw-p 00001000 08:07 1970218                            /usr/lib/jvm/java-8-openjdk-amd64/jre/bin/java
0249b000-024bc000 rw-p 00000000 00:00 0                                  [heap]
a4800000-a8580000 rw-p 00000000 00:00 0 
a8580000-e1800000 ---p 00000000 00:00 0 
e1800000-e9200000 rw-p 00000000 00:00 0 
e9200000-100000000 ---p 00000000 00:00 0 
100000000-100220000 rw-p 00000000 00:00 0 
100220000-140000000 ---p 00000000 00:00 0 
7f3ff0000000-7f3ff0021000 rw-p 00000000 00:00 0 
7f3ff0021000-7f3ff4000000 ---p 00000000 00:00 0 
7f3ff78c0000-7f3ff7930000 rw-s 00000000 00:05 79620                      /drm mm object (deleted)
7f3ff7930000-7f3ff79a0000 rw-s 00000000 00:05 79619                      /drm mm object (deleted)
7f3ff79a0000-7f3ff7a10000 rw-s 00000000 00:05 79618                      /drm mm object (deleted)
7f3ff7a10000-7f3ff7a80000 rw-s 00000000 00:05 79617                      /drm mm object (deleted)
7f3ff7a80000-7f3ff7af0000 rw-s 00000000 00:05 79610                      /drm mm object (deleted)
7f3ff7af0000-7f3ff7b60000 rw-s 00000000 00:05 79609                      /drm mm object (deleted)
7f3ff7b60000-7f3ff7bd0000 rw-s 00000000 00:05 79608                      /drm mm object (deleted)
7f3ff7bd0000-7f3ff7c40000 rw-s 00000000 00:05 79604                      /drm mm object (deleted)
7f3ff7c40000-7f3ff7cb0000 rw-s 00000000 00:05 79603                      /drm mm object (deleted)
7f3ff7cb0000-7f3ff7d20000 rw-s 00000000 00:05 79590                      /drm mm object (deleted)
7f3ff7d20000-7f3ff7d90000 rw-s 00000000 00:05 79589                      /drm mm object (deleted)
7f3ff7d90000-7f3ff7e00000 rw-s 00000000 00:05 81064                      /drm mm object (deleted)
7f3ff7e00000-7f3ff7e80000 rw-p 00000000 00:00 0 
7f3ff7e80000-7f3ff8000000 ---p 00000000 00:00 0 
7f3ff8000000-7f3ff8021000 rw-p 00000000 00:00 0 
7f3ff8021000-7f3ffc000000 ---p 00000000 00:00 0 
7f3ffc000000-7f3ffc021000 rw-p 00000000 00:00 0 
7f3ffc021000-7f4000000000 ---p 00000000 00:00 0 
7f4000000000-7f4000032000 rw-p 00000000 00:00 0 
7f4000032000-7f4004000000 ---p 00000000 00:00 0 
7f4004029000-7f4004099000 rw-s 00000000 00:05 80268                      /drm mm object (deleted)
7f4004099000-7f4004109000 rw-s 00000000 00:05 80261                      /drm mm object (deleted)
7f4004109000-7f4004179000 rw-s 00000000 00:05 80260                      /drm mm object (deleted)
7f4004179000-7f40041e9000 rw-s 00000000 00:05 79579                      /drm mm object (deleted)
7f40041e9000-7f4004200000 r-xp 00000000 08:07 4456540                    /lib/x86_64-linux-gnu/libresolv-2.23.so
7f4004200000-7f4004400000 ---p 00017000 08:07 4456540                    /lib/x86_64-linux-gnu/libresolv-2.23.so
7f4004400000-7f4004401000 r--p 00017000 08:07 4456540                    /lib/x86_64-linux-gnu/libresolv-2.23.so
7f4004401000-7f4004402000 rw-p 00018000 08:07 4456540                    /lib/x86_64-linux-gnu/libresolv-2.23.so
7f4004402000-7f4004404000 rw-p 00000000 00:00 0 
7f4004404000-7f4004409000 r-xp 00000000 08:07 4461092                    /lib/x86_64-linux-gnu/libnss_dns-2.23.so
7f4004409000-7f4004609000 ---p 00005000 08:07 4461092                    /lib/x86_64-linux-gnu/libnss_dns-2.23.so
7f4004609000-7f400460a000 r--p 00005000 08:07 4461092                    /lib/x86_64-linux-gnu/libnss_dns-2.23.so
7f400460a000-7f400460b000 rw-p 00006000 08:07 4461092                    /lib/x86_64-linux-gnu/libnss_dns-2.23.so
7f400460b000-7f400460d000 r-xp 00000000 08:07 4461319                    /lib/x86_64-linux-gnu/libnss_mdns4_minimal.so.2
7f400460d000-7f400480c000 ---p 00002000 08:07 4461319                    /lib/x86_64-linux-gnu/libnss_mdns4_minimal.so.2
7f400480c000-7f400480d000 r--p 00001000 08:07 4461319                    /lib/x86_64-linux-gnu/libnss_mdns4_minimal.so.2
7f400480d000-7f400480e000 rw-p 00002000 08:07 4461319                    /lib/x86_64-linux-gnu/libnss_mdns4_minimal.so.2
7f400480e000-7f40049ce000 rw-s 00000000 00:05 82222                      /drm mm object (deleted)
7f40049ce000-7f40049d1000 ---p 00000000 00:00 0 
7f40049d1000-7f4004acf000 rw-p 00000000 00:00 0 
7f4004acf000-7f4004ad2000 ---p 00000000 00:00 0 
7f4004ad2000-7f4004bd0000 rw-p 00000000 00:00 0 
7f4004bd0000-7f4004bd3000 ---p 00000000 00:00 0 
7f4004bd3000-7f4004cd1000 rw-p 00000000 00:00 0 
7f4004cd1000-7f4004cd4000 ---p 00000000 00:00 0 
7f4004cd4000-7f4004dd2000 rw-p 00000000 00:00 0 
7f4004dd2000-7f4004f92000 rw-s 00000000 00:05 82214                      /drm mm object (deleted)
7f4004f92000-7f4005192000 rw-p 00000000 00:00 0 
7f4005192000-7f4005232000 rw-s 101529000 00:06 231                       /dev/dri/card0
7f4005232000-7f40054b2000 rw-s 00000000 00:05 79387                      /drm mm object (deleted)
7f40054b2000-7f4005732000 rw-s 00000000 00:05 79386                      /drm mm object (deleted)
7f4005732000-7f40057d2000 rw-s 101489000 00:06 231                       /dev/dri/card0
7f40057d2000-7f4005809000 r-xp 00000000 08:07 271906                     /usr/lib/x86_64-linux-gnu/libtxc_dxtn_s2tc.so.0.0.0
7f4005809000-7f4005a08000 ---p 00037000 08:07 271906                     /usr/lib/x86_64-linux-gnu/libtxc_dxtn_s2tc.so.0.0.0
7f4005a08000-7f4005a09000 r--p 00036000 08:07 271906                     /usr/lib/x86_64-linux-gnu/libtxc_dxtn_s2tc.so.0.0.0
7f4005a09000-7f4005a0a000 rw-p 00037000 08:07 271906                     /usr/lib/x86_64-linux-gnu/libtxc_dxtn_s2tc.so.0.0.0
7f4005a0a000-7f4005a12000 r-xp 00000000 08:07 271668                     /usr/lib/x86_64-linux-gnu/libpciaccess.so.0.11.1
7f4005a12000-7f4005c12000 ---p 00008000 08:07 271668                     /usr/lib/x86_64-linux-gnu/libpciaccess.so.0.11.1
7f4005c12000-7f4005c13000 r--p 00008000 08:07 271668                     /usr/lib/x86_64-linux-gnu/libpciaccess.so.0.11.1
7f4005c13000-7f4005c14000 rw-p 00009000 08:07 271668                     /usr/lib/x86_64-linux-gnu/libpciaccess.so.0.11.1
7f4005c14000-7f4005c1f000 r-xp 00000000 08:07 264369                     /usr/lib/x86_64-linux-gnu/libdrm_radeon.so.1.0.1
7f4005c1f000-7f4005e1e000 ---p 0000b000 08:07 264369                     /usr/lib/x86_64-linux-gnu/libdrm_radeon.so.1.0.1
7f4005e1e000-7f4005e1f000 r--p 0000a000 08:07 264369                     /usr/lib/x86_64-linux-gnu/libdrm_radeon.so.1.0.1
7f4005e1f000-7f4005e20000 rw-p 0000b000 08:07 264369                     /usr/lib/x86_64-linux-gnu/libdrm_radeon.so.1.0.1
7f4005e20000-7f4005e27000 r-xp 00000000 08:07 264367                     /usr/lib/x86_64-linux-gnu/libdrm_nouveau.so.2.0.0
7f4005e27000-7f4006026000 ---p 00007000 08:07 264367                     /usr/lib/x86_64-linux-gnu/libdrm_nouveau.so.2.0.0
7f4006026000-7f4006027000 r--p 00006000 08:07 264367                     /usr/lib/x86_64-linux-gnu/libdrm_nouveau.so.2.0.0
7f4006027000-7f4006028000 rw-p 00007000 08:07 264367                     /usr/lib/x86_64-linux-gnu/libdrm_nouveau.so.2.0.0
7f4006028000-7f4006048000 r-xp 00000000 08:07 264365                     /usr/lib/x86_64-linux-gnu/libdrm_intel.so.1.0.0
7f4006048000-7f4006247000 ---p 00020000 08:07 264365                     /usr/lib/x86_64-linux-gnu/libdrm_intel.so.1.0.0
7f4006247000-7f4006248000 r--p 0001f000 08:07 264365                     /usr/lib/x86_64-linux-gnu/libdrm_intel.so.1.0.0
7f4006248000-7f4006249000 rw-p 00020000 08:07 264365                     /usr/lib/x86_64-linux-gnu/libdrm_intel.so.1.0.0
7f4006249000-7f400684e000 r-xp 00000000 08:07 524913                     /usr/lib/x86_64-linux-gnu/dri/i965_dri.so
7f400684e000-7f4006a4e000 ---p 00605000 08:07 524913                     /usr/lib/x86_64-linux-gnu/dri/i965_dri.so
7f4006a4e000-7f4006a84000 r--p 00605000 08:07 524913                     /usr/lib/x86_64-linux-gnu/dri/i965_dri.so
7f4006a84000-7f4006a8b000 rw-p 0063b000 08:07 524913                     /usr/lib/x86_64-linux-gnu/dri/i965_dri.so
7f4006a8b000-7f4006a93000 rw-p 00000000 00:00 0 
7f4006a93000-7f4006a95000 r-xp 00000000 08:07 270744                     /usr/lib/x86_64-linux-gnu/libXinerama.so.1.0.0
7f4006a95000-7f4006c94000 ---p 00002000 08:07 270744                     /usr/lib/x86_64-linux-gnu/libXinerama.so.1.0.0
7f4006c94000-7f4006c95000 r--p 00001000 08:07 270744                     /usr/lib/x86_64-linux-gnu/libXinerama.so.1.0.0
7f4006c95000-7f4006c96000 rw-p 00002000 08:07 270744                     /usr/lib/x86_64-linux-gnu/libXinerama.so.1.0.0
7f4006c96000-7f4006cdb000 r-xp 00000000 08:07 1845339                    /tmp/jogamp_0000/file_cache/jln9214797588570939275/jln7434800978518353668/libjogl_mobile.so
7f4006cdb000-7f4006edb000 ---p 00045000 08:07 1845339                    /tmp/jogamp_0000/file_cache/jln9214797588570939275/jln7434800978518353668/libjogl_mobile.so
7f4006edb000-7f4006edc000 rw-p 00045000 08:07 1845339                    /tmp/jogamp_0000/file_cache/jln9214797588570939275/jln7434800978518353668/libjogl_mobile.so
7f4006edc000-7f4006ee3000 r-xp 00000000 08:07 271104                     /usr/lib/x86_64-linux-gnu/libffi.so.6.0.4
7f4006ee3000-7f40070e2000 ---p 00007000 08:07 271104                     /usr/lib/x86_64-linux-gnu/libffi.so.6.0.4
7f40070e2000-7f40070e3000 r--p 00006000 08:07 271104                     /usr/lib/x86_64-linux-gnu/libffi.so.6.0.4
7f40070e3000-7f40070e4000 rw-p 00007000 08:07 271104                     /usr/lib/x86_64-linux-gnu/libffi.so.6.0.4
7f40070e4000-7f40070f0000 r-xp 00000000 08:07 263557                     /usr/lib/x86_64-linux-gnu/libgbm.so.1.0.0
7f40070f0000-7f40072f0000 ---p 0000c000 08:07 263557                     /usr/lib/x86_64-linux-gnu/libgbm.so.1.0.0
7f40072f0000-7f40072f1000 r--p 0000c000 08:07 263557                     /usr/lib/x86_64-linux-gnu/libgbm.so.1.0.0
7f40072f1000-7f40072f2000 rw-p 0000d000 08:07 263557                     /usr/lib/x86_64-linux-gnu/libgbm.so.1.0.0
7f40072f2000-7f4007301000 r-xp 00000000 08:07 271997                     /usr/lib/x86_64-linux-gnu/libwayland-server.so.0.1.0
7f4007301000-7f4007500000 ---p 0000f000 08:07 271997                     /usr/lib/x86_64-linux-gnu/libwayland-server.so.0.1.0
7f4007500000-7f4007502000 r--p 0000e000 08:07 271997                     /usr/lib/x86_64-linux-gnu/libwayland-server.so.0.1.0
7f4007502000-7f4007503000 rw-p 00010000 08:07 271997                     /usr/lib/x86_64-linux-gnu/libwayland-server.so.0.1.0
7f4007503000-7f400750f000 r-xp 00000000 08:07 271991                     /usr/lib/x86_64-linux-gnu/libwayland-client.so.0.3.0
7f400750f000-7f400770e000 ---p 0000c000 08:07 271991                     /usr/lib/x86_64-linux-gnu/libwayland-client.so.0.3.0
7f400770e000-7f4007710000 r--p 0000b000 08:07 271991                     /usr/lib/x86_64-linux-gnu/libwayland-client.so.0.3.0
7f4007710000-7f4007711000 rw-p 0000d000 08:07 271991                     /usr/lib/x86_64-linux-gnu/libwayland-client.so.0.3.0
7f4007711000-7f4007717000 r-xp 00000000 08:07 272095                     /usr/lib/x86_64-linux-gnu/libxcb-xfixes.so.0.0.0
7f4007717000-7f4007917000 ---p 00006000 08:07 272095                     /usr/lib/x86_64-linux-gnu/libxcb-xfixes.so.0.0.0
7f4007917000-7f4007918000 r--p 00006000 08:07 272095                     /usr/lib/x86_64-linux-gnu/libxcb-xfixes.so.0.0.0
7f4007918000-7f4007919000 rw-p 00007000 08:07 272095                     /usr/lib/x86_64-linux-gnu/libxcb-xfixes.so.0.0.0
7f4007919000-7f4007949000 r-xp 00000000 08:07 524909                     /usr/lib/x86_64-linux-gnu/mesa-egl/libEGL.so.1.0.0
7f4007949000-7f4007b49000 ---p 00030000 08:07 524909                     /usr/lib/x86_64-linux-gnu/mesa-egl/libEGL.so.1.0.0
7f4007b49000-7f4007b4a000 r--p 00030000 08:07 524909                     /usr/lib/x86_64-linux-gnu/mesa-egl/libEGL.so.1.0.0
7f4007b4a000-7f4007b4b000 rw-p 00031000 08:07 524909                     /usr/lib/x86_64-linux-gnu/mesa-egl/libEGL.so.1.0.0
7f4007b4b000-7f4007bf0000 r-xp 00000000 08:07 1845338                    /tmp/jogamp_0000/file_cache/jln9214797588570939275/jln7434800978518353668/libjogl_desktop.so
7f4007bf0000-7f4007df0000 ---p 000a5000 08:07 1845338                    /tmp/jogamp_0000/file_cache/jln9214797588570939275/jln7434800978518353668/libjogl_desktop.so
7f4007df0000-7f4007df1000 rw-p 000a5000 08:07 1845338                    /tmp/jogamp_0000/file_cache/jln9214797588570939275/jln7434800978518353668/libjogl_desktop.so
7f4007df1000-7f4007dff000 r-xp 00000000 08:07 266773                     /usr/lib/x86_64-linux-gnu/libdrm.so.2.4.0
7f4007dff000-7f4007ffe000 ---p 0000e000 08:07 266773                     /usr/lib/x86_64-linux-gnu/libdrm.so.2.4.0
7f4007ffe000-7f4007fff000 r--p 0000d000 08:07 266773                     /usr/lib/x86_64-linux-gnu/libdrm.so.2.4.0
7f4007fff000-7f4008000000 rw-p 0000e000 08:07 266773                     /usr/lib/x86_64-linux-gnu/libdrm.so.2.4.0
7f4008000000-7f4008021000 rw-p 00000000 00:00 0 
7f4008021000-7f400c000000 ---p 00000000 00:00 0 
7f400c000000-7f400d7b2000 rw-p 00000000 00:00 0 
7f400d7b2000-7f4010000000 ---p 00000000 00:00 0 
7f4010000000-7f4012752000 rw-p 00000000 00:00 0 
7f4012752000-7f4014000000 ---p 00000000 00:00 0 
7f4014000000-7f40145c3000 rw-p 00000000 00:00 0 
7f40145c3000-7f4018000000 ---p 00000000 00:00 0 
7f4018000000-7f4018021000 rw-p 00000000 00:00 0 
7f4018021000-7f401c000000 ---p 00000000 00:00 0 
7f401c000000-7f401c031000 rw-p 00000000 00:00 0 
7f401c031000-7f4020000000 ---p 00000000 00:00 0 
7f4020000000-7f4020021000 rw-p 00000000 00:00 0 
7f4020021000-7f4024000000 ---p 00000000 00:00 0 
7f4024000000-7f4024021000 rw-p 00000000 00:00 0 
7f4024021000-7f4028000000 ---p 00000000 00:00 0 
7f4028000000-7f4028021000 rw-p 00000000 00:00 0 
7f4028021000-7f402c000000 ---p 00000000 00:00 0 
7f402c000000-7f402c021000 rw-p 00000000 00:00 0 
7f402c021000-7f4030000000 ---p 00000000 00:00 0 
7f4030000000-7f4030cfe000 rw-p 00000000 00:00 0 
7f4030cfe000-7f4034000000 ---p 00000000 00:00 0 
7f4034000000-7f4034021000 rw-p 00000000 00:00 0 
7f4034021000-7f4038000000 ---p 00000000 00:00 0 
7f4038000000-7f40396ee000 rw-p 00000000 00:00 0 
7f40396ee000-7f403c000000 ---p 00000000 00:00 0 
7f403c000000-7f403cd97000 rw-p 00000000 00:00 0 
7f403cd97000-7f4040000000 ---p 00000000 00:00 0 
7f4040000000-7f4040021000 rw-p 00000000 00:00 0 
7f4040021000-7f4044000000 ---p 00000000 00:00 0 
7f4044000000-7f4044021000 rw-p 00000000 00:00 0 
7f4044021000-7f4048000000 ---p 00000000 00:00 0 
7f4048000000-7f4048021000 rw-p 00000000 00:00 0 
7f4048021000-7f404c000000 ---p 00000000 00:00 0 
7f404c000000-7f404c021000 rw-p 00000000 00:00 0 
7f404c021000-7f4050000000 ---p 00000000 00:00 0 
7f4050000000-7f4050021000 rw-p 00000000 00:00 0 
7f4050021000-7f4054000000 ---p 00000000 00:00 0 
7f4054023000-7f4054093000 rw-s 101639000 00:06 231                       /dev/dri/card0
7f4054093000-7f4054097000 r-xp 00000000 08:07 272067                     /usr/lib/x86_64-linux-gnu/libxcb-dri2.so.0.0.0
7f4054097000-7f4054296000 ---p 00004000 08:07 272067                     /usr/lib/x86_64-linux-gnu/libxcb-dri2.so.0.0.0
7f4054296000-7f4054297000 r--p 00003000 08:07 272067                     /usr/lib/x86_64-linux-gnu/libxcb-dri2.so.0.0.0
7f4054297000-7f4054298000 rw-p 00004000 08:07 272067                     /usr/lib/x86_64-linux-gnu/libxcb-dri2.so.0.0.0
7f4054298000-7f40542af000 r-xp 00000000 08:07 272071                     /usr/lib/x86_64-linux-gnu/libxcb-glx.so.0.0.0
7f40542af000-7f40544ae000 ---p 00017000 08:07 272071                     /usr/lib/x86_64-linux-gnu/libxcb-glx.so.0.0.0
7f40544ae000-7f40544b0000 r--p 00016000 08:07 272071                     /usr/lib/x86_64-linux-gnu/libxcb-glx.so.0.0.0
7f40544b0000-7f40544b1000 rw-p 00018000 08:07 272071                     /usr/lib/x86_64-linux-gnu/libxcb-glx.so.0.0.0
7f40544b1000-7f40544b2000 r-xp 00000000 08:07 270715                     /usr/lib/x86_64-linux-gnu/libX11-xcb.so.1.0.0
7f40544b2000-7f40546b1000 ---p 00001000 08:07 270715                     /usr/lib/x86_64-linux-gnu/libX11-xcb.so.1.0.0
7f40546b1000-7f40546b2000 r--p 00000000 08:07 270715                     /usr/lib/x86_64-linux-gnu/libX11-xcb.so.1.0.0
7f40546b2000-7f40546b3000 rw-p 00001000 08:07 270715                     /usr/lib/x86_64-linux-gnu/libX11-xcb.so.1.0.0
7f40546b3000-7f40546b5000 r-xp 00000000 08:07 270730                     /usr/lib/x86_64-linux-gnu/libXdamage.so.1.1.0
7f40546b5000-7f40548b4000 ---p 00002000 08:07 270730                     /usr/lib/x86_64-linux-gnu/libXdamage.so.1.1.0
7f40548b4000-7f40548b5000 r--p 00001000 08:07 270730                     /usr/lib/x86_64-linux-gnu/libXdamage.so.1.1.0
7f40548b5000-7f40548b6000 rw-p 00002000 08:07 270730                     /usr/lib/x86_64-linux-gnu/libXdamage.so.1.1.0
7f40548b6000-7f40548df000 r-xp 00000000 08:07 264376                     /usr/lib/x86_64-linux-gnu/libglapi.so.0.0.0
7f40548df000-7f4054ade000 ---p 00029000 08:07 264376                     /usr/lib/x86_64-linux-gnu/libglapi.so.0.0.0
7f4054ade000-7f4054ae2000 r--p 00028000 08:07 264376                     /usr/lib/x86_64-linux-gnu/libglapi.so.0.0.0
7f4054ae2000-7f4054ae3000 rw-p 0002c000 08:07 264376                     /usr/lib/x86_64-linux-gnu/libglapi.so.0.0.0
7f4054ae3000-7f4054ae4000 rw-p 00000000 00:00 0 
7f4054ae4000-7f4054ae5000 r-xp 00000000 08:07 272111                     /usr/lib/x86_64-linux-gnu/libxshmfence.so.1.0.0
7f4054ae5000-7f4054ce5000 ---p 00001000 08:07 272111                     /usr/lib/x86_64-linux-gnu/libxshmfence.so.1.0.0
7f4054ce5000-7f4054ce6000 r--p 00001000 08:07 272111                     /usr/lib/x86_64-linux-gnu/libxshmfence.so.1.0.0
7f4054ce6000-7f4054ce7000 rw-p 00002000 08:07 272111                     /usr/lib/x86_64-linux-gnu/libxshmfence.so.1.0.0
7f4054ce7000-7f4054cec000 r-xp 00000000 08:07 272091                     /usr/lib/x86_64-linux-gnu/libxcb-sync.so.1.0.0
7f4054cec000-7f4054eec000 ---p 00005000 08:07 272091                     /usr/lib/x86_64-linux-gnu/libxcb-sync.so.1.0.0
7f4054eec000-7f4054eed000 r--p 00005000 08:07 272091                     /usr/lib/x86_64-linux-gnu/libxcb-sync.so.1.0.0
7f4054eed000-7f4054eee000 rw-p 00006000 08:07 272091                     /usr/lib/x86_64-linux-gnu/libxcb-sync.so.1.0.0
7f4054eee000-7f4054ef0000 r-xp 00000000 08:07 272079                     /usr/lib/x86_64-linux-gnu/libxcb-present.so.0.0.0
7f4054ef0000-7f40550ef000 ---p 00002000 08:07 272079                     /usr/lib/x86_64-linux-gnu/libxcb-present.so.0.0.0
7f40550ef000-7f40550f0000 r--p 00001000 08:07 272079                     /usr/lib/x86_64-linux-gnu/libxcb-present.so.0.0.0
7f40550f0000-7f40550f1000 rw-p 00002000 08:07 272079                     /usr/lib/x86_64-linux-gnu/libxcb-present.so.0.0.0
7f40550f1000-7f40550f3000 r-xp 00000000 08:07 272069                     /usr/lib/x86_64-linux-gnu/libxcb-dri3.so.0.0.0
7f40550f3000-7f40552f2000 ---p 00002000 08:07 272069                     /usr/lib/x86_64-linux-gnu/libxcb-dri3.so.0.0.0
7f40552f2000-7f40552f3000 r--p 00001000 08:07 272069                     /usr/lib/x86_64-linux-gnu/libxcb-dri3.so.0.0.0
7f40552f3000-7f40552f4000 rw-p 00002000 08:07 272069                     /usr/lib/x86_64-linux-gnu/libxcb-dri3.so.0.0.0
7f40552f4000-7f405531a000 r-xp 00000000 08:07 4461245                    /lib/x86_64-linux-gnu/libexpat.so.1.6.0
7f405531a000-7f405551a000 ---p 00026000 08:07 4461245                    /lib/x86_64-linux-gnu/libexpat.so.1.6.0
7f405551a000-7f405551c000 r--p 00026000 08:07 4461245                    /lib/x86_64-linux-gnu/libexpat.so.1.6.0
7f405551c000-7f405551d000 rw-p 00028000 08:07 4461245                    /lib/x86_64-linux-gnu/libexpat.so.1.6.0
7f405551d000-7f405558a000 r-xp 00000000 08:07 524930                     /usr/lib/x86_64-linux-gnu/mesa/libGL.so.1.2.0
7f405558a000-7f4055789000 ---p 0006d000 08:07 524930                     /usr/lib/x86_64-linux-gnu/mesa/libGL.so.1.2.0
7f4055789000-7f405578c000 r--p 0006c000 08:07 524930                     /usr/lib/x86_64-linux-gnu/mesa/libGL.so.1.2.0
7f405578c000-7f405578d000 rw-p 0006f000 08:07 524930                     /usr/lib/x86_64-linux-gnu/mesa/libGL.so.1.2.0
7f405578d000-7f405598e000 rw-p 00000000 00:00 0 
7f405598e000-7f4055b8e000 rw-p 00000000 00:00 0 
7f4055b9b000-7f4055ba3000 rw-s 00000000 00:05 79591                      /drm mm object (deleted)
7f4055ba3000-7f4055bab000 rw-s 00000000 00:05 79563                      /drm mm object (deleted)
7f4055bab000-7f4055c1b000 rw-s 1015c9000 00:06 231                       /dev/dri/card0
7f4055c1b000-7f4055c23000 rw-s 00000000 00:05 81060                      /drm mm object (deleted)
7f4055c23000-7f4055c2b000 rw-s 00000000 00:05 82213                      /drm mm object (deleted)
7f4055c2b000-7f4055c49000 r-xp 00000000 08:07 4461119                    /lib/x86_64-linux-gnu/libudev.so.1.6.4
7f4055c49000-7f4055c4a000 r--p 0001d000 08:07 4461119                    /lib/x86_64-linux-gnu/libudev.so.1.6.4
7f4055c4a000-7f4055c4b000 rw-p 0001e000 08:07 4461119                    /lib/x86_64-linux-gnu/libudev.so.1.6.4
7f4055c4b000-7f4055c52000 r-xp 00000000 08:07 1845341                    /tmp/jogamp_0000/file_cache/jln9214797588570939275/jln7434800978518353668/libnativewindow_x11.so
7f4055c52000-7f4055e51000 ---p 00007000 08:07 1845341                    /tmp/jogamp_0000/file_cache/jln9214797588570939275/jln7434800978518353668/libnativewindow_x11.so
7f4055e51000-7f4055e52000 rw-p 00006000 08:07 1845341                    /tmp/jogamp_0000/file_cache/jln9214797588570939275/jln7434800978518353668/libnativewindow_x11.so
7f4055e52000-7f4055e57000 r-xp 00000000 08:07 270770                     /usr/lib/x86_64-linux-gnu/libXxf86vm.so.1.0.0
7f4055e57000-7f4056056000 ---p 00005000 08:07 270770                     /usr/lib/x86_64-linux-gnu/libXxf86vm.so.1.0.0
7f4056056000-7f4056057000 r--p 00004000 08:07 270770                     /usr/lib/x86_64-linux-gnu/libXxf86vm.so.1.0.0
7f4056057000-7f4056058000 rw-p 00005000 08:07 270770                     /usr/lib/x86_64-linux-gnu/libXxf86vm.so.1.0.0
7f4056058000-7f405605a000 r-xp 00000000 08:07 1845340                    /tmp/jogamp_0000/file_cache/jln9214797588570939275/jln7434800978518353668/libnativewindow_awt.so
7f405605a000-7f4056259000 ---p 00002000 08:07 1845340                    /tmp/jogamp_0000/file_cache/jln9214797588570939275/jln7434800978518353668/libnativewindow_awt.so
7f4056259000-7f405625a000 rw-p 00001000 08:07 1845340                    /tmp/jogamp_0000/file_cache/jln9214797588570939275/jln7434800978518353668/libnativewindow_awt.so
7f405625a000-7f405625b000 r-xp 00000000 08:07 1189543                    /usr/lib/jvm/java-8-openjdk-amd64/jre/lib/amd64/libjawt.so
7f405625b000-7f405645a000 ---p 00001000 08:07 1189543                    /usr/lib/jvm/java-8-openjdk-amd64/jre/lib/amd64/libjawt.so
7f405645a000-7f405645b000 r--p 00000000 08:07 1189543                    /usr/lib/jvm/java-8-openjdk-amd64/jre/lib/amd64/libjawt.so
7f405645b000-7f405645c000 rw-p 00001000 08:07 1189543                    /usr/lib/jvm/java-8-openjdk-amd64/jre/lib/amd64/libjawt.so
7f405645c000-7f405645e000 r-xp 00000000 08:07 1845337                    /tmp/jogamp_0000/file_cache/jln9214797588570939275/jln7434800978518353668/libgluegen-rt.so
7f405645e000-7f405665d000 ---p 00002000 08:07 1845337                    /tmp/jogamp_0000/file_cache/jln9214797588570939275/jln7434800978518353668/libgluegen-rt.so
7f405665d000-7f405665e000 rw-p 00001000 08:07 1845337                    /tmp/jogamp_0000/file_cache/jln9214797588570939275/jln7434800978518353668/libgluegen-rt.so
7f405665e000-7f4056661000 ---p 00000000 00:00 0 
7f4056661000-7f405675f000 rw-p 00000000 00:00 0 
7f405675f000-7f4056762000 ---p 00000000 00:00 0 
7f4056762000-7f4056998000 rw-p 00000000 00:00 0 
7f4056998000-7f405699b000 ---p 00000000 00:00 0 
7f405699b000-7f4056c99000 rw-p 00000000 00:00 0 
7f4056c99000-7f4056c9c000 ---p 00000000 00:00 0 
7f4056c9c000-7f4056d9a000 rw-p 00000000 00:00 0 
7f4056d9a000-7f4056dab000 r-xp 00000000 08:07 1189520                    /usr/lib/jvm/java-8-openjdk-amd64/jre/lib/amd64/libnio.so
7f4056dab000-7f4056fab000 ---p 00011000 08:07 1189520                    /usr/lib/jvm/java-8-openjdk-amd64/jre/lib/amd64/libnio.so
7f4056fab000-7f4056fac000 r--p 00011000 08:07 1189520                    /usr/lib/jvm/java-8-openjdk-amd64/jre/lib/amd64/libnio.so
7f4056fac000-7f4056fad000 rw-p 00012000 08:07 1189520                    /usr/lib/jvm/java-8-openjdk-amd64/jre/lib/amd64/libnio.so
7f4056fad000-7f40572ae000 rw-p 00000000 00:00 0 
7f40572ae000-7f40572c5000 r-xp 00000000 08:07 1189541                    /usr/lib/jvm/java-8-openjdk-amd64/jre/lib/amd64/libnet.so
7f40572c5000-7f40574c4000 ---p 00017000 08:07 1189541                    /usr/lib/jvm/java-8-openjdk-amd64/jre/lib/amd64/libnet.so
7f40574c4000-7f40574c5000 r--p 00016000 08:07 1189541                    /usr/lib/jvm/java-8-openjdk-amd64/jre/lib/amd64/libnet.so
7f40574c5000-7f40574c6000 rw-p 00017000 08:07 1189541                    /usr/lib/jvm/java-8-openjdk-amd64/jre/lib/amd64/libnet.so
7f40574c6000-7f40574c9000 ---p 00000000 00:00 0 
7f40574c9000-7f40575c7000 rw-p 00000000 00:00 0 
7f40575c7000-7f40575ca000 ---p 00000000 00:00 0 
7f40575ca000-7f40576c8000 rw-p 00000000 00:00 0 
7f40576c8000-7f40576cb000 ---p 00000000 00:00 0 
7f40576cb000-7f40577c9000 rw-p 00000000 00:00 0 
7f40577c9000-7f40577cc000 ---p 00000000 00:00 0 
7f40577cc000-7f40578ca000 rw-p 00000000 00:00 0 
7f40578ca000-7f40578cf000 r-xp 00000000 08:07 270736                     /usr/lib/x86_64-linux-gnu/libXfixes.so.3.1.0
7f40578cf000-7f4057ace000 ---p 00005000 08:07 270736                     /usr/lib/x86_64-linux-gnu/libXfixes.so.3.1.0
7f4057ace000-7f4057acf000 r--p 00004000 08:07 270736                     /usr/lib/x86_64-linux-gnu/libXfixes.so.3.1.0
7f4057acf000-7f4057ad0000 rw-p 00005000 08:07 270736                     /usr/lib/x86_64-linux-gnu/libXfixes.so.3.1.0
7f4057ad0000-7f4057ad9000 r-xp 00000000 08:07 270728                     /usr/lib/x86_64-linux-gnu/libXcursor.so.1.0.2
7f4057ad9000-7f4057cd8000 ---p 00009000 08:07 270728                     /usr/lib/x86_64-linux-gnu/libXcursor.so.1.0.2
7f4057cd8000-7f4057cd9000 r--p 00008000 08:07 270728                     /usr/lib/x86_64-linux-gnu/libXcursor.so.1.0.2
7f4057cd9000-7f4057cda000 rw-p 00009000 08:07 270728                     /usr/lib/x86_64-linux-gnu/libXcursor.so.1.0.2
7f4057cda000-7f4057cdd000 ---p 00000000 00:00 0 
7f4057cdd000-7f4057ddb000 rw-p 00000000 00:00 0 
7f4057ddb000-7f4057dff000 r-xp 00000000 08:07 4461355                    /lib/x86_64-linux-gnu/libpng12.so.0.54.0
7f4057dff000-7f4057ffe000 ---p 00024000 08:07 4461355                    /lib/x86_64-linux-gnu/libpng12.so.0.54.0
7f4057ffe000-7f4057fff000 r--p 00023000 08:07 4461355                    /lib/x86_64-linux-gnu/libpng12.so.0.54.0
7f4057fff000-7f4058000000 rw-p 00024000 08:07 4461355                    /lib/x86_64-linux-gnu/libpng12.so.0.54.0
7f4058000000-7f4058021000 rw-p 00000000 00:00 0 
7f4058021000-7f405c000000 ---p 00000000 00:00 0 
7f405c000000-7f405c021000 rw-p 00000000 00:00 0 
7f405c021000-7f4060000000 ---p 00000000 00:00 0 
7f4060000000-7f4060021000 rw-p 00000000 00:00 0 
7f4060021000-7f4064000000 ---p 00000000 00:00 0 
7f4064003000-7f406400b000 rw-s 00000000 00:05 79370                      /drm mm object (deleted)
7f406400b000-7f406400c000 rw-s 101488000 00:06 231                       /dev/dri/card0
7f406400c000-7f4064014000 rw-s 00000000 00:05 79340                      /drm mm object (deleted)
7f4064014000-7f406401c000 rw-s 00000000 00:05 79376                      /drm mm object (deleted)
7f406401c000-7f40640c0000 r-xp 00000000 08:07 271152                     /usr/lib/x86_64-linux-gnu/libfreetype.so.6.12.1
7f40640c0000-7f40642bf000 ---p 000a4000 08:07 271152                     /usr/lib/x86_64-linux-gnu/libfreetype.so.6.12.1
7f40642bf000-7f40642c5000 r--p 000a3000 08:07 271152                     /usr/lib/x86_64-linux-gnu/libfreetype.so.6.12.1
7f40642c5000-7f40642c6000 rw-p 000a9000 08:07 271152                     /usr/lib/x86_64-linux-gnu/libfreetype.so.6.12.1
7f40642c6000-7f40642c7000 rwxp 00000000 00:00 0 
7f40642c7000-7f40642cf000 rw-s 00000000 00:05 79337                      /drm mm object (deleted)
7f40642cf000-7f40642d0000 rw-s 00000000 00:05 79334                      /drm mm object (deleted)
7f40642d0000-7f40642d1000 rw-s 101487000 00:06 231                       /dev/dri/card0
7f40642d1000-7f40642d9000 rw-s 00000000 00:05 79332                      /drm mm object (deleted)
7f40642d9000-7f40642da000 r--p 00000000 00:00 0 
7f40642da000-7f40642de000 r--s 00097000 08:07 1189558                    /usr/lib/jvm/java-8-openjdk-amd64/jre/lib/jsse.jar
7f40642de000-7f4064330000 r-xp 00000000 08:07 1189515                    /usr/lib/jvm/java-8-openjdk-amd64/jre/lib/amd64/libfontmanager.so
7f4064330000-7f4064530000 ---p 00052000 08:07 1189515                    /usr/lib/jvm/java-8-openjdk-amd64/jre/lib/amd64/libfontmanager.so
7f4064530000-7f4064532000 r--p 00052000 08:07 1189515                    /usr/lib/jvm/java-8-openjdk-amd64/jre/lib/amd64/libfontmanager.so
7f4064532000-7f4064533000 rw-p 00054000 08:07 1189515                    /usr/lib/jvm/java-8-openjdk-amd64/jre/lib/amd64/libfontmanager.so
7f4064533000-7f4064546000 r--s 00346000 08:07 1189547                    /usr/lib/jvm/java-8-openjdk-amd64/jre/lib/resources.jar
7f4064546000-7f4064547000 r--s 0002d000 08:06 11414                      /media/mohanad-elmaghrby/E2FA16E6FA16B6AF/Desktop/UCSDUnfoldingMaps/lib/jogl-all-natives-windows-i586.jar
7f4064547000-7f4064549000 r--s 00034000 08:06 11413                      /media/mohanad-elmaghrby/E2FA16E6FA16B6AF/Desktop/UCSDUnfoldingMaps/lib/jogl-all-natives-windows-amd64.jar
7f4064549000-7f406454a000 r--s 00064000 08:06 11412                      /media/mohanad-elmaghrby/E2FA16E6FA16B6AF/Desktop/UCSDUnfoldingMaps/lib/jogl-all-natives-macosx-universal.jar
7f406454a000-7f406454b000 r--s 0002d000 08:06 11411                      /media/mohanad-elmaghrby/E2FA16E6FA16B6AF/Desktop/UCSDUnfoldingMaps/lib/jogl-all-natives-linux-i586.jar
7f406454b000-7f406454c000 r--s 00023000 08:06 11410                      /media/mohanad-elmaghrby/E2FA16E6FA16B6AF/Desktop/UCSDUnfoldingMaps/lib/jogl-all-natives-linux-armv6hf.jar
7f406454c000-7f406454d000 r--s 0002f000 08:06 11409                      /media/mohanad-elmaghrby/E2FA16E6FA16B6AF/Desktop/UCSDUnfoldingMaps/lib/jogl-all-natives-linux-amd64.jar
7f406454d000-7f4064570000 r--s 002ec000 08:06 11415                      /media/mohanad-elmaghrby/E2FA16E6FA16B6AF/Desktop/UCSDUnfoldingMaps/lib/jogl-all.jar
7f4064570000-7f4064575000 r-xp 00000000 08:07 270732                     /usr/lib/x86_64-linux-gnu/libXdmcp.so.6.0.0
7f4064575000-7f4064774000 ---p 00005000 08:07 270732                     /usr/lib/x86_64-linux-gnu/libXdmcp.so.6.0.0
7f4064774000-7f4064775000 r--p 00004000 08:07 270732                     /usr/lib/x86_64-linux-gnu/libXdmcp.so.6.0.0
7f4064775000-7f4064776000 rw-p 00005000 08:07 270732                     /usr/lib/x86_64-linux-gnu/libXdmcp.so.6.0.0
7f4064776000-7f4064778000 r-xp 00000000 08:07 270721                     /usr/lib/x86_64-linux-gnu/libXau.so.6.0.0
7f4064778000-7f4064978000 ---p 00002000 08:07 270721                     /usr/lib/x86_64-linux-gnu/libXau.so.6.0.0
7f4064978000-7f4064979000 r--p 00002000 08:07 270721                     /usr/lib/x86_64-linux-gnu/libXau.so.6.0.0
7f4064979000-7f406497a000 rw-p 00003000 08:07 270721                     /usr/lib/x86_64-linux-gnu/libXau.so.6.0.0
7f406497a000-7f406499b000 r-xp 00000000 08:07 272099                     /usr/lib/x86_64-linux-gnu/libxcb.so.1.1.0
7f406499b000-7f4064b9a000 ---p 00021000 08:07 272099                     /usr/lib/x86_64-linux-gnu/libxcb.so.1.1.0
7f4064b9a000-7f4064b9b000 r--p 00020000 08:07 272099                     /usr/lib/x86_64-linux-gnu/libxcb.so.1.1.0
7f4064b9b000-7f4064b9c000 rw-p 00021000 08:07 272099                     /usr/lib/x86_64-linux-gnu/libxcb.so.1.1.0
7f4064b9c000-7f4064bab000 r-xp 00000000 08:07 270742                     /usr/lib/x86_64-linux-gnu/libXi.so.6.1.0
7f4064bab000-7f4064daa000 ---p 0000f000 08:07 270742                     /usr/lib/x86_64-linux-gnu/libXi.so.6.1.0
7f4064daa000-7f4064dab000 r--p 0000e000 08:07 270742                     /usr/lib/x86_64-linux-gnu/libXi.so.6.1.0
7f4064dab000-7f4064dac000 rw-p 0000f000 08:07 270742                     /usr/lib/x86_64-linux-gnu/libXi.so.6.1.0
7f4064dac000-7f4064db1000 r-xp 00000000 08:07 270760                     /usr/lib/x86_64-linux-gnu/libXtst.so.6.1.0
7f4064db1000-7f4064fb0000 ---p 00005000 08:07 270760                     /usr/lib/x86_64-linux-gnu/libXtst.so.6.1.0
7f4064fb0000-7f4064fb1000 r--p 00004000 08:07 270760                     /usr/lib/x86_64-linux-gnu/libXtst.so.6.1.0
7f4064fb1000-7f4064fb2000 rw-p 00005000 08:07 270760                     /usr/lib/x86_64-linux-gnu/libXtst.so.6.1.0
7f4064fb2000-7f4064fbb000 r-xp 00000000 08:07 270754                     /usr/lib/x86_64-linux-gnu/libXrender.so.1.3.0
7f4064fbb000-7f40651ba000 ---p 00009000 08:07 270754                     /usr/lib/x86_64-linux-gnu/libXrender.so.1.3.0
7f40651ba000-7f40651bb000 r--p 00008000 08:07 270754                     /usr/lib/x86_64-linux-gnu/libXrender.so.1.3.0
7f40651bb000-7f40651bc000 rw-p 00009000 08:07 270754                     /usr/lib/x86_64-linux-gnu/libXrender.so.1.3.0
7f40651bc000-7f40652f1000 r-xp 00000000 08:07 270717                     /usr/lib/x86_64-linux-gnu/libX11.so.6.3.0
7f40652f1000-7f40654f1000 ---p 00135000 08:07 270717                     /usr/lib/x86_64-linux-gnu/libX11.so.6.3.0
7f40654f1000-7f40654f2000 r--p 00135000 08:07 270717                     /usr/lib/x86_64-linux-gnu/libX11.so.6.3.0
7f40654f2000-7f40654f6000 rw-p 00136000 08:07 270717                     /usr/lib/x86_64-linux-gnu/libX11.so.6.3.0
7f40654f6000-7f4065507000 r-xp 00000000 08:07 270734                     /usr/lib/x86_64-linux-gnu/libXext.so.6.4.0
7f4065507000-7f4065706000 ---p 00011000 08:07 270734                     /usr/lib/x86_64-linux-gnu/libXext.so.6.4.0
7f4065706000-7f4065707000 r--p 00010000 08:07 270734                     /usr/lib/x86_64-linux-gnu/libXext.so.6.4.0
7f4065707000-7f4065708000 rw-p 00011000 08:07 270734                     /usr/lib/x86_64-linux-gnu/libXext.so.6.4.0
7f4065708000-7f4065709000 r--s 00001000 08:06 11407                      /media/mohanad-elmaghrby/E2FA16E6FA16B6AF/Desktop/UCSDUnfoldingMaps/lib/gluegen-rt-natives-windows-i586.jar
7f4065709000-7f406570a000 r--s 00001000 08:06 11406                      /media/mohanad-elmaghrby/E2FA16E6FA16B6AF/Desktop/UCSDUnfoldingMaps/lib/gluegen-rt-natives-windows-amd64.jar
7f406570a000-7f406570b000 r--s 00001000 08:06 11405                      /media/mohanad-elmaghrby/E2FA16E6FA16B6AF/Desktop/UCSDUnfoldingMaps/lib/gluegen-rt-natives-macosx-universal.jar
7f406570b000-7f406570d000 r--s 00000000 08:06 11404                      /media/mohanad-elmaghrby/E2FA16E6FA16B6AF/Desktop/UCSDUnfoldingMaps/lib/gluegen-rt-natives-linux-i586.jar
7f406570d000-7f406570e000 r--s 00000000 08:06 11403                      /media/mohanad-elmaghrby/E2FA16E6FA16B6AF/Desktop/UCSDUnfoldingMaps/lib/gluegen-rt-natives-linux-armv6hf.jar
7f406570e000-7f4065714000 r--s 00033000 08:06 11420                      /media/mohanad-elmaghrby/E2FA16E6FA16B6AF/Desktop/UCSDUnfoldingMaps/lib/unfolding.0.9.7-uscd.jar
7f4065714000-7f4065719000 r--s 00309000 08:06 11419                      /media/mohanad-elmaghrby/E2FA16E6FA16B6AF/Desktop/UCSDUnfoldingMaps/lib/sqlite-jdbc-3.7.2.jar
7f4065719000-7f4065720000 r--s 00059000 08:06 11418                      /media/mohanad-elmaghrby/E2FA16E6FA16B6AF/Desktop/UCSDUnfoldingMaps/lib/log4j-1.2.15.jar
7f4065720000-7f4065774000 r-xp 00000000 08:07 1189535                    /usr/lib/jvm/java-8-openjdk-amd64/jre/lib/amd64/libawt_xawt.so
7f4065774000-7f4065974000 ---p 00054000 08:07 1189535                    /usr/lib/jvm/java-8-openjdk-amd64/jre/lib/amd64/libawt_xawt.so
7f4065974000-7f4065975000 r--p 00054000 08:07 1189535                    /usr/lib/jvm/java-8-openjdk-amd64/jre/lib/amd64/libawt_xawt.so
7f4065975000-7f4065978000 rw-p 00055000 08:07 1189535                    /usr/lib/jvm/java-8-openjdk-amd64/jre/lib/amd64/libawt_xawt.so
7f4065978000-7f4065979000 rw-p 00000000 00:00 0 
7f4065979000-7f4065a19000 r-xp 00000000 08:07 1189542                    /usr/lib/jvm/java-8-openjdk-amd64/jre/lib/amd64/libawt.so
7f4065a19000-7f4065c19000 ---p 000a0000 08:07 1189542                    /usr/lib/jvm/java-8-openjdk-amd64/jre/lib/amd64/libawt.so
7f4065c19000-7f4065c1a000 r--p 000a0000 08:07 1189542                    /usr/lib/jvm/java-8-openjdk-amd64/jre/lib/amd64/libawt.so
7f4065c1a000-7f4065c25000 rw-p 000a1000 08:07 1189542                    /usr/lib/jvm/java-8-openjdk-amd64/jre/lib/amd64/libawt.so
7f4065c25000-7f4065c4a000 rw-p 00000000 00:00 0 
7f4065c4a000-7f4065c65000 r--s 001d5000 08:07 1468165                    /usr/lib/jvm/java-8-openjdk-amd64/jre/lib/ext/nashorn.jar
7f4065c65000-7f4065c66000 ---p 00000000 00:00 0 
7f4065c66000-7f4065d66000 rw-p 00000000 00:00 0 
7f4065d66000-7f4065d69000 ---p 00000000 00:00 0 
7f4065d69000-7f4065e67000 rw-p 00000000 00:00 0 
7f4065e67000-7f4065e6a000 ---p 00000000 00:00 0 
7f4065e6a000-7f4065f68000 rw-p 00000000 00:00 0 
7f4065f68000-7f4065f6b000 ---p 00000000 00:00 0 
7f4065f6b000-7f4066069000 rw-p 00000000 00:00 0 
7f4066069000-7f406606c000 ---p 00000000 00:00 0 
7f406606c000-7f406616a000 rw-p 00000000 00:00 0 
7f406616a000-7f406616d000 ---p 00000000 00:00 0 
7f406616d000-7f406626b000 rw-p 00000000 00:00 0 
7f406626b000-7f4066544000 r--p 00000000 08:07 263060                     /usr/lib/locale/locale-archive
7f4066544000-7f4066547000 ---p 00000000 00:00 0 
7f4066547000-7f4066645000 rw-p 00000000 00:00 0 
7f4066645000-7f4066648000 ---p 00000000 00:00 0 
7f4066648000-7f4066746000 rw-p 00000000 00:00 0 
7f4066746000-7f4066747000 ---p 00000000 00:00 0 
7f4066747000-7f4067806000 rw-p 00000000 00:00 0 
7f4067806000-7f40679d4000 r--s 03bf1000 08:07 1189550                    /usr/lib/jvm/java-8-openjdk-amd64/jre/lib/rt.jar
7f40679d4000-7f406b2e6000 rw-p 00000000 00:00 0 
7f406b2e6000-7f406b2e7000 ---p 00000000 00:00 0 
7f406b2e7000-7f406b3e7000 rw-p 00000000 00:00 0 
7f406b3e7000-7f406b3e8000 ---p 00000000 00:00 0 
7f406b3e8000-7f406b4e8000 rw-p 00000000 00:00 0 
7f406b4e8000-7f406b4e9000 ---p 00000000 00:00 0 
7f406b4e9000-7f406b5e9000 rw-p 00000000 00:00 0 
7f406b5e9000-7f406b5ea000 ---p 00000000 00:00 0 
7f406b5ea000-7f406b709000 rw-p 00000000 00:00 0 
7f406b709000-7f406b8d2000 ---p 00000000 00:00 0 
7f406b8d2000-7f406b8f1000 rw-p 00000000 00:00 0 
7f406b8f1000-7f406baba000 ---p 00000000 00:00 0 
7f406baba000-7f406baf7000 rw-p 00000000 00:00 0 
7f406baf7000-7f406bbae000 ---p 00000000 00:00 0 
7f406bbae000-7f406bbcd000 rw-p 00000000 00:00 0 
7f406bbcd000-7f406bf6f000 ---p 00000000 00:00 0 
7f406bf6f000-7f406c6ef000 rwxp 00000000 00:00 0 
7f406c6ef000-7f407af6f000 ---p 00000000 00:00 0 
7f407af6f000-7f407af77000 r-xp 00000000 08:07 1189524                    /usr/lib/jvm/java-8-openjdk-amd64/jre/lib/amd64/libzip.so
7f407af77000-7f407b176000 ---p 00008000 08:07 1189524                    /usr/lib/jvm/java-8-openjdk-amd64/jre/lib/amd64/libzip.so
7f407b176000-7f407b177000 r--p 00007000 08:07 1189524                    /usr/lib/jvm/java-8-openjdk-amd64/jre/lib/amd64/libzip.so
7f407b177000-7f407b178000 rw-p 00008000 08:07 1189524                    /usr/lib/jvm/java-8-openjdk-amd64/jre/lib/amd64/libzip.so
7f407b178000-7f407b183000 r-xp 00000000 08:07 4456535                    /lib/x86_64-linux-gnu/libnss_files-2.23.so
7f407b183000-7f407b382000 ---p 0000b000 08:07 4456535                    /lib/x86_64-linux-gnu/libnss_files-2.23.so
7f407b382000-7f407b383000 r--p 0000a000 08:07 4456535                    /lib/x86_64-linux-gnu/libnss_files-2.23.so
7f407b383000-7f407b384000 rw-p 0000b000 08:07 4456535                    /lib/x86_64-linux-gnu/libnss_files-2.23.so
7f407b384000-7f407b38a000 rw-p 00000000 00:00 0 
7f407b38a000-7f407b395000 r-xp 00000000 08:07 4456532                    /lib/x86_64-linux-gnu/libnss_nis-2.23.so
7f407b395000-7f407b594000 ---p 0000b000 08:07 4456532                    /lib/x86_64-linux-gnu/libnss_nis-2.23.so
7f407b594000-7f407b595000 r--p 0000a000 08:07 4456532                    /lib/x86_64-linux-gnu/libnss_nis-2.23.so
7f407b595000-7f407b596000 rw-p 0000b000 08:07 4456532                    /lib/x86_64-linux-gnu/libnss_nis-2.23.so
7f407b596000-7f407b5ac000 r-xp 00000000 08:07 4456473                    /lib/x86_64-linux-gnu/libnsl-2.23.so
7f407b5ac000-7f407b7ab000 ---p 00016000 08:07 4456473                    /lib/x86_64-linux-gnu/libnsl-2.23.so
7f407b7ab000-7f407b7ac000 r--p 00015000 08:07 4456473                    /lib/x86_64-linux-gnu/libnsl-2.23.so
7f407b7ac000-7f407b7ad000 rw-p 00016000 08:07 4456473                    /lib/x86_64-linux-gnu/libnsl-2.23.so
7f407b7ad000-7f407b7af000 rw-p 00000000 00:00 0 
7f407b7af000-7f407b7b7000 r-xp 00000000 08:07 4456462                    /lib/x86_64-linux-gnu/libnss_compat-2.23.so
7f407b7b7000-7f407b9b6000 ---p 00008000 08:07 4456462                    /lib/x86_64-linux-gnu/libnss_compat-2.23.so
7f407b9b6000-7f407b9b7000 r--p 00007000 08:07 4456462                    /lib/x86_64-linux-gnu/libnss_compat-2.23.so
7f407b9b7000-7f407b9b8000 rw-p 00008000 08:07 4456462                    /lib/x86_64-linux-gnu/libnss_compat-2.23.so
7f407b9b8000-7f407b9e5000 r-xp 00000000 08:07 1189519                    /usr/lib/jvm/java-8-openjdk-amd64/jre/lib/amd64/libjava.so
7f407b9e5000-7f407bbe4000 ---p 0002d000 08:07 1189519                    /usr/lib/jvm/java-8-openjdk-amd64/jre/lib/amd64/libjava.so
7f407bbe4000-7f407bbe5000 r--p 0002c000 08:07 1189519                    /usr/lib/jvm/java-8-openjdk-amd64/jre/lib/amd64/libjava.so
7f407bbe5000-7f407bbe7000 rw-p 0002d000 08:07 1189519                    /usr/lib/jvm/java-8-openjdk-amd64/jre/lib/amd64/libjava.so
7f407bbe7000-7f407bbf6000 r-xp 00000000 08:07 1189522                    /usr/lib/jvm/java-8-openjdk-amd64/jre/lib/amd64/libverify.so
7f407bbf6000-7f407bdf5000 ---p 0000f000 08:07 1189522                    /usr/lib/jvm/java-8-openjdk-amd64/jre/lib/amd64/libverify.so
7f407bdf5000-7f407bdf7000 r--p 0000e000 08:07 1189522                    /usr/lib/jvm/java-8-openjdk-amd64/jre/lib/amd64/libverify.so
7f407bdf7000-7f407bdf8000 rw-p 00010000 08:07 1189522                    /usr/lib/jvm/java-8-openjdk-amd64/jre/lib/amd64/libverify.so
7f407bdf8000-7f407bdff000 r-xp 00000000 08:07 4456544                    /lib/x86_64-linux-gnu/librt-2.23.so
7f407bdff000-7f407bffe000 ---p 00007000 08:07 4456544                    /lib/x86_64-linux-gnu/librt-2.23.so
7f407bffe000-7f407bfff000 r--p 00006000 08:07 4456544                    /lib/x86_64-linux-gnu/librt-2.23.so
7f407bfff000-7f407c000000 rw-p 00007000 08:07 4456544                    /lib/x86_64-linux-gnu/librt-2.23.so
7f407c000000-7f407c38a000 rw-p 00000000 00:00 0 
7f407c38a000-7f4080000000 ---p 00000000 00:00 0 
7f4080000000-7f408001b000 r--s 00394000 08:07 1468164                    /usr/lib/jvm/java-8-openjdk-amd64/jre/lib/ext/cldrdata.jar
7f408001b000-7f408003c000 rw-p 00000000 00:00 0 
7f408003c000-7f4080052000 r-xp 00000000 08:07 4461252                    /lib/x86_64-linux-gnu/libgcc_s.so.1
7f4080052000-7f4080251000 ---p 00016000 08:07 4461252                    /lib/x86_64-linux-gnu/libgcc_s.so.1
7f4080251000-7f4080252000 rw-p 00015000 08:07 4461252                    /lib/x86_64-linux-gnu/libgcc_s.so.1
7f4080252000-7f408035a000 r-xp 00000000 08:07 4456541                    /lib/x86_64-linux-gnu/libm-2.23.so
7f408035a000-7f4080559000 ---p 00108000 08:07 4456541                    /lib/x86_64-linux-gnu/libm-2.23.so
7f4080559000-7f408055a000 r--p 00107000 08:07 4456541                    /lib/x86_64-linux-gnu/libm-2.23.so
7f408055a000-7f408055b000 rw-p 00108000 08:07 4456541                    /lib/x86_64-linux-gnu/libm-2.23.so
7f408055b000-7f40806cd000 r-xp 00000000 08:07 264189                     /usr/lib/x86_64-linux-gnu/libstdc++.so.6.0.21
7f40806cd000-7f40808cd000 ---p 00172000 08:07 264189                     /usr/lib/x86_64-linux-gnu/libstdc++.so.6.0.21
7f40808cd000-7f40808d7000 r--p 00172000 08:07 264189                     /usr/lib/x86_64-linux-gnu/libstdc++.so.6.0.21
7f40808d7000-7f40808d9000 rw-p 0017c000 08:07 264189                     /usr/lib/x86_64-linux-gnu/libstdc++.so.6.0.21
7f40808d9000-7f40808dd000 rw-p 00000000 00:00 0 
7f40808dd000-7f408152c000 r-xp 00000000 08:07 1340087                    /usr/lib/jvm/java-8-openjdk-amd64/jre/lib/amd64/server/libjvm.so
7f408152c000-7f408172b000 ---p 00c4f000 08:07 1340087                    /usr/lib/jvm/java-8-openjdk-amd64/jre/lib/amd64/server/libjvm.so
7f408172b000-7f40817be000 r--p 00c4e000 08:07 1340087                    /usr/lib/jvm/java-8-openjdk-amd64/jre/lib/amd64/server/libjvm.so
7f40817be000-7f40817e7000 rw-p 00ce1000 08:07 1340087                    /usr/lib/jvm/java-8-openjdk-amd64/jre/lib/amd64/server/libjvm.so
7f40817e7000-7f4081817000 rw-p 00000000 00:00 0 
7f4081817000-7f408182f000 r-xp 00000000 08:07 4461231                    /lib/x86_64-linux-gnu/libpthread-2.23.so
7f408182f000-7f4081a2e000 ---p 00018000 08:07 4461231                    /lib/x86_64-linux-gnu/libpthread-2.23.so
7f4081a2e000-7f4081a2f000 r--p 00017000 08:07 4461231                    /lib/x86_64-linux-gnu/libpthread-2.23.so
7f4081a2f000-7f4081a30000 rw-p 00018000 08:07 4461231                    /lib/x86_64-linux-gnu/libpthread-2.23.so
7f4081a30000-7f4081a34000 rw-p 00000000 00:00 0 
7f4081a34000-7f4081a37000 r-xp 00000000 08:07 4461233                    /lib/x86_64-linux-gnu/libdl-2.23.so
7f4081a37000-7f4081c36000 ---p 00003000 08:07 4461233                    /lib/x86_64-linux-gnu/libdl-2.23.so
7f4081c36000-7f4081c37000 r--p 00002000 08:07 4461233                    /lib/x86_64-linux-gnu/libdl-2.23.so
7f4081c37000-7f4081c38000 rw-p 00003000 08:07 4461233                    /lib/x86_64-linux-gnu/libdl-2.23.so
7f4081c38000-7f4081c51000 r-xp 00000000 08:07 4461405                    /lib/x86_64-linux-gnu/libz.so.1.2.8
7f4081c51000-7f4081e50000 ---p 00019000 08:07 4461405                    /lib/x86_64-linux-gnu/libz.so.1.2.8
7f4081e50000-7f4081e51000 r--p 00018000 08:07 4461405                    /lib/x86_64-linux-gnu/libz.so.1.2.8
7f4081e51000-7f4081e52000 rw-p 00019000 08:07 4461405                    /lib/x86_64-linux-gnu/libz.so.1.2.8
7f4081e52000-7f4082011000 r-xp 00000000 08:07 4461232                    /lib/x86_64-linux-gnu/libc-2.23.so
7f4082011000-7f4082211000 ---p 001bf000 08:07 4461232                    /lib/x86_64-linux-gnu/libc-2.23.so
7f4082211000-7f4082215000 r--p 001bf000 08:07 4461232                    /lib/x86_64-linux-gnu/libc-2.23.so
7f4082215000-7f4082217000 rw-p 001c3000 08:07 4461232                    /lib/x86_64-linux-gnu/libc-2.23.so
7f4082217000-7f408221b000 rw-p 00000000 00:00 0 
7f408221b000-7f4082228000 r-xp 00000000 08:07 1340083                    /usr/lib/jvm/java-8-openjdk-amd64/jre/lib/amd64/jli/libjli.so
7f4082228000-7f4082428000 ---p 0000d000 08:07 1340083                    /usr/lib/jvm/java-8-openjdk-amd64/jre/lib/amd64/jli/libjli.so
7f4082428000-7f4082429000 r--p 0000d000 08:07 1340083                    /usr/lib/jvm/java-8-openjdk-amd64/jre/lib/amd64/jli/libjli.so
7f4082429000-7f408242a000 rw-p 0000e000 08:07 1340083                    /usr/lib/jvm/java-8-openjdk-amd64/jre/lib/amd64/jli/libjli.so
7f408242a000-7f4082450000 r-xp 00000000 08:07 4456545                    /lib/x86_64-linux-gnu/ld-2.23.so
7f4082450000-7f4082452000 r--s 00000000 08:06 11402                      /media/mohanad-elmaghrby/E2FA16E6FA16B6AF/Desktop/UCSDUnfoldingMaps/lib/gluegen-rt-natives-linux-amd64.jar
7f4082452000-7f4082453000 r--s 00005000 08:06 11417                      /media/mohanad-elmaghrby/E2FA16E6FA16B6AF/Desktop/UCSDUnfoldingMaps/lib/libTUIO.jar
7f4082453000-7f4082454000 r--s 00007000 08:06 11416                      /media/mohanad-elmaghrby/E2FA16E6FA16B6AF/Desktop/UCSDUnfoldingMaps/lib/json4processing.jar
7f4082454000-7f408245a000 r--s 00041000 08:06 11408                      /media/mohanad-elmaghrby/E2FA16E6FA16B6AF/Desktop/UCSDUnfoldingMaps/lib/gluegen-rt.jar
7f408245a000-7f408245e000 r--s 0009a000 08:06 11401                      /media/mohanad-elmaghrby/E2FA16E6FA16B6AF/Desktop/UCSDUnfoldingMaps/lib/core.jar
7f408245e000-7f408245f000 r--s 0000a000 08:07 1468168                    /usr/lib/jvm/java-8-openjdk-amd64/jre/lib/ext/jaccess.jar
7f408245f000-7f4082469000 r--s 00116000 08:07 1468170                    /usr/lib/jvm/java-8-openjdk-amd64/jre/lib/ext/localedata.jar
7f4082469000-7f408246e000 r--s 0003b000 08:07 1468166                    /usr/lib/jvm/java-8-openjdk-amd64/jre/lib/ext/sunjce_provider.jar
7f408246e000-7f408252f000 rw-p 00000000 00:00 0 
7f408252f000-7f4082532000 ---p 00000000 00:00 0 
7f4082532000-7f4082635000 rw-p 00000000 00:00 0 
7f4082635000-7f4082638000 r--s 0000f000 08:07 1468172                    /usr/lib/jvm/java-8-openjdk-amd64/jre/lib/ext/icedtea-sound.jar
7f4082638000-7f408263c000 r--s 00037000 08:07 1468167                    /usr/lib/jvm/java-8-openjdk-amd64/jre/lib/ext/sunpkcs11.jar
7f408263c000-7f408263d000 r--s 00010000 08:07 1468171                    /usr/lib/jvm/java-8-openjdk-amd64/jre/lib/ext/zipfs.jar
7f408263d000-7f408263f000 r--s 00001000 08:07 1468173                    /usr/lib/jvm/java-8-openjdk-amd64/jre/lib/ext/dnsns.jar
7f408263f000-7f4082641000 r--s 00008000 08:07 1468169                    /usr/lib/jvm/java-8-openjdk-amd64/jre/lib/ext/sunec.jar
7f4082641000-7f4082643000 r--s 00007000 08:07 2755554                    /home/mohanad-elmaghrby/jdk1.8.0_65/jre/lib/jfxswt.jar
7f4082643000-7f408264b000 rw-s 00000000 08:07 1718013                    /tmp/hsperfdata_mohanad-elmaghrby/5535
7f408264b000-7f408264c000 rw-p 00000000 00:00 0 
7f408264c000-7f408264d000 r--p 00000000 00:00 0 
7f408264d000-7f408264f000 rw-p 00000000 00:00 0 
7f408264f000-7f4082650000 r--p 00025000 08:07 4456545                    /lib/x86_64-linux-gnu/ld-2.23.so
7f4082650000-7f4082651000 rw-p 00026000 08:07 4456545                    /lib/x86_64-linux-gnu/ld-2.23.so
7f4082651000-7f4082652000 rw-p 00000000 00:00 0 
7ffeebfc6000-7ffeebfe8000 rw-p 00000000 00:00 0                          [stack]
7ffeebfed000-7ffeebfef000 r--p 00000000 00:00 0                          [vvar]
7ffeebfef000-7ffeebff1000 r-xp 00000000 00:00 0                          [vdso]
ffffffffff600000-ffffffffff601000 r-xp 00000000 00:00 0                  [vsyscall]

VM Arguments:
jvm_args: -Djava.security.policy=java.policy.applet -Dfile.encoding=UTF-8 -Xbootclasspath:/usr/lib/jvm/java-8-openjdk-amd64/jre/lib/resources.jar:/usr/lib/jvm/java-8-openjdk-amd64/jre/lib/rt.jar:/usr/lib/jvm/java-8-openjdk-amd64/jre/lib/jsse.jar:/usr/lib/jvm/java-8-openjdk-amd64/jre/lib/jce.jar:/usr/lib/jvm/java-8-openjdk-amd64/jre/lib/charsets.jar:/home/mohanad-elmaghrby/jdk1.8.0_65/jre/lib/jfxswt.jar 
java_command: sun.applet.AppletViewer airport.AirportMap1480613499345.html
java_class_path (initial): /media/mohanad-elmaghrby/E2FA16E6FA16B6AF/doc/workspace/MOHa/Airports/bin:/media/mohanad-elmaghrby/E2FA16E6FA16B6AF/Desktop/UCSDUnfoldingMaps/build:/media/mohanad-elmaghrby/E2FA16E6FA16B6AF/Desktop/UCSDUnfoldingMaps/lib/core.jar:/media/mohanad-elmaghrby/E2FA16E6FA16B6AF/Desktop/UCSDUnfoldingMaps/lib/gluegen-rt.jar:/media/mohanad-elmaghrby/E2FA16E6FA16B6AF/Desktop/UCSDUnfoldingMaps/lib/jogl-all.jar:/media/mohanad-elmaghrby/E2FA16E6FA16B6AF/Desktop/UCSDUnfoldingMaps/lib/log4j-1.2.15.jar:/media/mohanad-elmaghrby/E2FA16E6FA16B6AF/Desktop/UCSDUnfoldingMaps/lib/sqlite-jdbc-3.7.2.jar:/media/mohanad-elmaghrby/E2FA16E6FA16B6AF/Desktop/UCSDUnfoldingMaps/lib/json4processing.jar:/media/mohanad-elmaghrby/E2FA16E6FA16B6AF/Desktop/UCSDUnfoldingMaps/lib/libTUIO.jar:/media/mohanad-elmaghrby/E2FA16E6FA16B6AF/Desktop/UCSDUnfoldingMaps/lib/unfolding.0.9.7-uscd.jar:/media/mohanad-elmaghrby/E2FA16E6FA16B6AF/Desktop/UCSDUnfoldingMaps/lib/gluegen-rt-natives-linux-amd64.jar:/media/mohanad-elmaghrby/E2FA16E6FA16B6AF/Desktop/UCSDUnfoldingMaps/lib/gluegen-rt-natives-linux-armv6hf.jar:/media/mohanad-elmaghrby/E2FA16E6FA16B6AF/Desktop/UCSDUnfoldingMaps/lib/gluegen-rt-natives-linux-i586.jar:/media/mohanad-elmaghrby/E2FA16E6FA16B6AF/Desktop/UCSDUnfoldingMaps/lib/gluegen-rt-natives-macosx-universal.jar:/media/mohanad-elmaghrby/E2FA16E6FA16B6AF/Desktop/UCSDUnfoldingMaps/lib/gluegen-rt-natives-windows-amd64.jar:/media/mohanad-elmaghrby/E2FA16E6FA16B6AF/Desktop/UCSDUnfoldingMaps/lib/gluegen-rt-natives-windows-i586.jar:/media/mohanad-elmaghrby/E2FA16E6FA16B6AF/Desktop/UCSDUnfoldingMaps/lib/jogl-all-natives-linux-amd64.jar:/media/mohanad-elmaghrby/E2FA16E6FA16B6AF/Desktop/UCSDUnfoldingMaps/lib/jogl-all-natives-linux-armv6hf.jar:/media/mohanad-elmaghrby/E2FA16E6FA16B6AF/Desktop/UCSDUnfoldingMaps/lib/jogl-all-natives-linux-i586.jar:/media/mohanad-elmaghrby/E2FA16E6FA16B6AF/Desktop/UCSDUnfoldingMaps/lib/jogl-all-natives-macosx-universal.jar:/media/mohanad-elmaghrby/E2FA16E6FA16
Launcher Type: SUN_STANDARD

Environment Variables:
PATH=/home/mohanad-elmaghrby/bin:/home/mohanad-elmaghrby/.local/bin:/usr/local/sbin:/usr/local/bin:/usr/sbin:/usr/bin:/sbin:/bin:/usr/games:/usr/local/games:/snap/bin
SHELL=/bin/bash
DISPLAY=:0

Signal Handlers:
SIGSEGV: [libjvm.so+0xa65880], sa_mask[0]=11111111011111111101111111111110, sa_flags=SA_RESTART|SA_SIGINFO
SIGBUS: [libjvm.so+0xa65880], sa_mask[0]=11111111011111111101111111111110, sa_flags=SA_RESTART|SA_SIGINFO
SIGFPE: [libjvm.so+0x8af1c0], sa_mask[0]=11111111011111111101111111111110, sa_flags=SA_RESTART|SA_SIGINFO
SIGPIPE: [libjvm.so+0x8af1c0], sa_mask[0]=11111111011111111101111111111110, sa_flags=SA_RESTART|SA_SIGINFO
SIGXFSZ: [libjvm.so+0x8af1c0], sa_mask[0]=11111111011111111101111111111110, sa_flags=SA_RESTART|SA_SIGINFO
SIGILL: [libjvm.so+0x8af1c0], sa_mask[0]=11111111011111111101111111111110, sa_flags=SA_RESTART|SA_SIGINFO
SIGUSR1: SIG_DFL, sa_mask[0]=00000000000000000000000000000000, sa_flags=none
SIGUSR2: [libjvm.so+0x8af070], sa_mask[0]=00100000000000000000000000000000, sa_flags=SA_RESTART|SA_SIGINFO
SIGHUP: [libjvm.so+0x8af540], sa_mask[0]=11111111011111111101111111111110, sa_flags=SA_RESTART|SA_SIGINFO
SIGINT: [libjvm.so+0x8af540], sa_mask[0]=11111111011111111101111111111110, sa_flags=SA_RESTART|SA_SIGINFO
SIGTERM: [libjvm.so+0x8af540], sa_mask[0]=11111111011111111101111111111110, sa_flags=SA_RESTART|SA_SIGINFO
SIGQUIT: [libjvm.so+0x8af540], sa_mask[0]=11111111011111111101111111111110, sa_flags=SA_RESTART|SA_SIGINFO


---------------  S Y S T E M  ---------------

OS:DISTRIB_ID=Ubuntu
DISTRIB_RELEASE=16.04
DISTRIB_CODENAME=xenial
DISTRIB_DESCRIPTION="Ubuntu 16.04.1 LTS"

uname:Linux 4.4.0-47-generic #68-Ubuntu SMP Wed Oct 26 19:39:52 UTC 2016 x86_64
libc:glibc 2.23 NPTL 2.23 
rlimit: STACK 8192k, CORE 0k, NPROC 23237, NOFILE 65536, AS infinity
load average:1.58 1.04 0.89

/proc/meminfo:
MemTotal:        5988936 kB
MemFree:         3140724 kB
MemAvailable:    3164592 kB
Buffers:            6956 kB
Cached:           520144 kB
SwapCached:          204 kB
Active:          2313292 kB
Inactive:         332020 kB
Active(anon):    2200168 kB
Inactive(anon):   230104 kB
Active(file):     113124 kB
Inactive(file):   101916 kB
Unevictable:          48 kB
Mlocked:              48 kB
SwapTotal:        358396 kB
SwapFree:         195932 kB
Dirty:                36 kB
Writeback:             0 kB
AnonPages:       2118152 kB
Mapped:           269480 kB
Shmem:            312064 kB
Slab:              88592 kB
SReclaimable:      50520 kB
SUnreclaim:        38072 kB
KernelStack:       10416 kB
PageTables:        39404 kB
NFS_Unstable:          0 kB
Bounce:                0 kB
WritebackTmp:          0 kB
CommitLimit:     3352864 kB
Committed_AS:    6517880 kB
VmallocTotal:   34359738367 kB
VmallocUsed:           0 kB
VmallocChunk:          0 kB
HardwareCorrupted:     0 kB
AnonHugePages:   1077248 kB
CmaTotal:              0 kB
CmaFree:               0 kB
HugePages_Total:       0
HugePages_Free:        0
HugePages_Rsvd:        0
HugePages_Surp:        0
Hugepagesize:       2048 kB
DirectMap4k:      142848 kB
DirectMap2M:     4978688 kB
DirectMap1G:     1048576 kB


CPU:total 4 (2 cores per cpu, 2 threads per core) family 6 model 60 stepping 3, cmov, cx8, fxsr, mmx, sse, sse2, sse3, ssse3, sse4.1, sse4.2, popcnt, avx, avx2, aes, clmul, erms, lzcnt, ht, tsc, tscinvbit, bmi1, bmi2

/proc/cpuinfo:
processor	: 0
vendor_id	: GenuineIntel
cpu family	: 6
model		: 60
model name	: Intel(R) Core(TM) i5-4200M CPU @ 2.50GHz
stepping	: 3
microcode	: 0x1e
cpu MHz		: 2961.328
cache size	: 3072 KB
physical id	: 0
siblings	: 4
core id		: 0
cpu cores	: 2
apicid		: 0
initial apicid	: 0
fpu		: yes
fpu_exception	: yes
cpuid level	: 13
wp		: yes
flags		: fpu vme de pse tsc msr pae mce cx8 apic sep mtrr pge mca cmov pat pse36 clflush dts acpi mmx fxsr sse sse2 ss ht tm pbe syscall nx pdpe1gb rdtscp lm constant_tsc arch_perfmon pebs bts rep_good nopl xtopology nonstop_tsc aperfmperf eagerfpu pni pclmulqdq dtes64 monitor ds_cpl vmx est tm2 ssse3 sdbg fma cx16 xtpr pdcm pcid sse4_1 sse4_2 movbe popcnt tsc_deadline_timer aes xsave avx f16c rdrand lahf_lm abm epb tpr_shadow vnmi flexpriority ept vpid fsgsbase tsc_adjust bmi1 avx2 smep bmi2 erms invpcid xsaveopt dtherm ida arat pln pts
bugs		:
bogomips	: 4988.60
clflush size	: 64
cache_alignment	: 64
address sizes	: 39 bits physical, 48 bits virtual
power management:

processor	: 1
vendor_id	: GenuineIntel
cpu family	: 6
model		: 60
model name	: Intel(R) Core(TM) i5-4200M CPU @ 2.50GHz
stepping	: 3
microcode	: 0x1e
cpu MHz		: 3000.195
cache size	: 3072 KB
physical id	: 0
siblings	: 4
core id		: 0
cpu cores	: 2
apicid		: 1
initial apicid	: 1
fpu		: yes
fpu_exception	: yes
cpuid level	: 13
wp		: yes
flags		: fpu vme de pse tsc msr pae mce cx8 apic sep mtrr pge mca cmov pat pse36 clflush dts acpi mmx fxsr sse sse2 ss ht tm pbe syscall nx pdpe1gb rdtscp lm constant_tsc arch_perfmon pebs bts rep_good nopl xtopology nonstop_tsc aperfmperf eagerfpu pni pclmulqdq dtes64 monitor ds_cpl vmx est tm2 ssse3 sdbg fma cx16 xtpr pdcm pcid sse4_1 sse4_2 movbe popcnt tsc_deadline_timer aes xsave avx f16c rdrand lahf_lm abm epb tpr_shadow vnmi flexpriority ept vpid fsgsbase tsc_adjust bmi1 avx2 smep bmi2 erms invpcid xsaveopt dtherm ida arat pln pts
bugs		:
bogomips	: 4988.60
clflush size	: 64
cache_alignment	: 64
address sizes	: 39 bits physical, 48 bits virtual
power management:

processor	: 2
vendor_id	: GenuineIntel
cpu family	: 6
model		: 60
model name	: Intel(R) Core(TM) i5-4200M CPU @ 2.50GHz
stepping	: 3
microcode	: 0x1e
cpu MHz		: 2999.902
cache size	: 3072 KB
physical id	: 0
siblings	: 4
core id		: 1
cpu cores	: 2
apicid		: 2
initial apicid	: 2
fpu		: yes
fpu_exception	: yes
cpuid level	: 13
wp		: yes
flags		: fpu vme de pse tsc msr pae mce cx8 apic sep mtrr pge mca cmov pat pse36 clflush dts acpi mmx fxsr sse sse2 ss ht tm pbe syscall nx pdpe1gb rdtscp lm constant_tsc arch_perfmon pebs bts rep_good nopl xtopology nonstop_tsc aperfmperf eagerfpu pni pclmulqdq dtes64 monitor ds_cpl vmx est tm2 ssse3 sdbg fma cx16 xtpr pdcm pcid sse4_1 sse4_2 movbe popcnt tsc_deadline_timer aes xsave avx f16c rdrand lahf_lm abm epb tpr_shadow vnmi flexpriority ept vpid fsgsbase tsc_adjust bmi1 avx2 smep bmi2 erms invpcid xsaveopt dtherm ida arat pln pts
bugs		:
bogomips	: 4988.60
clflush size	: 64
cache_alignment	: 64
address sizes	: 39 bits physical, 48 bits virtual
power management:

processor	: 3
vendor_id	: GenuineIntel
cpu family	: 6
model		: 60
model name	: Intel(R) Core(TM) i5-4200M CPU @ 2.50GHz
stepping	: 3
microcode	: 0x1e
cpu MHz		: 3000.097
cache size	: 3072 KB
physical id	: 0
siblings	: 4
core id		: 1
cpu cores	: 2
apicid		: 3
initial apicid	: 3
fpu		: yes
fpu_exception	: yes
cpuid level	: 13
wp		: yes
flags		: fpu vme de pse tsc msr pae mce cx8 apic sep mtrr pge mca cmov pat pse36 clflush dts acpi mmx fxsr sse sse2 ss ht tm pbe syscall nx pdpe1gb rdtscp lm constant_tsc arch_perfmon pebs bts rep_good nopl xtopology nonstop_tsc aperfmperf eagerfpu pni pclmulqdq dtes64 monitor ds_cpl vmx est tm2 ssse3 sdbg fma cx16 xtpr pdcm pcid sse4_1 sse4_2 movbe popcnt tsc_deadline_timer aes xsave avx f16c rdrand lahf_lm abm epb tpr_shadow vnmi flexpriority ept vpid fsgsbase tsc_adjust bmi1 avx2 smep bmi2 erms invpcid xsaveopt dtherm ida arat pln pts
bugs		:
bogomips	: 4988.60
clflush size	: 64
cache_alignment	: 64
address sizes	: 39 bits physical, 48 bits virtual
power management:



Memory: 4k page, physical 5988936k(3140724k free), swap 358396k(195932k free)

vm_info: OpenJDK 64-Bit Server VM (25.111-b14) for linux-amd64 JRE (1.8.0_111-8u111-b14-2ubuntu0.16.04.2-b14), built on Oct 27 2016 18:10:19 by "buildd" with gcc 5.4.0 20160609

time: Thu Dec  1 19:31:48 2016
elapsed time: 8 seconds (0d 0h 0m 8s)

