#
# A fatal error has been detected by the Java Runtime Environment:
#
#  SIGSEGV (0xb) at pc=0x00007fddf0902502, pid=5611, tid=0x00007fde410d7700
#
# JRE version: OpenJDK Runtime Environment (8.0_111-b14) (build 1.8.0_111-8u111-b14-2ubuntu0.16.04.2-b14)
# Java VM: OpenJDK 64-Bit Server VM (25.111-b14 mixed mode linux-amd64 compressed oops)
# Problematic frame:
# C  [i965_dri.so+0x3bb502]
#
# Failed to write core dump. Core dumps have been disabled. To enable core dumping, try "ulimit -c unlimited" before starting Java again
#
# If you would like to submit a bug report, please visit:
#   http://bugreport.java.com/bugreport/crash.jsp
# The crash happened outside the Java Virtual Machine in native code.
# See problematic frame for where to report the bug.
#

---------------  T H R E A D  ---------------

Current thread (0x00007fde04003000):  JavaThread "AWT-EventQueue-1" [_thread_in_native, id=5638, stack(0x00007fde40fd7000,0x00007fde410d8000)]

siginfo: si_signo: 11 (SIGSEGV), si_code: 1 (SEGV_MAPERR), si_addr: 0x000000000000c510

Registers:
RAX=0x00007fddf09024f0, RBX=0x000000000000c000, RCX=0x0000000000000000, RDX=0x0000000000000001
RSP=0x00007fde410d5740, RBP=0x0000000000000000, RSI=0x00007fde0104fcf0, RDI=0x0000000100000000
R8 =0x0000000000000000, R9 =0x00007fddf37cdd50, R10=0x00007fde51017748, R11=0x00007fde675f88c0
R12=0x00007fde0104fc00, R13=0x00007fddf41873e0, R14=0x00007fddf41898a0, R15=0x0000000000000000
RIP=0x00007fddf0902502, EFLAGS=0x0000000000010206, CSGSFS=0x0000000000000033, ERR=0x0000000000000004
  TRAPNO=0x000000000000000e

Top of Stack: (sp=0x00007fde410d5740)
0x00007fde410d5740:   0000000000000000 0000000000000000
0x00007fde410d5750:   0000000000000000 00007fde0104fc00
0x00007fde410d5760:   00007fddf41873e0 00007fddf37cddf8
0x00007fde410d5770:   00007fde410d57a0 00007fddf418aa90
0x00007fde410d5780:   00007fdd00000000 0000000000000000
0x00007fde410d5790:   000000000460004d 00007fddf37a2b31
0x00007fde410d57a0:   00007fde0104fc00 ab4e05ec44215700
0x00007fde410d57b0:   000000000460004d 00007fddf3a46350
0x00007fde410d57c0:   00007fde410d5830 0000000000000000
0x00007fde410d57d0:   00007fddf3a46350 00007fde410d5900
0x00007fde410d57e0:   00007fde04003000 00007fddf1ed5849
0x00007fde410d57f0:   0000000000000000 00007fddf37a2b60
0x00007fde410d5800:   000000000460004d 00007fddf4178ff0
0x00007fde410d5810:   00007fde410d58c8 00007fde040031e0
0x00007fde410d5820:   00000000e280b4b0 00007fddf37a2b60
0x00007fde410d5830:   00007fde410d58b8 00007fde51017774
0x00007fde410d5840:   00007fddf3b3c618 0000000000000000
0x00007fde410d5850:   00007fddf3b3beb0 0000000000000000
0x00007fde410d5860:   00007fde410d5878 00007fde410d58c8
0x00007fde410d5870:   00007fde410d5870 00007fde410d5878
0x00007fde410d5880:   0000000000000000 00007fde410d5900
0x00007fde410d5890:   00007fddf3a479f0 0000000000000000
0x00007fde410d58a0:   00007fddf3a46350 0000000000000000
0x00007fde410d58b0:   00007fde410d58d8 00007fde410d5948
0x00007fde410d58c0:   00007fde51007ffd 00000000a54fd2b0
0x00007fde410d58d0:   00007fde51011278 00007fddf37a2b60
0x00007fde410d58e0:   00007fddf3a543f0 000000000460004d
0x00007fde410d58f0:   00007fddf3a31270 00007fddf4178ff0
0x00007fde410d5900:   00000000a49e02d8 00007fde410d5908
0x00007fde410d5910:   00007fddf3a462a1 00007fde410d5980
0x00007fde410d5920:   00007fddf3a479f0 0000000000000000
0x00007fde410d5930:   00007fddf3a462b0 00007fde410d58d8 

Instructions: (pc=0x00007fddf0902502)
0x00007fddf09024e2:   41 5c c3 90 66 2e 0f 1f 84 00 00 00 00 00 41 55
0x00007fddf09024f2:   41 54 55 53 48 83 ec 08 48 8b 1f 48 85 db 74 5e
0x00007fddf0902502:   f6 83 10 05 00 00 01 89 cd 41 89 d5 49 89 f4 75
0x00007fddf0902512:   7d 41 83 e5 01 75 67 85 ed 74 53 83 fd 02 75 07 

Register to memory mapping:

RAX=0x00007fddf09024f0: <offset 0x3bb4f0> in /usr/lib/x86_64-linux-gnu/dri/i965_dri.so at 0x00007fddf0547000
RBX=0x000000000000c000 is an unknown value
RCX=0x0000000000000000 is an unknown value
RDX=0x0000000000000001 is an unknown value
RSP=0x00007fde410d5740 is pointing into the stack for thread: 0x00007fde04003000
RBP=0x0000000000000000 is an unknown value
RSI=0x00007fde0104fcf0 is an unknown value
RDI=0x0000000100000000 is pointing into metadata
R8 =0x0000000000000000 is an unknown value
R9 =0x00007fddf37cdd50: <offset 0x45d50> in /usr/lib/x86_64-linux-gnu/mesa/libGL.so.1 at 0x00007fddf3788000
R10=0x00007fde51017748 is at code_begin+808 in an Interpreter codelet
method entry point (kind = native)  [0x00007fde51017420, 0x00007fde51017d20]  2304 bytes
R11=0x00007fde675f88c0: <offset 0x9598c0> in /usr/lib/jvm/java-8-openjdk-amd64/jre/lib/amd64/server/libjvm.so at 0x00007fde66c9f000
R12=0x00007fde0104fc00 is an unknown value
R13=0x00007fddf41873e0 is an unknown value
R14=0x00007fddf41898a0 is an unknown value
R15=0x0000000000000000 is an unknown value


Stack: [0x00007fde40fd7000,0x00007fde410d8000],  sp=0x00007fde410d5740,  free space=1017k
Native frames: (J=compiled Java code, j=interpreted, Vv=VM code, C=native code)
C  [i965_dri.so+0x3bb502]

Java frames: (J=compiled Java code, j=interpreted, Vv=VM code)
j  jogamp.opengl.x11.glx.GLX.dispatch_glXSwapBuffers0(JJJ)V+0
j  jogamp.opengl.x11.glx.GLX.glXSwapBuffers(JJ)V+41
j  jogamp.opengl.x11.glx.X11GLXDrawable.swapBuffersImpl(Z)V+17
j  jogamp.opengl.GLDrawableImpl.swapBuffers()V+67
j  javax.media.opengl.awt.GLCanvas$12.run()V+45
j  java.awt.event.InvocationEvent.dispatch()V+11
j  java.awt.EventQueue.dispatchEventImpl(Ljava/awt/AWTEvent;Ljava/lang/Object;)V+21
j  java.awt.EventQueue.access$500(Ljava/awt/EventQueue;Ljava/awt/AWTEvent;Ljava/lang/Object;)V+3
j  java.awt.EventQueue$3.run()Ljava/lang/Void;+32
j  java.awt.EventQueue$3.run()Ljava/lang/Object;+1
v  ~StubRoutines::call_stub
J 491  java.security.AccessController.doPrivileged(Ljava/security/PrivilegedAction;Ljava/security/AccessControlContext;)Ljava/lang/Object; (0 bytes) @ 0x00007fde51234be3 [0x00007fde51234b80+0x63]
J 1974 C1 java.security.ProtectionDomain$JavaSecurityAccessImpl.doIntersectionPrivilege(Ljava/security/PrivilegedAction;Ljava/security/AccessControlContext;Ljava/security/AccessControlContext;)Ljava/lang/Object; (22 bytes) @ 0x00007fde51762dc4 [0x00007fde51762960+0x464]
j  java.awt.EventQueue.dispatchEvent(Ljava/awt/AWTEvent;)V+46
j  java.awt.EventDispatchThread.pumpOneEventForFilters(I)V+245
j  java.awt.EventDispatchThread.pumpEventsForFilter(ILjava/awt/Conditional;Ljava/awt/EventFilter;)V+35
j  java.awt.EventDispatchThread.pumpEventsForHierarchy(ILjava/awt/Conditional;Ljava/awt/Component;)V+11
j  java.awt.EventDispatchThread.pumpEvents(ILjava/awt/Conditional;)V+4
j  java.awt.EventDispatchThread.pumpEvents(Ljava/awt/Conditional;)V+3
j  java.awt.EventDispatchThread.run()V+9
v  ~StubRoutines::call_stub

---------------  P R O C E S S  ---------------

Java Threads: ( => current thread )
  0x00007fde01e2d800 JavaThread "Thread-19" [_thread_blocked, id=5665, stack(0x00007fddeaef0000,0x00007fddeaff1000)]
  0x00007fde30001000 JavaThread "Keep-Alive-Timer" daemon [_thread_blocked, id=5664, stack(0x00007fddeaff1000,0x00007fddeb0f2000)]
  0x00007fde01e2f800 JavaThread "Thread-10" [_thread_in_native, id=5655, stack(0x00007fddea6c9000,0x00007fddea7ca000)]
  0x00007fde01556000 JavaThread "TimerQueue" daemon [_thread_blocked, id=5647, stack(0x00007fddf001d000,0x00007fddf011e000)]
  0x00007fddf41bf800 JavaThread "Animation Thread-SharedResourceRunner" daemon [_thread_blocked, id=5646, stack(0x00007fde409d5000,0x00007fde40ad6000)]
  0x00007fddf4071800 JavaThread "process reaper" daemon [_thread_blocked, id=5642, stack(0x00007fde50022000,0x00007fde5005b000)]
=>0x00007fde04003000 JavaThread "AWT-EventQueue-1" [_thread_in_native, id=5638, stack(0x00007fde40fd7000,0x00007fde410d8000)]
  0x00007fde6000b000 JavaThread "DestroyJavaVM" [_thread_blocked, id=5616, stack(0x00007fde688f1000,0x00007fde689f2000)]
  0x00007fde60373000 JavaThread "AWT-EventQueue-0" [_thread_blocked, id=5635, stack(0x00007fde41804000,0x00007fde41905000)]
  0x00007fde6036e800 JavaThread "AWT-Shutdown" [_thread_blocked, id=5634, stack(0x00007fde41905000,0x00007fde41a06000)]
  0x00007fde6035a000 JavaThread "thread applet-airport.AirportMap.class" [_thread_blocked, id=5633, stack(0x00007fde41a06000,0x00007fde41b07000)]
  0x00007fde6034d000 JavaThread "AWT-XAWT" daemon [_thread_blocked, id=5631, stack(0x00007fde41b07000,0x00007fde41c08000)]
  0x00007fde60329000 JavaThread "Java2D Disposer" daemon [_thread_blocked, id=5630, stack(0x00007fde42018000,0x00007fde42119000)]
  0x00007fde600d3800 JavaThread "Service Thread" daemon [_thread_blocked, id=5628, stack(0x00007fde48058000,0x00007fde48159000)]
  0x00007fde600b4000 JavaThread "C1 CompilerThread2" daemon [_thread_blocked, id=5627, stack(0x00007fde48159000,0x00007fde4825a000)]
  0x00007fde600b2000 JavaThread "C2 CompilerThread1" daemon [_thread_blocked, id=5626, stack(0x00007fde4825a000,0x00007fde4835b000)]
  0x00007fde600af000 JavaThread "C2 CompilerThread0" daemon [_thread_blocked, id=5625, stack(0x00007fde4835b000,0x00007fde4845c000)]
  0x00007fde600ad000 JavaThread "Signal Dispatcher" daemon [_thread_blocked, id=5624, stack(0x00007fde4845c000,0x00007fde4855d000)]
  0x00007fde60085000 JavaThread "Finalizer" daemon [_thread_blocked, id=5623, stack(0x00007fde48836000,0x00007fde48937000)]
  0x00007fde60080000 JavaThread "Reference Handler" daemon [_thread_blocked, id=5622, stack(0x00007fde48937000,0x00007fde48a38000)]

Other Threads:
  0x00007fde60078800 VMThread [stack: 0x00007fde48a38000,0x00007fde48b39000] [id=5621]
  0x00007fde600d6000 WatcherThread [stack: 0x00007fde43eff000,0x00007fde44000000] [id=5629]

VM state:not at safepoint (normal execution)

VM Mutex/Monitor currently owned by a thread: None

Heap:
 PSYoungGen      total 51712K, used 16994K [0x00000000e1800000, 0x00000000e9200000, 0x0000000100000000)
  eden space 48128K, 35% used [0x00000000e1800000,0x00000000e2898ac8,0x00000000e4700000)
  from space 3584K, 0% used [0x00000000e4700000,0x00000000e4700000,0x00000000e4a80000)
  to   space 14336K, 0% used [0x00000000e8400000,0x00000000e8400000,0x00000000e9200000)
 ParOldGen       total 67072K, used 23549K [0x00000000a4800000, 0x00000000a8980000, 0x00000000e1800000)
  object space 67072K, 35% used [0x00000000a4800000,0x00000000a5eff5b0,0x00000000a8980000)
 Metaspace       used 20918K, capacity 21163K, committed 21552K, reserved 1069056K
  class space    used 2058K, capacity 2159K, committed 2176K, reserved 1048576K

Card table byte_map: [0x00007fde64cd0000,0x00007fde64fad000] byte_map_base: 0x00007fde647ac000

Marking Bits: (ParMarkBitMap*) 0x00007fde67bbc220
 Begin Bits: [0x00007fde49240000, 0x00007fde4a920000)
 End Bits:   [0x00007fde4a920000, 0x00007fde4c000000)

Polling page: 0x00007fde68a0e000

CodeCache: size=245760Kb used=7648Kb max_used=7648Kb free=238111Kb
 bounds [0x00007fde51000000, 0x00007fde51780000, 0x00007fde60000000]
 total_blobs=2976 nmethods=2008 adapters=883
 compilation: enabled

Compilation events (10 events):
Event: 7.218 Thread 0x00007fde600b4000 nmethod 2018 0x00007fde51779450 code [0x00007fde517795c0, 0x00007fde51779710]
Event: 7.219 Thread 0x00007fde600b4000 2020       3       sun.font.XRGlyphCacheEntry::getGlyphID (14 bytes)
Event: 7.219 Thread 0x00007fde600b4000 nmethod 2020 0x00007fde5177d1d0 code [0x00007fde5177d340, 0x00007fde5177d548]
Event: 7.219 Thread 0x00007fde600b4000 2019       3       java.awt.KeyboardFocusManager::getCurrentKeyboardFocusManager (7 bytes)
Event: 7.219 Thread 0x00007fde600b4000 nmethod 2019 0x00007fde5177c6d0 code [0x00007fde5177c880, 0x00007fde5177cf18]
Event: 7.219 Thread 0x00007fde600b4000 2021       3       sun.java2d.pipe.Region::dimAdd (20 bytes)
Event: 7.219 Thread 0x00007fde600b4000 nmethod 2021 0x00007fde5177c310 code [0x00007fde5177c480, 0x00007fde5177c650]
Event: 7.286 Thread 0x00007fde600b4000 2022       3       sun.font.CompositeGlyphMapper::getCachedGlyphCode (32 bytes)
Event: 7.286 Thread 0x00007fde600b4000 nmethod 2022 0x00007fde5177be10 code [0x00007fde5177bf80, 0x00007fde5177c1d0]
Event: 7.286 Thread 0x00007fde600b4000 2025       3       sun.java2d.xr.GrowableEltArray::getCharCnt (13 bytes)

GC Heap History (10 events):
Event: 1.925 GC heap before
{Heap before GC invocations=2 (full 0):
 PSYoungGen      total 27648K, used 27638K [0x00000000e1800000, 0x00000000e3680000, 0x0000000100000000)
  eden space 24064K, 100% used [0x00000000e1800000,0x00000000e2f80000,0x00000000e2f80000)
  from space 3584K, 99% used [0x00000000e2f80000,0x00000000e32fdbe0,0x00000000e3300000)
  to   space 3584K, 0% used [0x00000000e3300000,0x00000000e3300000,0x00000000e3680000)
 ParOldGen       total 62976K, used 391K [0x00000000a4800000, 0x00000000a8580000, 0x00000000e1800000)
  object space 62976K, 0% used [0x00000000a4800000,0x00000000a4861d58,0x00000000a8580000)
 Metaspace       used 19397K, capacity 19643K, committed 19968K, reserved 1067008K
  class space    used 1946K, capacity 2023K, committed 2048K, reserved 1048576K
Event: 1.944 GC heap after
Heap after GC invocations=2 (full 0):
 PSYoungGen      total 27648K, used 3571K [0x00000000e1800000, 0x00000000e4e00000, 0x0000000100000000)
  eden space 24064K, 0% used [0x00000000e1800000,0x00000000e1800000,0x00000000e2f80000)
  from space 3584K, 99% used [0x00000000e3300000,0x00000000e367cf50,0x00000000e3680000)
  to   space 3584K, 0% used [0x00000000e2f80000,0x00000000e2f80000,0x00000000e3300000)
 ParOldGen       total 62976K, used 5585K [0x00000000a4800000, 0x00000000a8580000, 0x00000000e1800000)
  object space 62976K, 8% used [0x00000000a4800000,0x00000000a4d744d0,0x00000000a8580000)
 Metaspace       used 19397K, capacity 19643K, committed 19968K, reserved 1067008K
  class space    used 1946K, capacity 2023K, committed 2048K, reserved 1048576K
}
Event: 2.322 GC heap before
{Heap before GC invocations=3 (full 0):
 PSYoungGen      total 27648K, used 27635K [0x00000000e1800000, 0x00000000e4e00000, 0x0000000100000000)
  eden space 24064K, 100% used [0x00000000e1800000,0x00000000e2f80000,0x00000000e2f80000)
  from space 3584K, 99% used [0x00000000e3300000,0x00000000e367cf50,0x00000000e3680000)
  to   space 3584K, 0% used [0x00000000e2f80000,0x00000000e2f80000,0x00000000e3300000)
 ParOldGen       total 62976K, used 5585K [0x00000000a4800000, 0x00000000a8580000, 0x00000000e1800000)
  object space 62976K, 8% used [0x00000000a4800000,0x00000000a4d744d0,0x00000000a8580000)
 Metaspace       used 19400K, capacity 19643K, committed 19968K, reserved 1067008K
  class space    used 1946K, capacity 2023K, committed 2048K, reserved 1048576K
Event: 2.335 GC heap after
Heap after GC invocations=3 (full 0):
 PSYoungGen      total 27648K, used 3556K [0x00000000e1800000, 0x00000000e4e00000, 0x0000000100000000)
  eden space 24064K, 0% used [0x00000000e1800000,0x00000000e1800000,0x00000000e2f80000)
  from space 3584K, 99% used [0x00000000e2f80000,0x00000000e32f9198,0x00000000e3300000)
  to   space 3584K, 0% used [0x00000000e4a80000,0x00000000e4a80000,0x00000000e4e00000)
 ParOldGen       total 62976K, used 10047K [0x00000000a4800000, 0x00000000a8580000, 0x00000000e1800000)
  object space 62976K, 15% used [0x00000000a4800000,0x00000000a51cfe70,0x00000000a8580000)
 Metaspace       used 19400K, capacity 19643K, committed 19968K, reserved 1067008K
  class space    used 1946K, capacity 2023K, committed 2048K, reserved 1048576K
}
Event: 2.849 GC heap before
{Heap before GC invocations=4 (full 0):
 PSYoungGen      total 27648K, used 27620K [0x00000000e1800000, 0x00000000e4e00000, 0x0000000100000000)
  eden space 24064K, 100% used [0x00000000e1800000,0x00000000e2f80000,0x00000000e2f80000)
  from space 3584K, 99% used [0x00000000e2f80000,0x00000000e32f9198,0x00000000e3300000)
  to   space 3584K, 0% used [0x00000000e4a80000,0x00000000e4a80000,0x00000000e4e00000)
 ParOldGen       total 62976K, used 10047K [0x00000000a4800000, 0x00000000a8580000, 0x00000000e1800000)
  object space 62976K, 15% used [0x00000000a4800000,0x00000000a51cfe70,0x00000000a8580000)
 Metaspace       used 20287K, capacity 20483K, committed 20864K, reserved 1069056K
  class space    used 2025K, capacity 2089K, committed 2176K, reserved 1048576K
Event: 2.868 GC heap after
Heap after GC invocations=4 (full 0):
 PSYoungGen      total 51712K, used 3567K [0x00000000e1800000, 0x00000000e4e00000, 0x0000000100000000)
  eden space 48128K, 0% used [0x00000000e1800000,0x00000000e1800000,0x00000000e4700000)
  from space 3584K, 99% used [0x00000000e4a80000,0x00000000e4dfbfd0,0x00000000e4e00000)
  to   space 3584K, 0% used [0x00000000e4700000,0x00000000e4700000,0x00000000e4a80000)
 ParOldGen       total 62976K, used 20078K [0x00000000a4800000, 0x00000000a8580000, 0x00000000e1800000)
  object space 62976K, 31% used [0x00000000a4800000,0x00000000a5b9ba48,0x00000000a8580000)
 Metaspace       used 20287K, capacity 20483K, committed 20864K, reserved 1069056K
  class space    used 2025K, capacity 2089K, committed 2176K, reserved 1048576K
}
Event: 5.921 GC heap before
{Heap before GC invocations=5 (full 0):
 PSYoungGen      total 51712K, used 50800K [0x00000000e1800000, 0x00000000e4e00000, 0x0000000100000000)
  eden space 48128K, 98% used [0x00000000e1800000,0x00000000e4620298,0x00000000e4700000)
  from space 3584K, 99% used [0x00000000e4a80000,0x00000000e4dfbfd0,0x00000000e4e00000)
  to   space 3584K, 0% used [0x00000000e4700000,0x00000000e4700000,0x00000000e4a80000)
 ParOldGen       total 62976K, used 20078K [0x00000000a4800000, 0x00000000a8580000, 0x00000000e1800000)
  object space 62976K, 31% used [0x00000000a4800000,0x00000000a5b9ba48,0x00000000a8580000)
 Metaspace       used 20850K, capacity 21099K, committed 21296K, reserved 1069056K
  class space    used 2053K, capacity 2159K, committed 2176K, reserved 1048576K
Event: 5.931 GC heap after
Heap after GC invocations=5 (full 0):
 PSYoungGen      total 51712K, used 3583K [0x00000000e1800000, 0x00000000e9200000, 0x0000000100000000)
  eden space 48128K, 0% used [0x00000000e1800000,0x00000000e1800000,0x00000000e4700000)
  from space 3584K, 99% used [0x00000000e4700000,0x00000000e4a7ffe0,0x00000000e4a80000)
  to   space 14336K, 0% used [0x00000000e8400000,0x00000000e8400000,0x00000000e9200000)
 ParOldGen       total 62976K, used 24189K [0x00000000a4800000, 0x00000000a8580000, 0x00000000e1800000)
  object space 62976K, 38% used [0x00000000a4800000,0x00000000a5f9f468,0x00000000a8580000)
 Metaspace       used 20850K, capacity 21099K, committed 21296K, reserved 1069056K
  class space    used 2053K, capacity 2159K, committed 2176K, reserved 1048576K
}
Event: 5.931 GC heap before
{Heap before GC invocations=6 (full 1):
 PSYoungGen      total 51712K, used 3583K [0x00000000e1800000, 0x00000000e9200000, 0x0000000100000000)
  eden space 48128K, 0% used [0x00000000e1800000,0x00000000e1800000,0x00000000e4700000)
  from space 3584K, 99% used [0x00000000e4700000,0x00000000e4a7ffe0,0x00000000e4a80000)
  to   space 14336K, 0% used [0x00000000e8400000,0x00000000e8400000,0x00000000e9200000)
 ParOldGen       total 62976K, used 24189K [0x00000000a4800000, 0x00000000a8580000, 0x00000000e1800000)
  object space 62976K, 38% used [0x00000000a4800000,0x00000000a5f9f468,0x00000000a8580000)
 Metaspace       used 20850K, capacity 21099K, committed 21296K, reserved 1069056K
  class space    used 2053K, capacity 2159K, committed 2176K, reserved 1048576K
Event: 5.988 GC heap after
Heap after GC invocations=6 (full 1):
 PSYoungGen      total 51712K, used 0K [0x00000000e1800000, 0x00000000e9200000, 0x0000000100000000)
  eden space 48128K, 0% used [0x00000000e1800000,0x00000000e1800000,0x00000000e4700000)
  from space 3584K, 0% used [0x00000000e4700000,0x00000000e4700000,0x00000000e4a80000)
  to   space 14336K, 0% used [0x00000000e8400000,0x00000000e8400000,0x00000000e9200000)
 ParOldGen       total 67072K, used 23549K [0x00000000a4800000, 0x00000000a8980000, 0x00000000e1800000)
  object space 67072K, 35% used [0x00000000a4800000,0x00000000a5eff5b0,0x00000000a8980000)
 Metaspace       used 20850K, capacity 21099K, committed 21296K, reserved 1069056K
  class space    used 2053K, capacity 2159K, committed 2176K, reserved 1048576K
}

Deoptimization events (10 events):
Event: 2.643 Thread 0x00007fde04003000 Uncommon trap: reason=class_check action=maybe_recompile pc=0x00007fde514e95a4 method=java.util.regex.Pattern$Curly.match0(Ljava/util/regex/Matcher;IILjava/lang/CharSequence;)Z @ 31
Event: 2.841 Thread 0x00007fde04003000 Uncommon trap: reason=unstable_if action=reinterpret pc=0x00007fde51540cfc method=processing.opengl.PGraphicsOpenGL$InGeometry.addVertex(FFFIFFFFFIFIIIFIZ)I @ 218
Event: 2.950 Thread 0x00007fde04003000 Uncommon trap: reason=class_check action=maybe_recompile pc=0x00007fde514a86e4 method=java.util.AbstractCollection.toArray([Ljava/lang/Object;)[Ljava/lang/Object; @ 1
Event: 2.950 Thread 0x00007fde04003000 Uncommon trap: reason=class_check action=maybe_recompile pc=0x00007fde514a86e4 method=java.util.AbstractCollection.toArray([Ljava/lang/Object;)[Ljava/lang/Object; @ 1
Event: 2.950 Thread 0x00007fde04003000 Uncommon trap: reason=class_check action=maybe_recompile pc=0x00007fde514a86e4 method=java.util.AbstractCollection.toArray([Ljava/lang/Object;)[Ljava/lang/Object; @ 1
Event: 2.950 Thread 0x00007fde04003000 Uncommon trap: reason=class_check action=maybe_recompile pc=0x00007fde514a86e4 method=java.util.AbstractCollection.toArray([Ljava/lang/Object;)[Ljava/lang/Object; @ 1
Event: 2.950 Thread 0x00007fde04003000 Uncommon trap: reason=unstable_if action=reinterpret pc=0x00007fde5127aba0 method=java.lang.CharacterData.of(I)Ljava/lang/CharacterData; @ 4
Event: 2.996 Thread 0x00007fde04003000 Uncommon trap: reason=predicate action=maybe_recompile pc=0x00007fde515bb59c method=java.util.AbstractCollection.toArray([Ljava/lang/Object;)[Ljava/lang/Object; @ 49
Event: 4.581 Thread 0x00007fde04003000 Uncommon trap: reason=unstable_if action=reinterpret pc=0x00007fde5157f75c method=processing.opengl.PGraphicsOpenGL$TessGeometry.polyIndexCheck(I)V @ 13
Event: 4.581 Thread 0x00007fde04003000 Uncommon trap: reason=unstable_if action=reinterpret pc=0x00007fde51521ef0 method=processing.core.PApplet.max(III)I @ 20

Internal exceptions (10 events):
Event: 3.714 Thread 0x00007fde01e2d800 Exception <a 'java/security/PrivilegedActionException'> (0x00000000e2488088) thrown at [/build/openjdk-8-8jAw7G/openjdk-8-8u111-b14/src/hotspot/src/share/vm/prims/jvm.cpp, line 1386]
Event: 3.831 Thread 0x00007fde01e2a800 Exception <a 'java/security/PrivilegedActionException'> (0x00000000e2457e38) thrown at [/build/openjdk-8-8jAw7G/openjdk-8-8u111-b14/src/hotspot/src/share/vm/prims/jvm.cpp, line 1386]
Event: 4.417 Thread 0x00007fde01e2d800 Exception <a 'java/security/PrivilegedActionException'> (0x00000000e2be7848) thrown at [/build/openjdk-8-8jAw7G/openjdk-8-8u111-b14/src/hotspot/src/share/vm/prims/jvm.cpp, line 1386]
Event: 4.444 Thread 0x00007fde01e2b800 Exception <a 'java/security/PrivilegedActionException'> (0x00000000e2995058) thrown at [/build/openjdk-8-8jAw7G/openjdk-8-8u111-b14/src/hotspot/src/share/vm/prims/jvm.cpp, line 1386]
Event: 4.552 Thread 0x00007fde01e2a800 Exception <a 'java/security/PrivilegedActionException'> (0x00000000e2d4dca0) thrown at [/build/openjdk-8-8jAw7G/openjdk-8-8u111-b14/src/hotspot/src/share/vm/prims/jvm.cpp, line 1386]
Event: 5.033 Thread 0x00007fde01e2a800 Exception <a 'java/security/PrivilegedActionException'> (0x00000000e35fb870) thrown at [/build/openjdk-8-8jAw7G/openjdk-8-8u111-b14/src/hotspot/src/share/vm/prims/jvm.cpp, line 1386]
Event: 5.558 Thread 0x00007fde01e2d800 Exception <a 'java/security/PrivilegedActionException'> (0x00000000e332ef80) thrown at [/build/openjdk-8-8jAw7G/openjdk-8-8u111-b14/src/hotspot/src/share/vm/prims/jvm.cpp, line 1386]
Event: 5.597 Thread 0x00007fde01e2a800 Exception <a 'java/security/PrivilegedActionException'> (0x00000000e3c4f8b0) thrown at [/build/openjdk-8-8jAw7G/openjdk-8-8u111-b14/src/hotspot/src/share/vm/prims/jvm.cpp, line 1386]
Event: 5.992 Thread 0x00007fde01e2d800 Exception <a 'java/security/PrivilegedActionException'> (0x00000000e1a2cea0) thrown at [/build/openjdk-8-8jAw7G/openjdk-8-8u111-b14/src/hotspot/src/share/vm/prims/jvm.cpp, line 1386]
Event: 6.000 Thread 0x00007fde01e2b800 Exception <a 'java/security/PrivilegedActionException'> (0x00000000e1a44f68) thrown at [/build/openjdk-8-8jAw7G/openjdk-8-8u111-b14/src/hotspot/src/share/vm/prims/jvm.cpp, line 1386]

Events (10 events):
Event: 7.146 loading class sun/applet/AppletViewer$3
Event: 7.146 loading class sun/applet/AppletViewer$3 done
Event: 7.146 Thread 0x00007fde01e2d800 Thread added: 0x00007fde01e2d800
Event: 7.146 loading class sun/applet/AppletPanel$4
Event: 7.146 loading class sun/applet/AppletPanel$4 done
Event: 7.218 loading class java/awt/KeyboardFocusManager$2
Event: 7.218 loading class java/awt/KeyboardFocusManager$2 done
Event: 7.218 loading class sun/awt/SunToolkit$1
Event: 7.218 loading class sun/awt/SunToolkit$1 done
Event: 7.285 Thread 0x00007fde04009000 Thread exited: 0x00007fde04009000


Dynamic libraries:
00400000-00401000 r-xp 00000000 08:07 1970218                            /usr/lib/jvm/java-8-openjdk-amd64/jre/bin/java
00600000-00601000 r--p 00000000 08:07 1970218                            /usr/lib/jvm/java-8-openjdk-amd64/jre/bin/java
00601000-00602000 rw-p 00001000 08:07 1970218                            /usr/lib/jvm/java-8-openjdk-amd64/jre/bin/java
01468000-01489000 rw-p 00000000 00:00 0                                  [heap]
a4800000-a8980000 rw-p 00000000 00:00 0 
a8980000-e1800000 ---p 00000000 00:00 0 
e1800000-e9200000 rw-p 00000000 00:00 0 
e9200000-100000000 ---p 00000000 00:00 0 
100000000-100220000 rw-p 00000000 00:00 0 
100220000-140000000 ---p 00000000 00:00 0 
7fddd4000000-7fddd4021000 rw-p 00000000 00:00 0 
7fddd4021000-7fddd8000000 ---p 00000000 00:00 0 
7fddd8000000-7fddd8021000 rw-p 00000000 00:00 0 
7fddd8021000-7fdddc000000 ---p 00000000 00:00 0 
7fdddc000000-7fdddc021000 rw-p 00000000 00:00 0 
7fdddc021000-7fdde0000000 ---p 00000000 00:00 0 
7fdde0000000-7fdde0021000 rw-p 00000000 00:00 0 
7fdde0021000-7fdde4000000 ---p 00000000 00:00 0 
7fdde4000000-7fdde4021000 rw-p 00000000 00:00 0 
7fdde4021000-7fdde8000000 ---p 00000000 00:00 0 
7fdde9951000-7fdde99c1000 rw-s 00000000 00:05 80533                      /drm mm object (deleted)
7fdde99c1000-7fdde9a31000 rw-s 00000000 00:05 82319                      /drm mm object (deleted)
7fdde9a31000-7fdde9aa1000 rw-s 00000000 00:05 82315                      /drm mm object (deleted)
7fdde9aa1000-7fdde9b11000 rw-s 00000000 00:05 82314                      /drm mm object (deleted)
7fdde9b11000-7fdde9b81000 rw-s 00000000 00:05 82313                      /drm mm object (deleted)
7fdde9b81000-7fdde9bf1000 rw-s 00000000 00:05 82312                      /drm mm object (deleted)
7fdde9bf1000-7fdde9c61000 rw-s 00000000 00:05 81305                      /drm mm object (deleted)
7fdde9c61000-7fdde9cd1000 rw-s 00000000 00:05 82311                      /drm mm object (deleted)
7fdde9cd1000-7fdde9d41000 rw-s 00000000 00:05 82300                      /drm mm object (deleted)
7fdde9d41000-7fdde9db1000 rw-s 00000000 00:05 82293                      /drm mm object (deleted)
7fdde9db1000-7fdde9e21000 rw-s 00000000 00:05 82288                      /drm mm object (deleted)
7fdde9e21000-7fdde9e29000 rw-s 00000000 00:05 81286                      /drm mm object (deleted)
7fdde9e49000-7fdde9eb9000 rw-s 00000000 00:05 80532                      /drm mm object (deleted)
7fdde9eb9000-7fdde9f29000 rw-s 00000000 00:05 81308                      /drm mm object (deleted)
7fdde9ffc000-7fddea007000 r--s 00000000 08:07 4327581                    /var/cache/fontconfig/945677eb7aeaf62f1d50efc3fb3ec7d8-le64.cache-6
7fddea007000-7fddea00d000 r--s 00000000 08:07 4329071                    /var/cache/fontconfig/2cd17615ca594fa2959ae173292e504c-le64.cache-6
7fddea00d000-7fddea00e000 r--s 00000000 08:07 4329068                    /var/cache/fontconfig/0d8c3b2ac0904cb8a57a757ad11a4a08-le64.cache-6
7fddea00e000-7fddea023000 r--s 00000000 08:07 4329067                    /var/cache/fontconfig/04aabc0a78ac019cf9454389977116d2-le64.cache-6
7fddea023000-7fddea024000 r--s 00000000 08:07 4329018                    /var/cache/fontconfig/1ac9eb803944fde146138c791f5cc56a-le64.cache-6
7fddea024000-7fddea028000 r--s 00000000 08:07 4329017                    /var/cache/fontconfig/385c0604a188198f04d133e54aba7fe7-le64.cache-6
7fddea028000-7fddea029000 r--s 00000000 08:07 4329000                    /var/cache/fontconfig/dc05db6664285cc2f12bf69c139ae4c3-le64.cache-6
7fddea029000-7fddea02c000 r--s 00000000 08:07 4328908                    /var/cache/fontconfig/767a8244fc0220cfb567a839d0392e0b-le64.cache-6
7fddea02c000-7fddea031000 r--s 00000000 08:07 4328728                    /var/cache/fontconfig/8801497958630a81b71ace7c5f9b32a8-le64.cache-6
7fddea031000-7fddea038000 r--s 00000000 08:07 4328644                    /var/cache/fontconfig/3047814df9a2f067bd2d96a2b9c36e5a-le64.cache-6
7fddea038000-7fddea04b000 r--s 00000000 08:07 4328539                    /var/cache/fontconfig/d52a8644073d54c13679302ca1180695-le64.cache-6
7fddea04b000-7fddea056000 r--s 00000000 08:07 4335839                    /var/cache/fontconfig/d589a48862398ed80a3d6066f4f56f4c-le64.cache-6
7fddea1b9000-7fddea229000 rw-s 00000000 00:05 81311                      /drm mm object (deleted)
7fddea229000-7fddea299000 rw-s 00000000 00:05 81310                      /drm mm object (deleted)
7fddea299000-7fddea385000 rw-p 00000000 00:00 0 
7fddea385000-7fddea499000 ---p 00000000 00:00 0 
7fddea499000-7fddea509000 rw-s 101639000 00:06 231                       /dev/dri/card0
7fddea509000-7fddea6c9000 rw-s 00000000 00:05 82278                      /drm mm object (deleted)
7fddea6c9000-7fddea6cc000 ---p 00000000 00:00 0 
7fddea6cc000-7fddea7ca000 rw-p 00000000 00:00 0 
7fddea7ca000-7fddea7cd000 ---p 00000000 00:00 0 
7fddea7cd000-7fddea8cb000 rw-p 00000000 00:00 0 
7fddea8cb000-7fddea8e2000 r-xp 00000000 08:07 4456540                    /lib/x86_64-linux-gnu/libresolv-2.23.so
7fddea8e2000-7fddeaae2000 ---p 00017000 08:07 4456540                    /lib/x86_64-linux-gnu/libresolv-2.23.so
7fddeaae2000-7fddeaae3000 r--p 00017000 08:07 4456540                    /lib/x86_64-linux-gnu/libresolv-2.23.so
7fddeaae3000-7fddeaae4000 rw-p 00018000 08:07 4456540                    /lib/x86_64-linux-gnu/libresolv-2.23.so
7fddeaae4000-7fddeaae6000 rw-p 00000000 00:00 0 
7fddeaae6000-7fddeaaeb000 r-xp 00000000 08:07 4461092                    /lib/x86_64-linux-gnu/libnss_dns-2.23.so
7fddeaaeb000-7fddeaceb000 ---p 00005000 08:07 4461092                    /lib/x86_64-linux-gnu/libnss_dns-2.23.so
7fddeaceb000-7fddeacec000 r--p 00005000 08:07 4461092                    /lib/x86_64-linux-gnu/libnss_dns-2.23.so
7fddeacec000-7fddeaced000 rw-p 00006000 08:07 4461092                    /lib/x86_64-linux-gnu/libnss_dns-2.23.so
7fddeaced000-7fddeacef000 r-xp 00000000 08:07 4461319                    /lib/x86_64-linux-gnu/libnss_mdns4_minimal.so.2
7fddeacef000-7fddeaeee000 ---p 00002000 08:07 4461319                    /lib/x86_64-linux-gnu/libnss_mdns4_minimal.so.2
7fddeaeee000-7fddeaeef000 r--p 00001000 08:07 4461319                    /lib/x86_64-linux-gnu/libnss_mdns4_minimal.so.2
7fddeaeef000-7fddeaef0000 rw-p 00002000 08:07 4461319                    /lib/x86_64-linux-gnu/libnss_mdns4_minimal.so.2
7fddeaef0000-7fddeaef3000 ---p 00000000 00:00 0 
7fddeaef3000-7fddeaff1000 rw-p 00000000 00:00 0 
7fddeaff1000-7fddeaff4000 ---p 00000000 00:00 0 
7fddeaff4000-7fddeb0f2000 rw-p 00000000 00:00 0 
7fddeb0f2000-7fddeb2b2000 rw-s 00000000 00:05 80512                      /drm mm object (deleted)
7fddeb2b2000-7fddeb4b2000 rw-p 00000000 00:00 0 
7fddeb4b2000-7fddeb732000 rw-s 00000000 00:05 80492                      /drm mm object (deleted)
7fddeb732000-7fddeb9b2000 rw-s 00000000 00:05 80491                      /drm mm object (deleted)
7fddeb9b2000-7fddeb9e9000 r-xp 00000000 08:07 271906                     /usr/lib/x86_64-linux-gnu/libtxc_dxtn_s2tc.so.0.0.0
7fddeb9e9000-7fddebbe8000 ---p 00037000 08:07 271906                     /usr/lib/x86_64-linux-gnu/libtxc_dxtn_s2tc.so.0.0.0
7fddebbe8000-7fddebbe9000 r--p 00036000 08:07 271906                     /usr/lib/x86_64-linux-gnu/libtxc_dxtn_s2tc.so.0.0.0
7fddebbe9000-7fddebbea000 rw-p 00037000 08:07 271906                     /usr/lib/x86_64-linux-gnu/libtxc_dxtn_s2tc.so.0.0.0
7fddebbea000-7fddebbf2000 r-xp 00000000 08:07 271668                     /usr/lib/x86_64-linux-gnu/libpciaccess.so.0.11.1
7fddebbf2000-7fddebdf2000 ---p 00008000 08:07 271668                     /usr/lib/x86_64-linux-gnu/libpciaccess.so.0.11.1
7fddebdf2000-7fddebdf3000 r--p 00008000 08:07 271668                     /usr/lib/x86_64-linux-gnu/libpciaccess.so.0.11.1
7fddebdf3000-7fddebdf4000 rw-p 00009000 08:07 271668                     /usr/lib/x86_64-linux-gnu/libpciaccess.so.0.11.1
7fddebdf4000-7fddebdff000 r-xp 00000000 08:07 264369                     /usr/lib/x86_64-linux-gnu/libdrm_radeon.so.1.0.1
7fddebdff000-7fddebffe000 ---p 0000b000 08:07 264369                     /usr/lib/x86_64-linux-gnu/libdrm_radeon.so.1.0.1
7fddebffe000-7fddebfff000 r--p 0000a000 08:07 264369                     /usr/lib/x86_64-linux-gnu/libdrm_radeon.so.1.0.1
7fddebfff000-7fddec000000 rw-p 0000b000 08:07 264369                     /usr/lib/x86_64-linux-gnu/libdrm_radeon.so.1.0.1
7fddec000000-7fdded7b3000 rw-p 00000000 00:00 0 
7fdded7b3000-7fddf0000000 ---p 00000000 00:00 0 
7fddf0000000-7fddf0001000 r--s 00000000 08:07 4328901                    /var/cache/fontconfig/4794a0821666d79190d59a36cb4f44b5-le64.cache-6
7fddf0001000-7fddf0002000 r--s 00000000 08:07 4328724                    /var/cache/fontconfig/bab58bb527bb656aaa9f116d68a48d89-le64.cache-6
7fddf0002000-7fddf0008000 r--s 00000000 08:07 4328543                    /var/cache/fontconfig/b47c4e1ecd0709278f4910c18777a504-le64.cache-6
7fddf0008000-7fddf000b000 r--s 00000000 08:07 4328313                    /var/cache/fontconfig/75114ca45c98e8a441da0ff356701271-le64.cache-6
7fddf000b000-7fddf001d000 r--s 00000000 08:07 4325462                    /var/cache/fontconfig/9b89f8e3dae116d678bbf48e5f21f69b-le64.cache-6
7fddf001d000-7fddf0020000 ---p 00000000 00:00 0 
7fddf0020000-7fddf011e000 rw-p 00000000 00:00 0 
7fddf011e000-7fddf0125000 r-xp 00000000 08:07 264367                     /usr/lib/x86_64-linux-gnu/libdrm_nouveau.so.2.0.0
7fddf0125000-7fddf0324000 ---p 00007000 08:07 264367                     /usr/lib/x86_64-linux-gnu/libdrm_nouveau.so.2.0.0
7fddf0324000-7fddf0325000 r--p 00006000 08:07 264367                     /usr/lib/x86_64-linux-gnu/libdrm_nouveau.so.2.0.0
7fddf0325000-7fddf0326000 rw-p 00007000 08:07 264367                     /usr/lib/x86_64-linux-gnu/libdrm_nouveau.so.2.0.0
7fddf0326000-7fddf0346000 r-xp 00000000 08:07 264365                     /usr/lib/x86_64-linux-gnu/libdrm_intel.so.1.0.0
7fddf0346000-7fddf0545000 ---p 00020000 08:07 264365                     /usr/lib/x86_64-linux-gnu/libdrm_intel.so.1.0.0
7fddf0545000-7fddf0546000 r--p 0001f000 08:07 264365                     /usr/lib/x86_64-linux-gnu/libdrm_intel.so.1.0.0
7fddf0546000-7fddf0547000 rw-p 00020000 08:07 264365                     /usr/lib/x86_64-linux-gnu/libdrm_intel.so.1.0.0
7fddf0547000-7fddf0b4c000 r-xp 00000000 08:07 524913                     /usr/lib/x86_64-linux-gnu/dri/i965_dri.so
7fddf0b4c000-7fddf0d4c000 ---p 00605000 08:07 524913                     /usr/lib/x86_64-linux-gnu/dri/i965_dri.so
7fddf0d4c000-7fddf0d82000 r--p 00605000 08:07 524913                     /usr/lib/x86_64-linux-gnu/dri/i965_dri.so
7fddf0d82000-7fddf0d89000 rw-p 0063b000 08:07 524913                     /usr/lib/x86_64-linux-gnu/dri/i965_dri.so
7fddf0d89000-7fddf0d91000 rw-p 00000000 00:00 0 
7fddf0d91000-7fddf0d93000 r-xp 00000000 08:07 270744                     /usr/lib/x86_64-linux-gnu/libXinerama.so.1.0.0
7fddf0d93000-7fddf0f92000 ---p 00002000 08:07 270744                     /usr/lib/x86_64-linux-gnu/libXinerama.so.1.0.0
7fddf0f92000-7fddf0f93000 r--p 00001000 08:07 270744                     /usr/lib/x86_64-linux-gnu/libXinerama.so.1.0.0
7fddf0f93000-7fddf0f94000 rw-p 00002000 08:07 270744                     /usr/lib/x86_64-linux-gnu/libXinerama.so.1.0.0
7fddf0f94000-7fddf0fd9000 r-xp 00000000 08:07 2102641                    /tmp/jogamp_0000/file_cache/jln7480749974423150439/jln1512407432696185551/libjogl_mobile.so
7fddf0fd9000-7fddf11d9000 ---p 00045000 08:07 2102641                    /tmp/jogamp_0000/file_cache/jln7480749974423150439/jln1512407432696185551/libjogl_mobile.so
7fddf11d9000-7fddf11da000 rw-p 00045000 08:07 2102641                    /tmp/jogamp_0000/file_cache/jln7480749974423150439/jln1512407432696185551/libjogl_mobile.so
7fddf11da000-7fddf11e1000 r-xp 00000000 08:07 271104                     /usr/lib/x86_64-linux-gnu/libffi.so.6.0.4
7fddf11e1000-7fddf13e0000 ---p 00007000 08:07 271104                     /usr/lib/x86_64-linux-gnu/libffi.so.6.0.4
7fddf13e0000-7fddf13e1000 r--p 00006000 08:07 271104                     /usr/lib/x86_64-linux-gnu/libffi.so.6.0.4
7fddf13e1000-7fddf13e2000 rw-p 00007000 08:07 271104                     /usr/lib/x86_64-linux-gnu/libffi.so.6.0.4
7fddf13e2000-7fddf13ee000 r-xp 00000000 08:07 263557                     /usr/lib/x86_64-linux-gnu/libgbm.so.1.0.0
7fddf13ee000-7fddf15ee000 ---p 0000c000 08:07 263557                     /usr/lib/x86_64-linux-gnu/libgbm.so.1.0.0
7fddf15ee000-7fddf15ef000 r--p 0000c000 08:07 263557                     /usr/lib/x86_64-linux-gnu/libgbm.so.1.0.0
7fddf15ef000-7fddf15f0000 rw-p 0000d000 08:07 263557                     /usr/lib/x86_64-linux-gnu/libgbm.so.1.0.0
7fddf15f0000-7fddf15ff000 r-xp 00000000 08:07 271997                     /usr/lib/x86_64-linux-gnu/libwayland-server.so.0.1.0
7fddf15ff000-7fddf17fe000 ---p 0000f000 08:07 271997                     /usr/lib/x86_64-linux-gnu/libwayland-server.so.0.1.0
7fddf17fe000-7fddf1800000 r--p 0000e000 08:07 271997                     /usr/lib/x86_64-linux-gnu/libwayland-server.so.0.1.0
7fddf1800000-7fddf1801000 rw-p 00010000 08:07 271997                     /usr/lib/x86_64-linux-gnu/libwayland-server.so.0.1.0
7fddf1801000-7fddf180d000 r-xp 00000000 08:07 271991                     /usr/lib/x86_64-linux-gnu/libwayland-client.so.0.3.0
7fddf180d000-7fddf1a0c000 ---p 0000c000 08:07 271991                     /usr/lib/x86_64-linux-gnu/libwayland-client.so.0.3.0
7fddf1a0c000-7fddf1a0e000 r--p 0000b000 08:07 271991                     /usr/lib/x86_64-linux-gnu/libwayland-client.so.0.3.0
7fddf1a0e000-7fddf1a0f000 rw-p 0000d000 08:07 271991                     /usr/lib/x86_64-linux-gnu/libwayland-client.so.0.3.0
7fddf1a0f000-7fddf1a15000 r-xp 00000000 08:07 272095                     /usr/lib/x86_64-linux-gnu/libxcb-xfixes.so.0.0.0
7fddf1a15000-7fddf1c15000 ---p 00006000 08:07 272095                     /usr/lib/x86_64-linux-gnu/libxcb-xfixes.so.0.0.0
7fddf1c15000-7fddf1c16000 r--p 00006000 08:07 272095                     /usr/lib/x86_64-linux-gnu/libxcb-xfixes.so.0.0.0
7fddf1c16000-7fddf1c17000 rw-p 00007000 08:07 272095                     /usr/lib/x86_64-linux-gnu/libxcb-xfixes.so.0.0.0
7fddf1c17000-7fddf1c47000 r-xp 00000000 08:07 524909                     /usr/lib/x86_64-linux-gnu/mesa-egl/libEGL.so.1.0.0
7fddf1c47000-7fddf1e47000 ---p 00030000 08:07 524909                     /usr/lib/x86_64-linux-gnu/mesa-egl/libEGL.so.1.0.0
7fddf1e47000-7fddf1e48000 r--p 00030000 08:07 524909                     /usr/lib/x86_64-linux-gnu/mesa-egl/libEGL.so.1.0.0
7fddf1e48000-7fddf1e49000 rw-p 00031000 08:07 524909                     /usr/lib/x86_64-linux-gnu/mesa-egl/libEGL.so.1.0.0
7fddf1e49000-7fddf1eee000 r-xp 00000000 08:07 2102637                    /tmp/jogamp_0000/file_cache/jln7480749974423150439/jln1512407432696185551/libjogl_desktop.so
7fddf1eee000-7fddf20ee000 ---p 000a5000 08:07 2102637                    /tmp/jogamp_0000/file_cache/jln7480749974423150439/jln1512407432696185551/libjogl_desktop.so
7fddf20ee000-7fddf20ef000 rw-p 000a5000 08:07 2102637                    /tmp/jogamp_0000/file_cache/jln7480749974423150439/jln1512407432696185551/libjogl_desktop.so
7fddf20ef000-7fddf20fd000 r-xp 00000000 08:07 266773                     /usr/lib/x86_64-linux-gnu/libdrm.so.2.4.0
7fddf20fd000-7fddf22fc000 ---p 0000e000 08:07 266773                     /usr/lib/x86_64-linux-gnu/libdrm.so.2.4.0
7fddf22fc000-7fddf22fd000 r--p 0000d000 08:07 266773                     /usr/lib/x86_64-linux-gnu/libdrm.so.2.4.0
7fddf22fd000-7fddf22fe000 rw-p 0000e000 08:07 266773                     /usr/lib/x86_64-linux-gnu/libdrm.so.2.4.0
7fddf22fe000-7fddf2302000 r-xp 00000000 08:07 272067                     /usr/lib/x86_64-linux-gnu/libxcb-dri2.so.0.0.0
7fddf2302000-7fddf2501000 ---p 00004000 08:07 272067                     /usr/lib/x86_64-linux-gnu/libxcb-dri2.so.0.0.0
7fddf2501000-7fddf2502000 r--p 00003000 08:07 272067                     /usr/lib/x86_64-linux-gnu/libxcb-dri2.so.0.0.0
7fddf2502000-7fddf2503000 rw-p 00004000 08:07 272067                     /usr/lib/x86_64-linux-gnu/libxcb-dri2.so.0.0.0
7fddf2503000-7fddf251a000 r-xp 00000000 08:07 272071                     /usr/lib/x86_64-linux-gnu/libxcb-glx.so.0.0.0
7fddf251a000-7fddf2719000 ---p 00017000 08:07 272071                     /usr/lib/x86_64-linux-gnu/libxcb-glx.so.0.0.0
7fddf2719000-7fddf271b000 r--p 00016000 08:07 272071                     /usr/lib/x86_64-linux-gnu/libxcb-glx.so.0.0.0
7fddf271b000-7fddf271c000 rw-p 00018000 08:07 272071                     /usr/lib/x86_64-linux-gnu/libxcb-glx.so.0.0.0
7fddf271c000-7fddf271d000 r-xp 00000000 08:07 270715                     /usr/lib/x86_64-linux-gnu/libX11-xcb.so.1.0.0
7fddf271d000-7fddf291c000 ---p 00001000 08:07 270715                     /usr/lib/x86_64-linux-gnu/libX11-xcb.so.1.0.0
7fddf291c000-7fddf291d000 r--p 00000000 08:07 270715                     /usr/lib/x86_64-linux-gnu/libX11-xcb.so.1.0.0
7fddf291d000-7fddf291e000 rw-p 00001000 08:07 270715                     /usr/lib/x86_64-linux-gnu/libX11-xcb.so.1.0.0
7fddf291e000-7fddf2920000 r-xp 00000000 08:07 270730                     /usr/lib/x86_64-linux-gnu/libXdamage.so.1.1.0
7fddf2920000-7fddf2b1f000 ---p 00002000 08:07 270730                     /usr/lib/x86_64-linux-gnu/libXdamage.so.1.1.0
7fddf2b1f000-7fddf2b20000 r--p 00001000 08:07 270730                     /usr/lib/x86_64-linux-gnu/libXdamage.so.1.1.0
7fddf2b20000-7fddf2b21000 rw-p 00002000 08:07 270730                     /usr/lib/x86_64-linux-gnu/libXdamage.so.1.1.0
7fddf2b21000-7fddf2b4a000 r-xp 00000000 08:07 264376                     /usr/lib/x86_64-linux-gnu/libglapi.so.0.0.0
7fddf2b4a000-7fddf2d49000 ---p 00029000 08:07 264376                     /usr/lib/x86_64-linux-gnu/libglapi.so.0.0.0
7fddf2d49000-7fddf2d4d000 r--p 00028000 08:07 264376                     /usr/lib/x86_64-linux-gnu/libglapi.so.0.0.0
7fddf2d4d000-7fddf2d4e000 rw-p 0002c000 08:07 264376                     /usr/lib/x86_64-linux-gnu/libglapi.so.0.0.0
7fddf2d4e000-7fddf2d4f000 rw-p 00000000 00:00 0 
7fddf2d4f000-7fddf2d50000 r-xp 00000000 08:07 272111                     /usr/lib/x86_64-linux-gnu/libxshmfence.so.1.0.0
7fddf2d50000-7fddf2f50000 ---p 00001000 08:07 272111                     /usr/lib/x86_64-linux-gnu/libxshmfence.so.1.0.0
7fddf2f50000-7fddf2f51000 r--p 00001000 08:07 272111                     /usr/lib/x86_64-linux-gnu/libxshmfence.so.1.0.0
7fddf2f51000-7fddf2f52000 rw-p 00002000 08:07 272111                     /usr/lib/x86_64-linux-gnu/libxshmfence.so.1.0.0
7fddf2f52000-7fddf2f57000 r-xp 00000000 08:07 272091                     /usr/lib/x86_64-linux-gnu/libxcb-sync.so.1.0.0
7fddf2f57000-7fddf3157000 ---p 00005000 08:07 272091                     /usr/lib/x86_64-linux-gnu/libxcb-sync.so.1.0.0
7fddf3157000-7fddf3158000 r--p 00005000 08:07 272091                     /usr/lib/x86_64-linux-gnu/libxcb-sync.so.1.0.0
7fddf3158000-7fddf3159000 rw-p 00006000 08:07 272091                     /usr/lib/x86_64-linux-gnu/libxcb-sync.so.1.0.0
7fddf3159000-7fddf315b000 r-xp 00000000 08:07 272079                     /usr/lib/x86_64-linux-gnu/libxcb-present.so.0.0.0
7fddf315b000-7fddf335a000 ---p 00002000 08:07 272079                     /usr/lib/x86_64-linux-gnu/libxcb-present.so.0.0.0
7fddf335a000-7fddf335b000 r--p 00001000 08:07 272079                     /usr/lib/x86_64-linux-gnu/libxcb-present.so.0.0.0
7fddf335b000-7fddf335c000 rw-p 00002000 08:07 272079                     /usr/lib/x86_64-linux-gnu/libxcb-present.so.0.0.0
7fddf335c000-7fddf335e000 r-xp 00000000 08:07 272069                     /usr/lib/x86_64-linux-gnu/libxcb-dri3.so.0.0.0
7fddf335e000-7fddf355d000 ---p 00002000 08:07 272069                     /usr/lib/x86_64-linux-gnu/libxcb-dri3.so.0.0.0
7fddf355d000-7fddf355e000 r--p 00001000 08:07 272069                     /usr/lib/x86_64-linux-gnu/libxcb-dri3.so.0.0.0
7fddf355e000-7fddf355f000 rw-p 00002000 08:07 272069                     /usr/lib/x86_64-linux-gnu/libxcb-dri3.so.0.0.0
7fddf355f000-7fddf3585000 r-xp 00000000 08:07 4461245                    /lib/x86_64-linux-gnu/libexpat.so.1.6.0
7fddf3585000-7fddf3785000 ---p 00026000 08:07 4461245                    /lib/x86_64-linux-gnu/libexpat.so.1.6.0
7fddf3785000-7fddf3787000 r--p 00026000 08:07 4461245                    /lib/x86_64-linux-gnu/libexpat.so.1.6.0
7fddf3787000-7fddf3788000 rw-p 00028000 08:07 4461245                    /lib/x86_64-linux-gnu/libexpat.so.1.6.0
7fddf3788000-7fddf37f5000 r-xp 00000000 08:07 524930                     /usr/lib/x86_64-linux-gnu/mesa/libGL.so.1.2.0
7fddf37f5000-7fddf39f4000 ---p 0006d000 08:07 524930                     /usr/lib/x86_64-linux-gnu/mesa/libGL.so.1.2.0
7fddf39f4000-7fddf39f7000 r--p 0006c000 08:07 524930                     /usr/lib/x86_64-linux-gnu/mesa/libGL.so.1.2.0
7fddf39f7000-7fddf39f8000 rw-p 0006f000 08:07 524930                     /usr/lib/x86_64-linux-gnu/mesa/libGL.so.1.2.0
7fddf39f8000-7fddf3bf9000 rw-p 00000000 00:00 0 
7fddf3bf9000-7fddf3df9000 rw-p 00000000 00:00 0 
7fddf3df9000-7fddf3e00000 r-xp 00000000 08:07 2102648                    /tmp/jogamp_0000/file_cache/jln7480749974423150439/jln1512407432696185551/libnativewindow_x11.so
7fddf3e00000-7fddf3fff000 ---p 00007000 08:07 2102648                    /tmp/jogamp_0000/file_cache/jln7480749974423150439/jln1512407432696185551/libnativewindow_x11.so
7fddf3fff000-7fddf4000000 rw-p 00006000 08:07 2102648                    /tmp/jogamp_0000/file_cache/jln7480749974423150439/jln1512407432696185551/libnativewindow_x11.so
7fddf4000000-7fddf4553000 rw-p 00000000 00:00 0 
7fddf4553000-7fddf8000000 ---p 00000000 00:00 0 
7fddf8000000-7fddf8021000 rw-p 00000000 00:00 0 
7fddf8021000-7fddfc000000 ---p 00000000 00:00 0 
7fddfc000000-7fddfc02a000 rw-p 00000000 00:00 0 
7fddfc02a000-7fde00000000 ---p 00000000 00:00 0 
7fde00000000-7fde0264b000 rw-p 00000000 00:00 0 
7fde0264b000-7fde04000000 ---p 00000000 00:00 0 
7fde04000000-7fde04021000 rw-p 00000000 00:00 0 
7fde04021000-7fde08000000 ---p 00000000 00:00 0 
7fde08000000-7fde08021000 rw-p 00000000 00:00 0 
7fde08021000-7fde0c000000 ---p 00000000 00:00 0 
7fde0c000000-7fde0c021000 rw-p 00000000 00:00 0 
7fde0c021000-7fde10000000 ---p 00000000 00:00 0 
7fde10000000-7fde10021000 rw-p 00000000 00:00 0 
7fde10021000-7fde14000000 ---p 00000000 00:00 0 
7fde14000000-7fde14021000 rw-p 00000000 00:00 0 
7fde14021000-7fde18000000 ---p 00000000 00:00 0 
7fde18000000-7fde18021000 rw-p 00000000 00:00 0 
7fde18021000-7fde1c000000 ---p 00000000 00:00 0 
7fde1c000000-7fde1e1f7000 rw-p 00000000 00:00 0 
7fde1e1f7000-7fde20000000 ---p 00000000 00:00 0 
7fde20000000-7fde20b49000 rw-p 00000000 00:00 0 
7fde20b49000-7fde24000000 ---p 00000000 00:00 0 
7fde24000000-7fde24021000 rw-p 00000000 00:00 0 
7fde24021000-7fde28000000 ---p 00000000 00:00 0 
7fde28000000-7fde28db9000 rw-p 00000000 00:00 0 
7fde28db9000-7fde2c000000 ---p 00000000 00:00 0 
7fde2c000000-7fde2c021000 rw-p 00000000 00:00 0 
7fde2c021000-7fde30000000 ---p 00000000 00:00 0 
7fde30000000-7fde30021000 rw-p 00000000 00:00 0 
7fde30021000-7fde34000000 ---p 00000000 00:00 0 
7fde34000000-7fde34021000 rw-p 00000000 00:00 0 
7fde34021000-7fde38000000 ---p 00000000 00:00 0 
7fde38000000-7fde38021000 rw-p 00000000 00:00 0 
7fde38021000-7fde3c000000 ---p 00000000 00:00 0 
7fde3c000000-7fde3c021000 rw-p 00000000 00:00 0 
7fde3c021000-7fde40000000 ---p 00000000 00:00 0 
7fde40000000-7fde40001000 r--s 00000000 08:07 4328593                    /var/cache/fontconfig/56cf4f4769d0f4abc89a4895d7bd3ae1-le64.cache-6
7fde40019000-7fde40089000 rw-s 1015c9000 00:06 231                       /dev/dri/card0
7fde40089000-7fde40129000 rw-s 101529000 00:06 231                       /dev/dri/card0
7fde40129000-7fde401c9000 rw-s 101489000 00:06 231                       /dev/dri/card0
7fde401c9000-7fde401ce000 r-xp 00000000 08:07 270770                     /usr/lib/x86_64-linux-gnu/libXxf86vm.so.1.0.0
7fde401ce000-7fde403cd000 ---p 00005000 08:07 270770                     /usr/lib/x86_64-linux-gnu/libXxf86vm.so.1.0.0
7fde403cd000-7fde403ce000 r--p 00004000 08:07 270770                     /usr/lib/x86_64-linux-gnu/libXxf86vm.so.1.0.0
7fde403ce000-7fde403cf000 rw-p 00005000 08:07 270770                     /usr/lib/x86_64-linux-gnu/libXxf86vm.so.1.0.0
7fde403cf000-7fde403d1000 r-xp 00000000 08:07 2102642                    /tmp/jogamp_0000/file_cache/jln7480749974423150439/jln1512407432696185551/libnativewindow_awt.so
7fde403d1000-7fde405d0000 ---p 00002000 08:07 2102642                    /tmp/jogamp_0000/file_cache/jln7480749974423150439/jln1512407432696185551/libnativewindow_awt.so
7fde405d0000-7fde405d1000 rw-p 00001000 08:07 2102642                    /tmp/jogamp_0000/file_cache/jln7480749974423150439/jln1512407432696185551/libnativewindow_awt.so
7fde405d1000-7fde405d2000 r-xp 00000000 08:07 1189543                    /usr/lib/jvm/java-8-openjdk-amd64/jre/lib/amd64/libjawt.so
7fde405d2000-7fde407d1000 ---p 00001000 08:07 1189543                    /usr/lib/jvm/java-8-openjdk-amd64/jre/lib/amd64/libjawt.so
7fde407d1000-7fde407d2000 r--p 00000000 08:07 1189543                    /usr/lib/jvm/java-8-openjdk-amd64/jre/lib/amd64/libjawt.so
7fde407d2000-7fde407d3000 rw-p 00001000 08:07 1189543                    /usr/lib/jvm/java-8-openjdk-amd64/jre/lib/amd64/libjawt.so
7fde407d3000-7fde407d5000 r-xp 00000000 08:07 2102618                    /tmp/jogamp_0000/file_cache/jln7480749974423150439/jln1512407432696185551/libgluegen-rt.so
7fde407d5000-7fde409d4000 ---p 00002000 08:07 2102618                    /tmp/jogamp_0000/file_cache/jln7480749974423150439/jln1512407432696185551/libgluegen-rt.so
7fde409d4000-7fde409d5000 rw-p 00001000 08:07 2102618                    /tmp/jogamp_0000/file_cache/jln7480749974423150439/jln1512407432696185551/libgluegen-rt.so
7fde409d5000-7fde409d8000 ---p 00000000 00:00 0 
7fde409d8000-7fde40cd6000 rw-p 00000000 00:00 0 
7fde40cd6000-7fde40cd9000 ---p 00000000 00:00 0 
7fde40cd9000-7fde40fd7000 rw-p 00000000 00:00 0 
7fde40fd7000-7fde40fda000 ---p 00000000 00:00 0 
7fde40fda000-7fde410d8000 rw-p 00000000 00:00 0 
7fde410d8000-7fde410e9000 r-xp 00000000 08:07 1189520                    /usr/lib/jvm/java-8-openjdk-amd64/jre/lib/amd64/libnio.so
7fde410e9000-7fde412e9000 ---p 00011000 08:07 1189520                    /usr/lib/jvm/java-8-openjdk-amd64/jre/lib/amd64/libnio.so
7fde412e9000-7fde412ea000 r--p 00011000 08:07 1189520                    /usr/lib/jvm/java-8-openjdk-amd64/jre/lib/amd64/libnio.so
7fde412ea000-7fde412eb000 rw-p 00012000 08:07 1189520                    /usr/lib/jvm/java-8-openjdk-amd64/jre/lib/amd64/libnio.so
7fde412eb000-7fde415ec000 rw-p 00000000 00:00 0 
7fde415ec000-7fde41603000 r-xp 00000000 08:07 1189541                    /usr/lib/jvm/java-8-openjdk-amd64/jre/lib/amd64/libnet.so
7fde41603000-7fde41802000 ---p 00017000 08:07 1189541                    /usr/lib/jvm/java-8-openjdk-amd64/jre/lib/amd64/libnet.so
7fde41802000-7fde41803000 r--p 00016000 08:07 1189541                    /usr/lib/jvm/java-8-openjdk-amd64/jre/lib/amd64/libnet.so
7fde41803000-7fde41804000 rw-p 00017000 08:07 1189541                    /usr/lib/jvm/java-8-openjdk-amd64/jre/lib/amd64/libnet.so
7fde41804000-7fde41807000 ---p 00000000 00:00 0 
7fde41807000-7fde41905000 rw-p 00000000 00:00 0 
7fde41905000-7fde41908000 ---p 00000000 00:00 0 
7fde41908000-7fde41a06000 rw-p 00000000 00:00 0 
7fde41a06000-7fde41a09000 ---p 00000000 00:00 0 
7fde41a09000-7fde41b07000 rw-p 00000000 00:00 0 
7fde41b07000-7fde41b0a000 ---p 00000000 00:00 0 
7fde41b0a000-7fde41c08000 rw-p 00000000 00:00 0 
7fde41c08000-7fde41c0d000 r-xp 00000000 08:07 270736                     /usr/lib/x86_64-linux-gnu/libXfixes.so.3.1.0
7fde41c0d000-7fde41e0c000 ---p 00005000 08:07 270736                     /usr/lib/x86_64-linux-gnu/libXfixes.so.3.1.0
7fde41e0c000-7fde41e0d000 r--p 00004000 08:07 270736                     /usr/lib/x86_64-linux-gnu/libXfixes.so.3.1.0
7fde41e0d000-7fde41e0e000 rw-p 00005000 08:07 270736                     /usr/lib/x86_64-linux-gnu/libXfixes.so.3.1.0
7fde41e0e000-7fde41e17000 r-xp 00000000 08:07 270728                     /usr/lib/x86_64-linux-gnu/libXcursor.so.1.0.2
7fde41e17000-7fde42016000 ---p 00009000 08:07 270728                     /usr/lib/x86_64-linux-gnu/libXcursor.so.1.0.2
7fde42016000-7fde42017000 r--p 00008000 08:07 270728                     /usr/lib/x86_64-linux-gnu/libXcursor.so.1.0.2
7fde42017000-7fde42018000 rw-p 00009000 08:07 270728                     /usr/lib/x86_64-linux-gnu/libXcursor.so.1.0.2
7fde42018000-7fde4201b000 ---p 00000000 00:00 0 
7fde4201b000-7fde42119000 rw-p 00000000 00:00 0 
7fde42119000-7fde4213d000 r-xp 00000000 08:07 4461355                    /lib/x86_64-linux-gnu/libpng12.so.0.54.0
7fde4213d000-7fde4233c000 ---p 00024000 08:07 4461355                    /lib/x86_64-linux-gnu/libpng12.so.0.54.0
7fde4233c000-7fde4233d000 r--p 00023000 08:07 4461355                    /lib/x86_64-linux-gnu/libpng12.so.0.54.0
7fde4233d000-7fde4233e000 rw-p 00024000 08:07 4461355                    /lib/x86_64-linux-gnu/libpng12.so.0.54.0
7fde4233e000-7fde423e2000 r-xp 00000000 08:07 271152                     /usr/lib/x86_64-linux-gnu/libfreetype.so.6.12.1
7fde423e2000-7fde425e1000 ---p 000a4000 08:07 271152                     /usr/lib/x86_64-linux-gnu/libfreetype.so.6.12.1
7fde425e1000-7fde425e7000 r--p 000a3000 08:07 271152                     /usr/lib/x86_64-linux-gnu/libfreetype.so.6.12.1
7fde425e7000-7fde425e8000 rw-p 000a9000 08:07 271152                     /usr/lib/x86_64-linux-gnu/libfreetype.so.6.12.1
7fde425e8000-7fde4263a000 r-xp 00000000 08:07 1189515                    /usr/lib/jvm/java-8-openjdk-amd64/jre/lib/amd64/libfontmanager.so
7fde4263a000-7fde4283a000 ---p 00052000 08:07 1189515                    /usr/lib/jvm/java-8-openjdk-amd64/jre/lib/amd64/libfontmanager.so
7fde4283a000-7fde4283c000 r--p 00052000 08:07 1189515                    /usr/lib/jvm/java-8-openjdk-amd64/jre/lib/amd64/libfontmanager.so
7fde4283c000-7fde4283d000 rw-p 00054000 08:07 1189515                    /usr/lib/jvm/java-8-openjdk-amd64/jre/lib/amd64/libfontmanager.so
7fde4283d000-7fde42842000 r-xp 00000000 08:07 270732                     /usr/lib/x86_64-linux-gnu/libXdmcp.so.6.0.0
7fde42842000-7fde42a41000 ---p 00005000 08:07 270732                     /usr/lib/x86_64-linux-gnu/libXdmcp.so.6.0.0
7fde42a41000-7fde42a42000 r--p 00004000 08:07 270732                     /usr/lib/x86_64-linux-gnu/libXdmcp.so.6.0.0
7fde42a42000-7fde42a43000 rw-p 00005000 08:07 270732                     /usr/lib/x86_64-linux-gnu/libXdmcp.so.6.0.0
7fde42a43000-7fde42a45000 r-xp 00000000 08:07 270721                     /usr/lib/x86_64-linux-gnu/libXau.so.6.0.0
7fde42a45000-7fde42c45000 ---p 00002000 08:07 270721                     /usr/lib/x86_64-linux-gnu/libXau.so.6.0.0
7fde42c45000-7fde42c46000 r--p 00002000 08:07 270721                     /usr/lib/x86_64-linux-gnu/libXau.so.6.0.0
7fde42c46000-7fde42c47000 rw-p 00003000 08:07 270721                     /usr/lib/x86_64-linux-gnu/libXau.so.6.0.0
7fde42c47000-7fde42c68000 r-xp 00000000 08:07 272099                     /usr/lib/x86_64-linux-gnu/libxcb.so.1.1.0
7fde42c68000-7fde42e67000 ---p 00021000 08:07 272099                     /usr/lib/x86_64-linux-gnu/libxcb.so.1.1.0
7fde42e67000-7fde42e68000 r--p 00020000 08:07 272099                     /usr/lib/x86_64-linux-gnu/libxcb.so.1.1.0
7fde42e68000-7fde42e69000 rw-p 00021000 08:07 272099                     /usr/lib/x86_64-linux-gnu/libxcb.so.1.1.0
7fde42e69000-7fde42e78000 r-xp 00000000 08:07 270742                     /usr/lib/x86_64-linux-gnu/libXi.so.6.1.0
7fde42e78000-7fde43077000 ---p 0000f000 08:07 270742                     /usr/lib/x86_64-linux-gnu/libXi.so.6.1.0
7fde43077000-7fde43078000 r--p 0000e000 08:07 270742                     /usr/lib/x86_64-linux-gnu/libXi.so.6.1.0
7fde43078000-7fde43079000 rw-p 0000f000 08:07 270742                     /usr/lib/x86_64-linux-gnu/libXi.so.6.1.0
7fde43079000-7fde4307e000 r-xp 00000000 08:07 270760                     /usr/lib/x86_64-linux-gnu/libXtst.so.6.1.0
7fde4307e000-7fde4327d000 ---p 00005000 08:07 270760                     /usr/lib/x86_64-linux-gnu/libXtst.so.6.1.0
7fde4327d000-7fde4327e000 r--p 00004000 08:07 270760                     /usr/lib/x86_64-linux-gnu/libXtst.so.6.1.0
7fde4327e000-7fde4327f000 rw-p 00005000 08:07 270760                     /usr/lib/x86_64-linux-gnu/libXtst.so.6.1.0
7fde4327f000-7fde43288000 r-xp 00000000 08:07 270754                     /usr/lib/x86_64-linux-gnu/libXrender.so.1.3.0
7fde43288000-7fde43487000 ---p 00009000 08:07 270754                     /usr/lib/x86_64-linux-gnu/libXrender.so.1.3.0
7fde43487000-7fde43488000 r--p 00008000 08:07 270754                     /usr/lib/x86_64-linux-gnu/libXrender.so.1.3.0
7fde43488000-7fde43489000 rw-p 00009000 08:07 270754                     /usr/lib/x86_64-linux-gnu/libXrender.so.1.3.0
7fde43489000-7fde435be000 r-xp 00000000 08:07 270717                     /usr/lib/x86_64-linux-gnu/libX11.so.6.3.0
7fde435be000-7fde437be000 ---p 00135000 08:07 270717                     /usr/lib/x86_64-linux-gnu/libX11.so.6.3.0
7fde437be000-7fde437bf000 r--p 00135000 08:07 270717                     /usr/lib/x86_64-linux-gnu/libX11.so.6.3.0
7fde437bf000-7fde437c3000 rw-p 00136000 08:07 270717                     /usr/lib/x86_64-linux-gnu/libX11.so.6.3.0
7fde437c3000-7fde437d4000 r-xp 00000000 08:07 270734                     /usr/lib/x86_64-linux-gnu/libXext.so.6.4.0
7fde437d4000-7fde439d3000 ---p 00011000 08:07 270734                     /usr/lib/x86_64-linux-gnu/libXext.so.6.4.0
7fde439d3000-7fde439d4000 r--p 00010000 08:07 270734                     /usr/lib/x86_64-linux-gnu/libXext.so.6.4.0
7fde439d4000-7fde439d5000 rw-p 00011000 08:07 270734                     /usr/lib/x86_64-linux-gnu/libXext.so.6.4.0
7fde439d5000-7fde43a29000 r-xp 00000000 08:07 1189535                    /usr/lib/jvm/java-8-openjdk-amd64/jre/lib/amd64/libawt_xawt.so
7fde43a29000-7fde43c29000 ---p 00054000 08:07 1189535                    /usr/lib/jvm/java-8-openjdk-amd64/jre/lib/amd64/libawt_xawt.so
7fde43c29000-7fde43c2a000 r--p 00054000 08:07 1189535                    /usr/lib/jvm/java-8-openjdk-amd64/jre/lib/amd64/libawt_xawt.so
7fde43c2a000-7fde43c2d000 rw-p 00055000 08:07 1189535                    /usr/lib/jvm/java-8-openjdk-amd64/jre/lib/amd64/libawt_xawt.so
7fde43c2d000-7fde43c2e000 rw-p 00000000 00:00 0 
7fde43c2e000-7fde43cce000 r-xp 00000000 08:07 1189542                    /usr/lib/jvm/java-8-openjdk-amd64/jre/lib/amd64/libawt.so
7fde43cce000-7fde43ece000 ---p 000a0000 08:07 1189542                    /usr/lib/jvm/java-8-openjdk-amd64/jre/lib/amd64/libawt.so
7fde43ece000-7fde43ecf000 r--p 000a0000 08:07 1189542                    /usr/lib/jvm/java-8-openjdk-amd64/jre/lib/amd64/libawt.so
7fde43ecf000-7fde43eda000 rw-p 000a1000 08:07 1189542                    /usr/lib/jvm/java-8-openjdk-amd64/jre/lib/amd64/libawt.so
7fde43eda000-7fde43eff000 rw-p 00000000 00:00 0 
7fde43eff000-7fde43f00000 ---p 00000000 00:00 0 
7fde43f00000-7fde44000000 rw-p 00000000 00:00 0 
7fde44000000-7fde44021000 rw-p 00000000 00:00 0 
7fde44021000-7fde48000000 ---p 00000000 00:00 0 
7fde48000000-7fde48001000 r--s 00000000 08:07 4328592                    /var/cache/fontconfig/b9d506c9ac06c20b433354fa67a72993-le64.cache-6
7fde48001000-7fde48002000 r--s 00000000 08:07 4328538                    /var/cache/fontconfig/551ecf3b0e8b0bca0f25c0944f561853-le64.cache-6
7fde48002000-7fde4800d000 r--s 00000000 08:07 4328312                    /var/cache/fontconfig/83bf95040141907cd45bb53cf7c1c148-le64.cache-6
7fde4800d000-7fde48010000 r--s 00000000 08:07 4327580                    /var/cache/fontconfig/e13b20fdb08344e0e664864cc2ede53d-le64.cache-6
7fde48010000-7fde48018000 rw-s 00000000 00:05 81282                      /drm mm object (deleted)
7fde48018000-7fde48020000 rw-s 00000000 00:05 80510                      /drm mm object (deleted)
7fde48020000-7fde48028000 rw-s 00000000 00:05 80509                      /drm mm object (deleted)
7fde48028000-7fde48030000 rw-s 00000000 00:05 79798                      /drm mm object (deleted)
7fde48030000-7fde48038000 rw-s 00000000 00:05 79768                      /drm mm object (deleted)
7fde48038000-7fde48056000 r-xp 00000000 08:07 4461119                    /lib/x86_64-linux-gnu/libudev.so.1.6.4
7fde48056000-7fde48057000 r--p 0001d000 08:07 4461119                    /lib/x86_64-linux-gnu/libudev.so.1.6.4
7fde48057000-7fde48058000 rw-p 0001e000 08:07 4461119                    /lib/x86_64-linux-gnu/libudev.so.1.6.4
7fde48058000-7fde4805b000 ---p 00000000 00:00 0 
7fde4805b000-7fde48159000 rw-p 00000000 00:00 0 
7fde48159000-7fde4815c000 ---p 00000000 00:00 0 
7fde4815c000-7fde4825a000 rw-p 00000000 00:00 0 
7fde4825a000-7fde4825d000 ---p 00000000 00:00 0 
7fde4825d000-7fde4835b000 rw-p 00000000 00:00 0 
7fde4835b000-7fde4835e000 ---p 00000000 00:00 0 
7fde4835e000-7fde4845c000 rw-p 00000000 00:00 0 
7fde4845c000-7fde4845f000 ---p 00000000 00:00 0 
7fde4845f000-7fde4855d000 rw-p 00000000 00:00 0 
7fde4855d000-7fde48836000 r--p 00000000 08:07 263060                     /usr/lib/locale/locale-archive
7fde48836000-7fde48839000 ---p 00000000 00:00 0 
7fde48839000-7fde48937000 rw-p 00000000 00:00 0 
7fde48937000-7fde4893a000 ---p 00000000 00:00 0 
7fde4893a000-7fde48a38000 rw-p 00000000 00:00 0 
7fde48a38000-7fde48a39000 ---p 00000000 00:00 0 
7fde48a39000-7fde4c000000 rw-p 00000000 00:00 0 
7fde4c000000-7fde4c021000 rw-p 00000000 00:00 0 
7fde4c021000-7fde50000000 ---p 00000000 00:00 0 
7fde50000000-7fde50001000 r--s 00000000 08:07 4328474                    /var/cache/fontconfig/30829fa25452a46451e813d634d7f916-le64.cache-6
7fde50001000-7fde50002000 r--s 00000000 08:07 4328446                    /var/cache/fontconfig/0c9eb80ebd1c36541ebe2852d3bb0c49-le64.cache-6
7fde50002000-7fde50006000 r--s 00000000 08:07 4325487                    /var/cache/fontconfig/7ef2298fde41cc6eeb7af42e48b7d293-le64.cache-6
7fde50006000-7fde50007000 rw-s 101488000 00:06 231                       /dev/dri/card0
7fde50007000-7fde50008000 rwxp 00000000 00:00 0 
7fde50008000-7fde50010000 rw-s 00000000 00:05 80481                      /drm mm object (deleted)
7fde50010000-7fde50018000 rw-s 00000000 00:05 79760                      /drm mm object (deleted)
7fde50018000-7fde50019000 rw-s 00000000 00:05 79757                      /drm mm object (deleted)
7fde50019000-7fde5001a000 rw-s 101487000 00:06 231                       /dev/dri/card0
7fde5001a000-7fde50022000 rw-s 00000000 00:05 79755                      /drm mm object (deleted)
7fde50022000-7fde50025000 ---p 00000000 00:00 0 
7fde50025000-7fde5005b000 rw-p 00000000 00:00 0 
7fde5005b000-7fde5005c000 r--p 00000000 00:00 0 
7fde5005c000-7fde50060000 r--s 00097000 08:07 1189558                    /usr/lib/jvm/java-8-openjdk-amd64/jre/lib/jsse.jar
7fde50060000-7fde50073000 r--s 00346000 08:07 1189547                    /usr/lib/jvm/java-8-openjdk-amd64/jre/lib/resources.jar
7fde50073000-7fde50074000 r--s 0002d000 08:06 11414                      /media/mohanad-elmaghrby/E2FA16E6FA16B6AF/Desktop/UCSDUnfoldingMaps/lib/jogl-all-natives-windows-i586.jar
7fde50074000-7fde50076000 r--s 00034000 08:06 11413                      /media/mohanad-elmaghrby/E2FA16E6FA16B6AF/Desktop/UCSDUnfoldingMaps/lib/jogl-all-natives-windows-amd64.jar
7fde50076000-7fde50077000 r--s 00064000 08:06 11412                      /media/mohanad-elmaghrby/E2FA16E6FA16B6AF/Desktop/UCSDUnfoldingMaps/lib/jogl-all-natives-macosx-universal.jar
7fde50077000-7fde50078000 r--s 0002d000 08:06 11411                      /media/mohanad-elmaghrby/E2FA16E6FA16B6AF/Desktop/UCSDUnfoldingMaps/lib/jogl-all-natives-linux-i586.jar
7fde50078000-7fde50079000 r--s 00023000 08:06 11410                      /media/mohanad-elmaghrby/E2FA16E6FA16B6AF/Desktop/UCSDUnfoldingMaps/lib/jogl-all-natives-linux-armv6hf.jar
7fde50079000-7fde5007a000 r--s 0002f000 08:06 11409                      /media/mohanad-elmaghrby/E2FA16E6FA16B6AF/Desktop/UCSDUnfoldingMaps/lib/jogl-all-natives-linux-amd64.jar
7fde5007a000-7fde5007b000 r--s 00001000 08:06 11407                      /media/mohanad-elmaghrby/E2FA16E6FA16B6AF/Desktop/UCSDUnfoldingMaps/lib/gluegen-rt-natives-windows-i586.jar
7fde5007b000-7fde5007c000 r--s 00001000 08:06 11406                      /media/mohanad-elmaghrby/E2FA16E6FA16B6AF/Desktop/UCSDUnfoldingMaps/lib/gluegen-rt-natives-windows-amd64.jar
7fde5007c000-7fde5007d000 r--s 00001000 08:06 11405                      /media/mohanad-elmaghrby/E2FA16E6FA16B6AF/Desktop/UCSDUnfoldingMaps/lib/gluegen-rt-natives-macosx-universal.jar
7fde5007d000-7fde5007f000 r--s 00000000 08:06 11404                      /media/mohanad-elmaghrby/E2FA16E6FA16B6AF/Desktop/UCSDUnfoldingMaps/lib/gluegen-rt-natives-linux-i586.jar
7fde5007f000-7fde500a2000 r--s 002ec000 08:06 11415                      /media/mohanad-elmaghrby/E2FA16E6FA16B6AF/Desktop/UCSDUnfoldingMaps/lib/jogl-all.jar
7fde500a2000-7fde500bd000 r--s 001d5000 08:07 1468165                    /usr/lib/jvm/java-8-openjdk-amd64/jre/lib/ext/nashorn.jar
7fde500bd000-7fde500d8000 r--s 00394000 08:07 1468164                    /usr/lib/jvm/java-8-openjdk-amd64/jre/lib/ext/cldrdata.jar
7fde500d8000-7fde51000000 rw-p 00000000 00:00 0 
7fde51000000-7fde51780000 rwxp 00000000 00:00 0 
7fde51780000-7fde60000000 ---p 00000000 00:00 0 
7fde60000000-7fde60396000 rw-p 00000000 00:00 0 
7fde60396000-7fde64000000 ---p 00000000 00:00 0 
7fde64000000-7fde64001000 r--s 00000000 08:06 11403                      /media/mohanad-elmaghrby/E2FA16E6FA16B6AF/Desktop/UCSDUnfoldingMaps/lib/gluegen-rt-natives-linux-armv6hf.jar
7fde64001000-7fde64007000 r--s 00033000 08:06 11420                      /media/mohanad-elmaghrby/E2FA16E6FA16B6AF/Desktop/UCSDUnfoldingMaps/lib/unfolding.0.9.7-uscd.jar
7fde64007000-7fde6400c000 r--s 00309000 08:06 11419                      /media/mohanad-elmaghrby/E2FA16E6FA16B6AF/Desktop/UCSDUnfoldingMaps/lib/sqlite-jdbc-3.7.2.jar
7fde6400c000-7fde64013000 r--s 00059000 08:06 11418                      /media/mohanad-elmaghrby/E2FA16E6FA16B6AF/Desktop/UCSDUnfoldingMaps/lib/log4j-1.2.15.jar
7fde64013000-7fde641c4000 rw-p 00000000 00:00 0 
7fde641c4000-7fde64392000 r--s 03bf1000 08:07 1189550                    /usr/lib/jvm/java-8-openjdk-amd64/jre/lib/rt.jar
7fde64392000-7fde646e4000 rw-p 00000000 00:00 0 
7fde646e4000-7fde646e5000 ---p 00000000 00:00 0 
7fde646e5000-7fde647e5000 rw-p 00000000 00:00 0 
7fde647e5000-7fde647e6000 ---p 00000000 00:00 0 
7fde647e6000-7fde648e6000 rw-p 00000000 00:00 0 
7fde648e6000-7fde648e7000 ---p 00000000 00:00 0 
7fde648e7000-7fde649e7000 rw-p 00000000 00:00 0 
7fde649e7000-7fde649e8000 ---p 00000000 00:00 0 
7fde649e8000-7fde64b09000 rw-p 00000000 00:00 0 
7fde64b09000-7fde64cd0000 ---p 00000000 00:00 0 
7fde64cd0000-7fde64cf1000 rw-p 00000000 00:00 0 
7fde64cf1000-7fde64eb8000 ---p 00000000 00:00 0 
7fde64eb8000-7fde64ef5000 rw-p 00000000 00:00 0 
7fde64ef5000-7fde64fac000 ---p 00000000 00:00 0 
7fde64fac000-7fde64fcb000 rw-p 00000000 00:00 0 
7fde64fcb000-7fde6536d000 ---p 00000000 00:00 0 
7fde6536d000-7fde65375000 r-xp 00000000 08:07 1189524                    /usr/lib/jvm/java-8-openjdk-amd64/jre/lib/amd64/libzip.so
7fde65375000-7fde65574000 ---p 00008000 08:07 1189524                    /usr/lib/jvm/java-8-openjdk-amd64/jre/lib/amd64/libzip.so
7fde65574000-7fde65575000 r--p 00007000 08:07 1189524                    /usr/lib/jvm/java-8-openjdk-amd64/jre/lib/amd64/libzip.so
7fde65575000-7fde65576000 rw-p 00008000 08:07 1189524                    /usr/lib/jvm/java-8-openjdk-amd64/jre/lib/amd64/libzip.so
7fde65576000-7fde65581000 r-xp 00000000 08:07 4456535                    /lib/x86_64-linux-gnu/libnss_files-2.23.so
7fde65581000-7fde65780000 ---p 0000b000 08:07 4456535                    /lib/x86_64-linux-gnu/libnss_files-2.23.so
7fde65780000-7fde65781000 r--p 0000a000 08:07 4456535                    /lib/x86_64-linux-gnu/libnss_files-2.23.so
7fde65781000-7fde65782000 rw-p 0000b000 08:07 4456535                    /lib/x86_64-linux-gnu/libnss_files-2.23.so
7fde65782000-7fde65788000 rw-p 00000000 00:00 0 
7fde65788000-7fde65793000 r-xp 00000000 08:07 4456532                    /lib/x86_64-linux-gnu/libnss_nis-2.23.so
7fde65793000-7fde65992000 ---p 0000b000 08:07 4456532                    /lib/x86_64-linux-gnu/libnss_nis-2.23.so
7fde65992000-7fde65993000 r--p 0000a000 08:07 4456532                    /lib/x86_64-linux-gnu/libnss_nis-2.23.so
7fde65993000-7fde65994000 rw-p 0000b000 08:07 4456532                    /lib/x86_64-linux-gnu/libnss_nis-2.23.so
7fde65994000-7fde659aa000 r-xp 00000000 08:07 4456473                    /lib/x86_64-linux-gnu/libnsl-2.23.so
7fde659aa000-7fde65ba9000 ---p 00016000 08:07 4456473                    /lib/x86_64-linux-gnu/libnsl-2.23.so
7fde65ba9000-7fde65baa000 r--p 00015000 08:07 4456473                    /lib/x86_64-linux-gnu/libnsl-2.23.so
7fde65baa000-7fde65bab000 rw-p 00016000 08:07 4456473                    /lib/x86_64-linux-gnu/libnsl-2.23.so
7fde65bab000-7fde65bad000 rw-p 00000000 00:00 0 
7fde65bad000-7fde65bb5000 r-xp 00000000 08:07 4456462                    /lib/x86_64-linux-gnu/libnss_compat-2.23.so
7fde65bb5000-7fde65db4000 ---p 00008000 08:07 4456462                    /lib/x86_64-linux-gnu/libnss_compat-2.23.so
7fde65db4000-7fde65db5000 r--p 00007000 08:07 4456462                    /lib/x86_64-linux-gnu/libnss_compat-2.23.so
7fde65db5000-7fde65db6000 rw-p 00008000 08:07 4456462                    /lib/x86_64-linux-gnu/libnss_compat-2.23.so
7fde65db6000-7fde65de3000 r-xp 00000000 08:07 1189519                    /usr/lib/jvm/java-8-openjdk-amd64/jre/lib/amd64/libjava.so
7fde65de3000-7fde65fe2000 ---p 0002d000 08:07 1189519                    /usr/lib/jvm/java-8-openjdk-amd64/jre/lib/amd64/libjava.so
7fde65fe2000-7fde65fe3000 r--p 0002c000 08:07 1189519                    /usr/lib/jvm/java-8-openjdk-amd64/jre/lib/amd64/libjava.so
7fde65fe3000-7fde65fe5000 rw-p 0002d000 08:07 1189519                    /usr/lib/jvm/java-8-openjdk-amd64/jre/lib/amd64/libjava.so
7fde65fe5000-7fde65ff4000 r-xp 00000000 08:07 1189522                    /usr/lib/jvm/java-8-openjdk-amd64/jre/lib/amd64/libverify.so
7fde65ff4000-7fde661f3000 ---p 0000f000 08:07 1189522                    /usr/lib/jvm/java-8-openjdk-amd64/jre/lib/amd64/libverify.so
7fde661f3000-7fde661f5000 r--p 0000e000 08:07 1189522                    /usr/lib/jvm/java-8-openjdk-amd64/jre/lib/amd64/libverify.so
7fde661f5000-7fde661f6000 rw-p 00010000 08:07 1189522                    /usr/lib/jvm/java-8-openjdk-amd64/jre/lib/amd64/libverify.so
7fde661f6000-7fde661fd000 r-xp 00000000 08:07 4456544                    /lib/x86_64-linux-gnu/librt-2.23.so
7fde661fd000-7fde663fc000 ---p 00007000 08:07 4456544                    /lib/x86_64-linux-gnu/librt-2.23.so
7fde663fc000-7fde663fd000 r--p 00006000 08:07 4456544                    /lib/x86_64-linux-gnu/librt-2.23.so
7fde663fd000-7fde663fe000 rw-p 00007000 08:07 4456544                    /lib/x86_64-linux-gnu/librt-2.23.so
7fde663fe000-7fde66414000 r-xp 00000000 08:07 4461252                    /lib/x86_64-linux-gnu/libgcc_s.so.1
7fde66414000-7fde66613000 ---p 00016000 08:07 4461252                    /lib/x86_64-linux-gnu/libgcc_s.so.1
7fde66613000-7fde66614000 rw-p 00015000 08:07 4461252                    /lib/x86_64-linux-gnu/libgcc_s.so.1
7fde66614000-7fde6671c000 r-xp 00000000 08:07 4456541                    /lib/x86_64-linux-gnu/libm-2.23.so
7fde6671c000-7fde6691b000 ---p 00108000 08:07 4456541                    /lib/x86_64-linux-gnu/libm-2.23.so
7fde6691b000-7fde6691c000 r--p 00107000 08:07 4456541                    /lib/x86_64-linux-gnu/libm-2.23.so
7fde6691c000-7fde6691d000 rw-p 00108000 08:07 4456541                    /lib/x86_64-linux-gnu/libm-2.23.so
7fde6691d000-7fde66a8f000 r-xp 00000000 08:07 264189                     /usr/lib/x86_64-linux-gnu/libstdc++.so.6.0.21
7fde66a8f000-7fde66c8f000 ---p 00172000 08:07 264189                     /usr/lib/x86_64-linux-gnu/libstdc++.so.6.0.21
7fde66c8f000-7fde66c99000 r--p 00172000 08:07 264189                     /usr/lib/x86_64-linux-gnu/libstdc++.so.6.0.21
7fde66c99000-7fde66c9b000 rw-p 0017c000 08:07 264189                     /usr/lib/x86_64-linux-gnu/libstdc++.so.6.0.21
7fde66c9b000-7fde66c9f000 rw-p 00000000 00:00 0 
7fde66c9f000-7fde678ee000 r-xp 00000000 08:07 1340087                    /usr/lib/jvm/java-8-openjdk-amd64/jre/lib/amd64/server/libjvm.so
7fde678ee000-7fde67aed000 ---p 00c4f000 08:07 1340087                    /usr/lib/jvm/java-8-openjdk-amd64/jre/lib/amd64/server/libjvm.so
7fde67aed000-7fde67b80000 r--p 00c4e000 08:07 1340087                    /usr/lib/jvm/java-8-openjdk-amd64/jre/lib/amd64/server/libjvm.so
7fde67b80000-7fde67ba9000 rw-p 00ce1000 08:07 1340087                    /usr/lib/jvm/java-8-openjdk-amd64/jre/lib/amd64/server/libjvm.so
7fde67ba9000-7fde67bd9000 rw-p 00000000 00:00 0 
7fde67bd9000-7fde67bf1000 r-xp 00000000 08:07 4461231                    /lib/x86_64-linux-gnu/libpthread-2.23.so
7fde67bf1000-7fde67df0000 ---p 00018000 08:07 4461231                    /lib/x86_64-linux-gnu/libpthread-2.23.so
7fde67df0000-7fde67df1000 r--p 00017000 08:07 4461231                    /lib/x86_64-linux-gnu/libpthread-2.23.so
7fde67df1000-7fde67df2000 rw-p 00018000 08:07 4461231                    /lib/x86_64-linux-gnu/libpthread-2.23.so
7fde67df2000-7fde67df6000 rw-p 00000000 00:00 0 
7fde67df6000-7fde67df9000 r-xp 00000000 08:07 4461233                    /lib/x86_64-linux-gnu/libdl-2.23.so
7fde67df9000-7fde67ff8000 ---p 00003000 08:07 4461233                    /lib/x86_64-linux-gnu/libdl-2.23.so
7fde67ff8000-7fde67ff9000 r--p 00002000 08:07 4461233                    /lib/x86_64-linux-gnu/libdl-2.23.so
7fde67ff9000-7fde67ffa000 rw-p 00003000 08:07 4461233                    /lib/x86_64-linux-gnu/libdl-2.23.so
7fde67ffa000-7fde68013000 r-xp 00000000 08:07 4461405                    /lib/x86_64-linux-gnu/libz.so.1.2.8
7fde68013000-7fde68212000 ---p 00019000 08:07 4461405                    /lib/x86_64-linux-gnu/libz.so.1.2.8
7fde68212000-7fde68213000 r--p 00018000 08:07 4461405                    /lib/x86_64-linux-gnu/libz.so.1.2.8
7fde68213000-7fde68214000 rw-p 00019000 08:07 4461405                    /lib/x86_64-linux-gnu/libz.so.1.2.8
7fde68214000-7fde683d3000 r-xp 00000000 08:07 4461232                    /lib/x86_64-linux-gnu/libc-2.23.so
7fde683d3000-7fde685d3000 ---p 001bf000 08:07 4461232                    /lib/x86_64-linux-gnu/libc-2.23.so
7fde685d3000-7fde685d7000 r--p 001bf000 08:07 4461232                    /lib/x86_64-linux-gnu/libc-2.23.so
7fde685d7000-7fde685d9000 rw-p 001c3000 08:07 4461232                    /lib/x86_64-linux-gnu/libc-2.23.so
7fde685d9000-7fde685dd000 rw-p 00000000 00:00 0 
7fde685dd000-7fde685ea000 r-xp 00000000 08:07 1340083                    /usr/lib/jvm/java-8-openjdk-amd64/jre/lib/amd64/jli/libjli.so
7fde685ea000-7fde687ea000 ---p 0000d000 08:07 1340083                    /usr/lib/jvm/java-8-openjdk-amd64/jre/lib/amd64/jli/libjli.so
7fde687ea000-7fde687eb000 r--p 0000d000 08:07 1340083                    /usr/lib/jvm/java-8-openjdk-amd64/jre/lib/amd64/jli/libjli.so
7fde687eb000-7fde687ec000 rw-p 0000e000 08:07 1340083                    /usr/lib/jvm/java-8-openjdk-amd64/jre/lib/amd64/jli/libjli.so
7fde687ec000-7fde68812000 r-xp 00000000 08:07 4456545                    /lib/x86_64-linux-gnu/ld-2.23.so
7fde68812000-7fde68814000 r--s 00000000 08:06 11402                      /media/mohanad-elmaghrby/E2FA16E6FA16B6AF/Desktop/UCSDUnfoldingMaps/lib/gluegen-rt-natives-linux-amd64.jar
7fde68814000-7fde68815000 r--s 00005000 08:06 11417                      /media/mohanad-elmaghrby/E2FA16E6FA16B6AF/Desktop/UCSDUnfoldingMaps/lib/libTUIO.jar
7fde68815000-7fde68816000 r--s 00007000 08:06 11416                      /media/mohanad-elmaghrby/E2FA16E6FA16B6AF/Desktop/UCSDUnfoldingMaps/lib/json4processing.jar
7fde68816000-7fde6881c000 r--s 00041000 08:06 11408                      /media/mohanad-elmaghrby/E2FA16E6FA16B6AF/Desktop/UCSDUnfoldingMaps/lib/gluegen-rt.jar
7fde6881c000-7fde68820000 r--s 0009a000 08:06 11401                      /media/mohanad-elmaghrby/E2FA16E6FA16B6AF/Desktop/UCSDUnfoldingMaps/lib/core.jar
7fde68820000-7fde68821000 r--s 0000a000 08:07 1468168                    /usr/lib/jvm/java-8-openjdk-amd64/jre/lib/ext/jaccess.jar
7fde68821000-7fde6882b000 r--s 00116000 08:07 1468170                    /usr/lib/jvm/java-8-openjdk-amd64/jre/lib/ext/localedata.jar
7fde6882b000-7fde68830000 r--s 0003b000 08:07 1468166                    /usr/lib/jvm/java-8-openjdk-amd64/jre/lib/ext/sunjce_provider.jar
7fde68830000-7fde688f1000 rw-p 00000000 00:00 0 
7fde688f1000-7fde688f4000 ---p 00000000 00:00 0 
7fde688f4000-7fde689f7000 rw-p 00000000 00:00 0 
7fde689f7000-7fde689fa000 r--s 0000f000 08:07 1468172                    /usr/lib/jvm/java-8-openjdk-amd64/jre/lib/ext/icedtea-sound.jar
7fde689fa000-7fde689fe000 r--s 00037000 08:07 1468167                    /usr/lib/jvm/java-8-openjdk-amd64/jre/lib/ext/sunpkcs11.jar
7fde689fe000-7fde689ff000 r--s 00010000 08:07 1468171                    /usr/lib/jvm/java-8-openjdk-amd64/jre/lib/ext/zipfs.jar
7fde689ff000-7fde68a01000 r--s 00001000 08:07 1468173                    /usr/lib/jvm/java-8-openjdk-amd64/jre/lib/ext/dnsns.jar
7fde68a01000-7fde68a03000 r--s 00008000 08:07 1468169                    /usr/lib/jvm/java-8-openjdk-amd64/jre/lib/ext/sunec.jar
7fde68a03000-7fde68a05000 r--s 00007000 08:07 2755554                    /home/mohanad-elmaghrby/jdk1.8.0_65/jre/lib/jfxswt.jar
7fde68a05000-7fde68a0d000 rw-s 00000000 08:07 1718013                    /tmp/hsperfdata_mohanad-elmaghrby/5611
7fde68a0d000-7fde68a0e000 rw-p 00000000 00:00 0 
7fde68a0e000-7fde68a0f000 r--p 00000000 00:00 0 
7fde68a0f000-7fde68a11000 rw-p 00000000 00:00 0 
7fde68a11000-7fde68a12000 r--p 00025000 08:07 4456545                    /lib/x86_64-linux-gnu/ld-2.23.so
7fde68a12000-7fde68a13000 rw-p 00026000 08:07 4456545                    /lib/x86_64-linux-gnu/ld-2.23.so
7fde68a13000-7fde68a14000 rw-p 00000000 00:00 0 
7fffaab2a000-7fffaab4c000 rw-p 00000000 00:00 0                          [stack]
7fffaab56000-7fffaab58000 r--p 00000000 00:00 0                          [vvar]
7fffaab58000-7fffaab5a000 r-xp 00000000 00:00 0                          [vdso]
ffffffffff600000-ffffffffff601000 r-xp 00000000 00:00 0                  [vsyscall]

VM Arguments:
jvm_args: -Djava.security.policy=java.policy.applet -Dfile.encoding=UTF-8 -Xbootclasspath:/usr/lib/jvm/java-8-openjdk-amd64/jre/lib/resources.jar:/usr/lib/jvm/java-8-openjdk-amd64/jre/lib/rt.jar:/usr/lib/jvm/java-8-openjdk-amd64/jre/lib/jsse.jar:/usr/lib/jvm/java-8-openjdk-amd64/jre/lib/jce.jar:/usr/lib/jvm/java-8-openjdk-amd64/jre/lib/charsets.jar:/home/mohanad-elmaghrby/jdk1.8.0_65/jre/lib/jfxswt.jar 
java_command: sun.applet.AppletViewer airport.AirportMap1480613534211.html
java_class_path (initial): /media/mohanad-elmaghrby/E2FA16E6FA16B6AF/doc/workspace/MOHa/Airports/bin:/media/mohanad-elmaghrby/E2FA16E6FA16B6AF/Desktop/UCSDUnfoldingMaps/build:/media/mohanad-elmaghrby/E2FA16E6FA16B6AF/Desktop/UCSDUnfoldingMaps/lib/core.jar:/media/mohanad-elmaghrby/E2FA16E6FA16B6AF/Desktop/UCSDUnfoldingMaps/lib/gluegen-rt.jar:/media/mohanad-elmaghrby/E2FA16E6FA16B6AF/Desktop/UCSDUnfoldingMaps/lib/jogl-all.jar:/media/mohanad-elmaghrby/E2FA16E6FA16B6AF/Desktop/UCSDUnfoldingMaps/lib/log4j-1.2.15.jar:/media/mohanad-elmaghrby/E2FA16E6FA16B6AF/Desktop/UCSDUnfoldingMaps/lib/sqlite-jdbc-3.7.2.jar:/media/mohanad-elmaghrby/E2FA16E6FA16B6AF/Desktop/UCSDUnfoldingMaps/lib/json4processing.jar:/media/mohanad-elmaghrby/E2FA16E6FA16B6AF/Desktop/UCSDUnfoldingMaps/lib/libTUIO.jar:/media/mohanad-elmaghrby/E2FA16E6FA16B6AF/Desktop/UCSDUnfoldingMaps/lib/unfolding.0.9.7-uscd.jar:/media/mohanad-elmaghrby/E2FA16E6FA16B6AF/Desktop/UCSDUnfoldingMaps/lib/gluegen-rt-natives-linux-amd64.jar:/media/mohanad-elmaghrby/E2FA16E6FA16B6AF/Desktop/UCSDUnfoldingMaps/lib/gluegen-rt-natives-linux-armv6hf.jar:/media/mohanad-elmaghrby/E2FA16E6FA16B6AF/Desktop/UCSDUnfoldingMaps/lib/gluegen-rt-natives-linux-i586.jar:/media/mohanad-elmaghrby/E2FA16E6FA16B6AF/Desktop/UCSDUnfoldingMaps/lib/gluegen-rt-natives-macosx-universal.jar:/media/mohanad-elmaghrby/E2FA16E6FA16B6AF/Desktop/UCSDUnfoldingMaps/lib/gluegen-rt-natives-windows-amd64.jar:/media/mohanad-elmaghrby/E2FA16E6FA16B6AF/Desktop/UCSDUnfoldingMaps/lib/gluegen-rt-natives-windows-i586.jar:/media/mohanad-elmaghrby/E2FA16E6FA16B6AF/Desktop/UCSDUnfoldingMaps/lib/jogl-all-natives-linux-amd64.jar:/media/mohanad-elmaghrby/E2FA16E6FA16B6AF/Desktop/UCSDUnfoldingMaps/lib/jogl-all-natives-linux-armv6hf.jar:/media/mohanad-elmaghrby/E2FA16E6FA16B6AF/Desktop/UCSDUnfoldingMaps/lib/jogl-all-natives-linux-i586.jar:/media/mohanad-elmaghrby/E2FA16E6FA16B6AF/Desktop/UCSDUnfoldingMaps/lib/jogl-all-natives-macosx-universal.jar:/media/mohanad-elmaghrby/E2FA16E6FA16
Launcher Type: SUN_STANDARD

Environment Variables:
PATH=/home/mohanad-elmaghrby/bin:/home/mohanad-elmaghrby/.local/bin:/usr/local/sbin:/usr/local/bin:/usr/sbin:/usr/bin:/sbin:/bin:/usr/games:/usr/local/games:/snap/bin
SHELL=/bin/bash
DISPLAY=:0

Signal Handlers:
SIGSEGV: [libjvm.so+0xa65880], sa_mask[0]=11111111011111111101111111111110, sa_flags=SA_RESTART|SA_SIGINFO
SIGBUS: [libjvm.so+0xa65880], sa_mask[0]=11111111011111111101111111111110, sa_flags=SA_RESTART|SA_SIGINFO
SIGFPE: [libjvm.so+0x8af1c0], sa_mask[0]=11111111011111111101111111111110, sa_flags=SA_RESTART|SA_SIGINFO
SIGPIPE: [libjvm.so+0x8af1c0], sa_mask[0]=11111111011111111101111111111110, sa_flags=SA_RESTART|SA_SIGINFO
SIGXFSZ: [libjvm.so+0x8af1c0], sa_mask[0]=11111111011111111101111111111110, sa_flags=SA_RESTART|SA_SIGINFO
SIGILL: [libjvm.so+0x8af1c0], sa_mask[0]=11111111011111111101111111111110, sa_flags=SA_RESTART|SA_SIGINFO
SIGUSR1: SIG_DFL, sa_mask[0]=00000000000000000000000000000000, sa_flags=none
SIGUSR2: [libjvm.so+0x8af070], sa_mask[0]=00100000000000000000000000000000, sa_flags=SA_RESTART|SA_SIGINFO
SIGHUP: [libjvm.so+0x8af540], sa_mask[0]=11111111011111111101111111111110, sa_flags=SA_RESTART|SA_SIGINFO
SIGINT: [libjvm.so+0x8af540], sa_mask[0]=11111111011111111101111111111110, sa_flags=SA_RESTART|SA_SIGINFO
SIGTERM: [libjvm.so+0x8af540], sa_mask[0]=11111111011111111101111111111110, sa_flags=SA_RESTART|SA_SIGINFO
SIGQUIT: [libjvm.so+0x8af540], sa_mask[0]=11111111011111111101111111111110, sa_flags=SA_RESTART|SA_SIGINFO


---------------  S Y S T E M  ---------------

OS:DISTRIB_ID=Ubuntu
DISTRIB_RELEASE=16.04
DISTRIB_CODENAME=xenial
DISTRIB_DESCRIPTION="Ubuntu 16.04.1 LTS"

uname:Linux 4.4.0-47-generic #68-Ubuntu SMP Wed Oct 26 19:39:52 UTC 2016 x86_64
libc:glibc 2.23 NPTL 2.23 
rlimit: STACK 8192k, CORE 0k, NPROC 23237, NOFILE 65536, AS infinity
load average:1.11 0.98 0.87

/proc/meminfo:
MemTotal:        5988936 kB
MemFree:         3112856 kB
MemAvailable:    3139264 kB
Buffers:            8332 kB
Cached:           520964 kB
SwapCached:           56 kB
Active:          2337892 kB
Inactive:         334564 kB
Active(anon):    2222776 kB
Inactive(anon):   232100 kB
Active(file):     115116 kB
Inactive(file):   102464 kB
Unevictable:          48 kB
Mlocked:              48 kB
SwapTotal:        358396 kB
SwapFree:         197468 kB
Dirty:              1580 kB
Writeback:             0 kB
AnonPages:       2143272 kB
Mapped:           273040 kB
Shmem:            311716 kB
Slab:              89064 kB
SReclaimable:      50520 kB
SUnreclaim:        38544 kB
KernelStack:       10448 kB
PageTables:        39476 kB
NFS_Unstable:          0 kB
Bounce:                0 kB
WritebackTmp:          0 kB
CommitLimit:     3352864 kB
Committed_AS:    6522436 kB
VmallocTotal:   34359738367 kB
VmallocUsed:           0 kB
VmallocChunk:          0 kB
HardwareCorrupted:     0 kB
AnonHugePages:   1095680 kB
CmaTotal:              0 kB
CmaFree:               0 kB
HugePages_Total:       0
HugePages_Free:        0
HugePages_Rsvd:        0
HugePages_Surp:        0
Hugepagesize:       2048 kB
DirectMap4k:      142848 kB
DirectMap2M:     4978688 kB
DirectMap1G:     1048576 kB


CPU:total 4 (2 cores per cpu, 2 threads per core) family 6 model 60 stepping 3, cmov, cx8, fxsr, mmx, sse, sse2, sse3, ssse3, sse4.1, sse4.2, popcnt, avx, avx2, aes, clmul, erms, lzcnt, ht, tsc, tscinvbit, bmi1, bmi2

/proc/cpuinfo:
processor	: 0
vendor_id	: GenuineIntel
cpu family	: 6
model		: 60
model name	: Intel(R) Core(TM) i5-4200M CPU @ 2.50GHz
stepping	: 3
microcode	: 0x1e
cpu MHz		: 3000.000
cache size	: 3072 KB
physical id	: 0
siblings	: 4
core id		: 0
cpu cores	: 2
apicid		: 0
initial apicid	: 0
fpu		: yes
fpu_exception	: yes
cpuid level	: 13
wp		: yes
flags		: fpu vme de pse tsc msr pae mce cx8 apic sep mtrr pge mca cmov pat pse36 clflush dts acpi mmx fxsr sse sse2 ss ht tm pbe syscall nx pdpe1gb rdtscp lm constant_tsc arch_perfmon pebs bts rep_good nopl xtopology nonstop_tsc aperfmperf eagerfpu pni pclmulqdq dtes64 monitor ds_cpl vmx est tm2 ssse3 sdbg fma cx16 xtpr pdcm pcid sse4_1 sse4_2 movbe popcnt tsc_deadline_timer aes xsave avx f16c rdrand lahf_lm abm epb tpr_shadow vnmi flexpriority ept vpid fsgsbase tsc_adjust bmi1 avx2 smep bmi2 erms invpcid xsaveopt dtherm ida arat pln pts
bugs		:
bogomips	: 4988.60
clflush size	: 64
cache_alignment	: 64
address sizes	: 39 bits physical, 48 bits virtual
power management:

processor	: 1
vendor_id	: GenuineIntel
cpu family	: 6
model		: 60
model name	: Intel(R) Core(TM) i5-4200M CPU @ 2.50GHz
stepping	: 3
microcode	: 0x1e
cpu MHz		: 3000.000
cache size	: 3072 KB
physical id	: 0
siblings	: 4
core id		: 0
cpu cores	: 2
apicid		: 1
initial apicid	: 1
fpu		: yes
fpu_exception	: yes
cpuid level	: 13
wp		: yes
flags		: fpu vme de pse tsc msr pae mce cx8 apic sep mtrr pge mca cmov pat pse36 clflush dts acpi mmx fxsr sse sse2 ss ht tm pbe syscall nx pdpe1gb rdtscp lm constant_tsc arch_perfmon pebs bts rep_good nopl xtopology nonstop_tsc aperfmperf eagerfpu pni pclmulqdq dtes64 monitor ds_cpl vmx est tm2 ssse3 sdbg fma cx16 xtpr pdcm pcid sse4_1 sse4_2 movbe popcnt tsc_deadline_timer aes xsave avx f16c rdrand lahf_lm abm epb tpr_shadow vnmi flexpriority ept vpid fsgsbase tsc_adjust bmi1 avx2 smep bmi2 erms invpcid xsaveopt dtherm ida arat pln pts
bugs		:
bogomips	: 4988.60
clflush size	: 64
cache_alignment	: 64
address sizes	: 39 bits physical, 48 bits virtual
power management:

processor	: 2
vendor_id	: GenuineIntel
cpu family	: 6
model		: 60
model name	: Intel(R) Core(TM) i5-4200M CPU @ 2.50GHz
stepping	: 3
microcode	: 0x1e
cpu MHz		: 3032.031
cache size	: 3072 KB
physical id	: 0
siblings	: 4
core id		: 1
cpu cores	: 2
apicid		: 2
initial apicid	: 2
fpu		: yes
fpu_exception	: yes
cpuid level	: 13
wp		: yes
flags		: fpu vme de pse tsc msr pae mce cx8 apic sep mtrr pge mca cmov pat pse36 clflush dts acpi mmx fxsr sse sse2 ss ht tm pbe syscall nx pdpe1gb rdtscp lm constant_tsc arch_perfmon pebs bts rep_good nopl xtopology nonstop_tsc aperfmperf eagerfpu pni pclmulqdq dtes64 monitor ds_cpl vmx est tm2 ssse3 sdbg fma cx16 xtpr pdcm pcid sse4_1 sse4_2 movbe popcnt tsc_deadline_timer aes xsave avx f16c rdrand lahf_lm abm epb tpr_shadow vnmi flexpriority ept vpid fsgsbase tsc_adjust bmi1 avx2 smep bmi2 erms invpcid xsaveopt dtherm ida arat pln pts
bugs		:
bogomips	: 4988.60
clflush size	: 64
cache_alignment	: 64
address sizes	: 39 bits physical, 48 bits virtual
power management:

processor	: 3
vendor_id	: GenuineIntel
cpu family	: 6
model		: 60
model name	: Intel(R) Core(TM) i5-4200M CPU @ 2.50GHz
stepping	: 3
microcode	: 0x1e
cpu MHz		: 3030.957
cache size	: 3072 KB
physical id	: 0
siblings	: 4
core id		: 1
cpu cores	: 2
apicid		: 3
initial apicid	: 3
fpu		: yes
fpu_exception	: yes
cpuid level	: 13
wp		: yes
flags		: fpu vme de pse tsc msr pae mce cx8 apic sep mtrr pge mca cmov pat pse36 clflush dts acpi mmx fxsr sse sse2 ss ht tm pbe syscall nx pdpe1gb rdtscp lm constant_tsc arch_perfmon pebs bts rep_good nopl xtopology nonstop_tsc aperfmperf eagerfpu pni pclmulqdq dtes64 monitor ds_cpl vmx est tm2 ssse3 sdbg fma cx16 xtpr pdcm pcid sse4_1 sse4_2 movbe popcnt tsc_deadline_timer aes xsave avx f16c rdrand lahf_lm abm epb tpr_shadow vnmi flexpriority ept vpid fsgsbase tsc_adjust bmi1 avx2 smep bmi2 erms invpcid xsaveopt dtherm ida arat pln pts
bugs		:
bogomips	: 4988.60
clflush size	: 64
cache_alignment	: 64
address sizes	: 39 bits physical, 48 bits virtual
power management:



Memory: 4k page, physical 5988936k(3112856k free), swap 358396k(197468k free)

vm_info: OpenJDK 64-Bit Server VM (25.111-b14) for linux-amd64 JRE (1.8.0_111-8u111-b14-2ubuntu0.16.04.2-b14), built on Oct 27 2016 18:10:19 by "buildd" with gcc 5.4.0 20160609

time: Thu Dec  1 19:32:21 2016
elapsed time: 7 seconds (0d 0h 0m 7s)

